SF:lib/src/models/relevance_score.dart
DA:23,6
DA:29,18
DA:34,0
DA:35,0
DA:38,0
DA:41,1
DA:47,1
DA:48,1
DA:49,1
DA:50,1
DA:51,1
DA:56,15
DA:59,1
DA:60,2
DA:61,3
DA:67,1
DA:68,2
DA:69,5
DA:74,1
DA:76,4
DA:79,2
DA:82,1
DA:83,3
DA:84,3
DA:85,3
DA:86,3
DA:89,1
DA:91,5
LF:28
LH:25
end_of_record
SF:lib/src/models/relevance_score.g.dart
DA:9,0
DA:10,0
DA:11,0
DA:12,0
DA:13,0
DA:14,0
DA:17,0
DA:18,0
DA:19,0
DA:20,0
DA:21,0
DA:22,0
LF:12
LH:0
end_of_record
SF:lib/src/ragify.dart
DA:67,1
DA:68,1
DA:69,1
DA:70,1
DA:74,1
DA:76,2
DA:77,1
DA:78,1
DA:83,2
DA:84,1
DA:86,3
DA:87,2
DA:88,2
DA:89,2
DA:94,2
DA:97,2
DA:100,2
DA:101,2
DA:105,2
DA:106,1
DA:107,1
DA:111,2
DA:112,1
DA:113,1
DA:118,0
DA:119,0
DA:120,0
DA:125,0
DA:126,0
DA:129,0
DA:133,0
DA:136,0
DA:139,0
DA:140,0
DA:143,0
DA:145,0
DA:146,0
DA:147,0
DA:151,0
DA:153,0
DA:159,0
DA:160,0
DA:161,0
DA:164,0
DA:167,0
DA:168,0
DA:171,0
DA:176,0
DA:179,0
DA:180,0
DA:181,0
DA:182,0
DA:183,0
DA:184,0
DA:188,0
DA:193,1
DA:194,1
DA:195,1
DA:196,1
DA:197,1
DA:198,1
DA:199,1
DA:200,1
DA:201,1
DA:204,1
DA:207,1
DA:208,1
DA:211,1
DA:219,1
DA:220,1
DA:224,1
DA:225,1
DA:226,0
DA:232,1
DA:233,0
DA:239,1
DA:240,1
DA:247,0
DA:257,1
DA:258,2
DA:259,4
DA:263,1
DA:264,2
DA:265,3
DA:269,0
DA:284,0
DA:285,0
DA:288,0
DA:289,0
DA:293,0
DA:295,0
DA:296,0
DA:299,0
DA:304,0
DA:305,0
DA:311,0
DA:313,0
DA:314,0
DA:315,0
DA:317,0
DA:325,0
DA:339,0
DA:341,0
DA:347,0
DA:349,0
DA:350,0
DA:352,0
DA:354,0
DA:355,0
DA:361,0
DA:362,0
DA:363,0
DA:364,0
DA:371,0
DA:372,0
DA:378,0
DA:379,0
DA:381,0
DA:382,0
DA:392,0
DA:395,0
DA:396,0
DA:398,0
DA:402,0
DA:403,0
DA:405,0
DA:406,0
DA:407,0
DA:417,0
DA:418,0
DA:419,0
DA:423,0
DA:426,0
DA:428,0
DA:430,0
DA:433,0
DA:434,0
DA:435,0
DA:437,0
DA:438,0
DA:439,0
DA:440,0
DA:441,0
DA:442,0
DA:443,0
DA:447,0
DA:451,0
DA:453,0
DA:454,0
DA:457,0
DA:463,0
DA:466,0
DA:467,0
DA:472,0
DA:474,0
DA:475,0
DA:480,0
DA:482,0
DA:485,0
DA:486,0
DA:488,0
DA:489,0
DA:494,0
DA:495,0
DA:497,0
DA:498,0
DA:501,0
DA:502,0
DA:503,0
DA:504,0
DA:506,0
DA:511,0
DA:512,0
DA:513,0
DA:514,0
DA:522,0
DA:529,0
DA:530,0
DA:534,0
DA:535,0
DA:536,0
DA:539,0
DA:544,0
DA:547,0
DA:550,0
DA:557,0
DA:559,0
DA:562,0
DA:564,0
DA:565,0
DA:569,0
DA:571,0
DA:573,0
DA:576,0
DA:579,0
DA:580,0
DA:584,0
DA:590,1
DA:591,3
DA:595,1
DA:596,2
DA:600,1
DA:601,2
DA:605,1
DA:606,2
DA:610,1
DA:611,2
DA:615,1
DA:616,2
DA:620,0
DA:623,0
DA:626,0
DA:632,0
DA:633,0
DA:637,0
DA:644,0
DA:650,1
DA:658,2
DA:666,3
DA:670,1
DA:671,2
DA:675,0
DA:682,0
DA:683,0
DA:687,0
DA:695,0
DA:701,0
DA:702,0
DA:703,0
DA:704,0
DA:705,0
DA:706,0
DA:707,0
DA:708,0
DA:709,0
DA:710,0
DA:711,0
DA:712,0
DA:713,0
DA:718,0
DA:719,0
DA:723,0
DA:732,0
DA:738,1
DA:739,1
DA:741,2
DA:745,2
DA:748,2
DA:753,2
DA:756,2
DA:758,1
DA:759,2
DA:761,0
DA:767,0
DA:773,0
DA:775,0
DA:778,0
DA:780,0
DA:784,0
DA:787,0
DA:790,0
DA:793,0
DA:796,0
DA:799,0
DA:800,0
DA:801,0
DA:805,0
DA:806,0
DA:807,0
DA:808,0
DA:809,0
DA:810,0
DA:817,0
DA:819,0
DA:820,0
DA:827,0
DA:828,0
DA:830,0
DA:831,0
DA:836,0
DA:837,0
DA:838,0
DA:839,0
DA:843,0
DA:845,0
DA:846,0
DA:848,0
DA:854,0
DA:860,0
DA:861,0
DA:862,0
DA:863,0
DA:866,0
DA:867,0
DA:869,0
DA:875,0
DA:876,0
DA:877,0
DA:880,0
DA:888,0
DA:889,0
DA:890,0
DA:892,0
DA:893,0
DA:894,0
DA:895,0
DA:896,0
DA:897,0
DA:898,0
DA:906,0
DA:907,0
DA:911,0
DA:912,0
DA:913,0
DA:917,0
DA:918,0
DA:919,0
DA:923,0
DA:924,0
DA:927,0
DA:928,0
DA:929,0
DA:930,0
DA:931,0
DA:935,0
DA:936,0
DA:938,0
DA:939,0
DA:941,0
DA:945,0
DA:946,0
DA:947,0
DA:948,0
DA:949,0
DA:951,0
DA:957,0
DA:959,0
DA:960,0
DA:962,0
DA:972,0
DA:973,0
DA:974,0
DA:975,0
DA:976,0
DA:977,0
DA:978,0
DA:981,0
DA:984,0
DA:985,0
DA:988,0
DA:992,0
DA:993,0
DA:994,0
DA:995,0
DA:997,0
DA:998,0
DA:999,0
DA:1000,0
DA:1003,0
LF:359
LH:76
end_of_record
SF:lib/src/core/ragify_config.dart
DA:64,28
DA:82,1
DA:83,1
DA:86,4
DA:89,1
DA:105,1
DA:106,0
DA:107,1
DA:108,1
DA:109,0
DA:111,1
DA:112,0
DA:113,1
DA:114,1
DA:115,1
DA:116,1
DA:118,1
DA:119,1
DA:120,1
DA:121,1
DA:126,4
DA:129,2
DA:139,2
DA:152,1
DA:154,4
LF:25
LH:22
end_of_record
SF:lib/src/core/ragify_config.g.dart
DA:9,2
DA:10,1
DA:11,1
DA:13,2
DA:15,2
DA:17,2
DA:18,1
DA:19,1
DA:20,1
DA:21,1
DA:22,1
DA:24,2
DA:25,2
DA:26,2
DA:27,1
DA:30,2
DA:31,2
DA:32,2
DA:33,2
DA:34,4
DA:35,2
DA:36,2
DA:37,2
DA:38,2
DA:39,2
DA:40,2
DA:41,2
DA:42,2
DA:43,2
DA:44,2
DA:45,2
LF:31
LH:31
end_of_record
SF:lib/src/core/context_orchestrator.dart
DA:53,0
DA:56,0
DA:60,0
DA:70,2
DA:75,1
DA:76,1
DA:80,5
DA:82,5
DA:84,5
DA:86,5
DA:90,1
DA:91,1
DA:92,2
DA:97,2
DA:100,1
DA:102,1
DA:103,2
DA:105,0
DA:115,1
DA:119,1
DA:120,0
DA:121,0
DA:123,2
DA:128,1
DA:129,0
DA:130,0
DA:132,2
DA:136,2
DA:138,0
DA:144,2
DA:145,2
DA:146,1
DA:149,6
DA:150,8
DA:153,6
DA:154,8
DA:158,2
DA:159,4
DA:160,4
DA:161,6
DA:163,6
DA:168,1
DA:169,2
DA:173,4
DA:176,1
DA:188,1
DA:190,1
DA:191,0
DA:193,1
DA:197,1
DA:198,1
DA:201,1
DA:205,2
DA:207,2
DA:208,2
DA:214,2
DA:217,1
DA:219,2
DA:225,1
DA:227,2
DA:230,1
DA:231,1
DA:232,1
DA:235,1
DA:237,2
DA:238,2
DA:239,2
DA:241,3
DA:245,1
DA:247,1
DA:248,0
DA:252,2
DA:256,1
DA:257,1
DA:258,3
DA:261,1
DA:264,1
DA:265,2
DA:266,1
DA:267,3
DA:268,0
DA:269,0
DA:270,0
DA:273,0
DA:278,1
DA:279,1
DA:280,1
DA:282,1
DA:283,1
DA:284,1
DA:285,1
DA:286,1
DA:287,1
DA:288,0
DA:291,2
DA:297,1
DA:298,5
DA:299,0
DA:301,0
DA:302,0
DA:308,1
DA:312,2
DA:315,1
DA:316,3
DA:320,1
DA:321,3
DA:325,3
DA:331,1
DA:336,2
DA:337,2
DA:338,1
DA:339,0
DA:341,1
DA:346,1
DA:354,2
DA:355,4
DA:359,0
DA:363,0
DA:364,0
DA:368,0
DA:369,0
DA:370,0
DA:373,0
DA:374,0
DA:378,0
DA:380,0
DA:383,0
DA:384,0
DA:385,0
DA:387,0
DA:390,0
DA:391,0
DA:393,0
DA:394,0
DA:399,0
DA:401,0
DA:402,0
DA:410,1
DA:414,1
DA:415,1
DA:417,4
DA:420,3
DA:421,1
DA:422,1
DA:426,1
DA:427,1
DA:428,1
DA:429,1
DA:430,1
DA:431,1
DA:433,5
DA:435,4
DA:438,0
DA:439,0
DA:440,0
DA:444,1
DA:446,2
DA:447,1
DA:450,3
DA:451,2
DA:452,3
DA:456,1
DA:457,0
DA:458,0
DA:459,0
DA:467,0
DA:470,0
DA:471,0
DA:474,0
DA:476,0
DA:479,0
DA:480,0
DA:481,0
DA:482,0
DA:485,0
DA:486,0
DA:492,0
DA:496,0
DA:501,0
DA:502,0
DA:504,0
DA:505,0
DA:506,0
DA:510,0
DA:511,0
DA:512,0
DA:513,0
DA:514,0
DA:515,0
DA:517,0
DA:519,0
DA:520,0
DA:522,0
DA:523,0
DA:527,0
DA:529,0
DA:530,0
DA:531,0
DA:532,0
DA:533,0
DA:536,0
DA:539,0
DA:540,0
DA:541,0
DA:542,0
DA:543,0
DA:549,1
DA:553,4
DA:555,1
DA:556,0
DA:562,2
DA:566,2
DA:567,2
DA:571,0
DA:574,0
DA:579,0
DA:581,0
DA:582,0
DA:583,0
DA:584,0
DA:586,0
DA:587,0
DA:589,0
DA:590,0
DA:591,0
DA:594,0
DA:595,0
DA:598,0
DA:599,0
DA:603,0
DA:604,0
DA:608,0
DA:610,0
DA:611,0
DA:615,0
DA:620,1
DA:624,1
DA:625,1
DA:626,2
DA:627,2
DA:628,1
DA:629,1
DA:630,2
DA:631,2
DA:636,1
DA:637,4
DA:641,2
DA:642,2
DA:644,4
DA:648,4
DA:649,4
DA:652,6
DA:654,2
DA:656,4
DA:661,4
DA:662,4
DA:665,4
DA:667,2
DA:668,4
DA:670,0
DA:680,1
DA:681,2
DA:685,2
DA:686,0
DA:692,0
DA:698,1
DA:699,1
DA:700,1
DA:701,1
DA:702,2
DA:703,6
DA:704,2
DA:717,25
DA:725,0
DA:726,0
DA:727,0
DA:728,0
DA:729,0
DA:730,0
DA:733,0
DA:734,0
DA:735,0
DA:736,0
DA:737,0
DA:738,0
DA:739,0
DA:741,0
DA:751,0
DA:753,0
DA:755,0
DA:756,0
DA:757,0
DA:758,0
DA:770,0
DA:777,0
DA:778,0
DA:779,0
LF:297
LH:159
end_of_record
SF:lib/src/models/context_chunk.dart
DA:45,5
DA:59,5
DA:71,5
DA:72,5
DA:73,2
DA:87,0
DA:88,0
DA:91,2
DA:94,2
DA:106,2
DA:107,2
DA:108,2
DA:109,2
DA:110,2
DA:111,1
DA:112,2
DA:113,2
DA:114,2
DA:115,2
DA:116,2
DA:121,6
DA:124,6
DA:127,1
DA:128,2
DA:132,1
DA:133,4
DA:134,3
DA:137,1
DA:139,5
DA:142,1
DA:145,4
DA:148,1
DA:149,2
LF:33
LH:31
end_of_record
SF:lib/src/models/context_chunk.g.dart
DA:9,0
DA:10,0
DA:11,0
DA:12,0
DA:13,0
DA:14,0
DA:16,0
DA:17,0
DA:19,0
DA:21,0
DA:22,0
DA:24,0
DA:25,0
DA:26,0
DA:27,0
DA:28,0
DA:29,0
DA:32,1
DA:33,1
DA:34,1
DA:35,1
DA:36,1
DA:37,1
DA:38,1
DA:39,2
DA:40,2
DA:41,1
DA:42,1
DA:43,1
LF:29
LH:12
end_of_record
SF:lib/src/models/context_request.dart
DA:47,2
DA:61,0
DA:62,0
DA:65,0
DA:68,1
DA:80,1
DA:81,1
DA:82,1
DA:83,1
DA:84,1
DA:85,1
DA:86,1
DA:87,1
DA:88,1
DA:89,1
DA:90,1
DA:94,1
DA:96,4
DA:99,1
DA:102,1
DA:103,3
DA:104,3
DA:105,3
DA:106,3
DA:109,1
DA:110,5
LF:26
LH:23
end_of_record
SF:lib/src/models/context_request.g.dart
DA:9,0
DA:10,0
DA:11,0
DA:12,0
DA:13,0
DA:14,0
DA:15,0
DA:16,0
DA:17,0
DA:18,0
DA:19,0
DA:20,0
DA:21,0
DA:22,0
DA:23,0
DA:24,0
DA:27,0
DA:28,0
DA:29,0
DA:30,0
DA:31,0
DA:32,0
DA:33,0
DA:34,0
DA:35,0
DA:36,0
DA:37,0
DA:38,0
LF:28
LH:0
end_of_record
SF:lib/src/models/context_response.dart
DA:46,2
DA:60,2
DA:72,2
DA:81,2
DA:87,0
DA:88,0
DA:91,0
DA:94,1
DA:106,1
DA:107,1
DA:108,1
DA:109,1
DA:110,1
DA:111,1
DA:112,1
DA:113,1
DA:114,1
DA:115,1
DA:116,1
DA:121,3
DA:124,1
DA:125,5
DA:128,1
DA:129,5
DA:132,1
DA:133,2
DA:134,1
DA:135,4
DA:136,2
DA:143,1
DA:144,1
DA:145,1
DA:146,3
DA:148,1
DA:152,1
DA:153,7
DA:157,1
DA:158,6
DA:161,3
DA:164,3
DA:166,1
DA:168,5
DA:171,1
DA:174,4
DA:177,1
DA:178,2
LF:46
LH:43
end_of_record
SF:lib/src/models/context_response.g.dart
DA:9,0
DA:10,0
DA:11,0
DA:12,0
DA:13,0
DA:14,0
DA:15,0
DA:16,0
DA:17,0
DA:18,0
DA:19,0
DA:20,0
DA:21,0
DA:23,0
DA:24,0
DA:27,0
DA:28,0
DA:29,0
DA:30,0
DA:31,0
DA:32,0
DA:33,0
DA:34,0
DA:35,0
DA:36,0
DA:37,0
DA:38,0
LF:27
LH:0
end_of_record
SF:lib/src/models/context_source.dart
DA:17,1
DA:19,1
DA:21,1
DA:23,1
DA:25,1
DA:27,1
DA:29,1
DA:34,1
DA:35,1
DA:36,1
DA:38,1
DA:40,1
DA:42,1
DA:44,1
DA:46,1
DA:49,2
DA:93,8
DA:107,8
DA:119,8
DA:120,4
DA:125,6
DA:134,1
DA:135,1
DA:138,2
DA:141,2
DA:153,2
DA:154,2
DA:155,0
DA:156,2
DA:157,2
DA:158,2
DA:159,2
DA:160,2
DA:161,1
DA:162,2
DA:163,2
DA:167,1
DA:169,5
DA:172,3
DA:175,4
DA:178,1
DA:179,2
LF:42
LH:41
end_of_record
SF:lib/src/models/context_source.g.dart
DA:9,1
DA:10,1
DA:11,1
DA:12,1
DA:13,2
DA:14,1
DA:15,1
DA:16,1
DA:18,2
DA:19,1
DA:20,1
DA:22,1
DA:24,2
DA:25,2
DA:28,1
DA:29,1
DA:30,1
DA:31,1
DA:32,2
DA:33,1
DA:34,1
DA:35,2
DA:36,1
DA:37,2
DA:38,1
DA:39,1
LF:26
LH:26
end_of_record
SF:lib/src/models/privacy_level.dart
DA:19,4
DA:21,4
DA:23,4
DA:25,3
DA:27,3
DA:33,2
DA:34,2
DA:35,2
DA:37,2
DA:39,2
DA:41,2
DA:44,4
LF:12
LH:12
end_of_record
SF:lib/src/sources/base_data_source.dart
DA:83,2
DA:85,2
DA:87,2
DA:89,2
DA:91,2
DA:93,1
DA:98,1
DA:99,1
DA:100,1
DA:102,1
DA:104,1
DA:106,1
DA:108,1
LF:13
LH:13
end_of_record
SF:lib/src/security/security_manager.dart
DA:15,2
DA:17,2
DA:19,2
DA:21,1
DA:23,1
DA:28,0
DA:29,0
DA:30,0
DA:32,0
DA:34,0
DA:36,0
DA:39,0
DA:51,1
DA:53,1
DA:55,1
DA:57,1
DA:59,1
DA:73,1
DA:75,1
DA:77,1
DA:79,1
DA:81,1
DA:83,0
DA:88,0
DA:90,0
DA:92,0
DA:94,0
DA:96,0
DA:98,0
DA:117,2
DA:130,2
DA:138,2
DA:139,2
DA:140,2
DA:146,2
DA:152,0
DA:153,0
DA:154,0
DA:155,0
DA:156,0
DA:157,0
DA:158,0
DA:159,0
DA:160,0
DA:161,0
DA:162,0
DA:163,0
DA:167,0
DA:168,0
DA:169,0
DA:170,0
DA:171,0
DA:172,0
DA:173,0
DA:174,0
DA:175,0
DA:176,0
DA:177,0
DA:178,0
DA:179,0
DA:180,0
DA:199,1
DA:213,1
DA:223,1
DA:224,1
DA:231,1
DA:232,1
DA:237,0
DA:238,0
DA:239,0
DA:240,0
DA:241,0
DA:242,0
DA:243,0
DA:244,0
DA:245,0
DA:246,0
DA:247,0
DA:248,0
DA:249,0
DA:298,0
DA:301,0
DA:305,0
DA:316,2
DA:320,2
DA:323,2
DA:324,2
DA:328,2
DA:329,6
DA:331,2
DA:336,2
DA:338,2
DA:340,2
DA:342,2
DA:347,2
DA:349,6
DA:353,2
DA:354,2
DA:358,6
DA:362,2
DA:368,2
DA:372,6
DA:376,2
DA:377,2
DA:385,6
DA:389,2
DA:390,2
DA:399,1
DA:400,1
DA:401,2
DA:406,2
DA:409,1
DA:412,1
DA:415,1
DA:417,1
DA:418,2
DA:421,1
DA:422,1
DA:429,0
DA:439,1
DA:442,1
DA:443,1
DA:444,3
DA:445,2
DA:447,2
DA:450,1
DA:451,3
DA:452,2
DA:454,2
DA:456,2
DA:458,0
DA:464,1
DA:465,2
DA:466,2
DA:467,2
DA:468,2
DA:470,2
DA:474,1
DA:476,5
DA:480,1
DA:486,1
DA:487,1
DA:491,2
DA:492,1
DA:493,1
DA:500,1
DA:510,1
DA:518,2
DA:519,1
DA:520,1
DA:524,1
DA:530,1
DA:531,2
DA:532,2
DA:538,1
DA:546,0
DA:547,0
DA:551,0
DA:553,0
DA:554,0
DA:556,0
DA:558,0
DA:559,0
DA:560,0
DA:567,3
DA:569,2
DA:570,1
DA:583,1
DA:593,1
DA:594,1
DA:596,1
DA:597,1
DA:599,1
DA:600,1
DA:602,1
DA:603,1
DA:608,1
DA:609,1
DA:612,2
DA:614,1
DA:615,1
DA:617,1
DA:625,3
DA:631,1
DA:637,1
DA:638,0
DA:645,1
DA:646,1
DA:648,1
DA:649,1
DA:651,0
DA:652,0
DA:654,0
DA:655,0
DA:660,1
DA:661,1
DA:664,2
DA:666,1
DA:667,1
DA:669,1
DA:677,0
DA:683,1
DA:685,0
DA:686,2
DA:687,0
DA:691,2
DA:692,1
DA:696,1
DA:698,0
DA:699,2
DA:700,0
DA:704,1
DA:705,1
DA:706,2
DA:708,0
DA:712,1
DA:714,0
DA:715,2
DA:716,0
DA:719,2
DA:720,1
DA:724,1
DA:726,0
DA:727,2
DA:728,0
DA:731,1
DA:732,1
DA:733,2
DA:735,0
DA:739,1
DA:741,1
DA:745,0
DA:747,0
DA:754,1
DA:756,1
DA:760,0
DA:762,0
DA:766,1
DA:771,2
DA:772,1
DA:775,1
DA:776,1
DA:779,1
DA:789,2
DA:790,1
DA:791,1
DA:795,2
DA:805,4
DA:806,0
DA:807,0
DA:811,0
DA:824,1
DA:825,3
DA:826,3
DA:834,1
DA:835,2
DA:837,1
DA:838,1
DA:841,2
DA:843,2
DA:847,4
DA:851,1
DA:852,2
DA:856,1
DA:857,3
DA:859,1
DA:860,1
DA:863,2
DA:864,1
DA:865,1
DA:866,1
DA:867,2
DA:872,4
DA:876,1
DA:877,2
DA:878,0
DA:881,2
DA:883,1
DA:884,1
DA:887,2
DA:888,1
DA:890,1
DA:891,2
DA:896,4
DA:900,1
DA:901,2
DA:903,1
DA:904,1
DA:907,2
DA:908,2
DA:912,4
DA:917,1
DA:918,2
DA:919,1
DA:920,1
DA:921,1
DA:925,2
DA:926,1
DA:927,1
DA:928,2
DA:929,0
DA:930,0
DA:936,4
DA:944,1
DA:946,2
DA:949,4
DA:950,0
DA:951,0
DA:952,0
DA:953,0
DA:958,1
DA:959,4
DA:960,0
DA:961,0
DA:965,1
DA:968,2
DA:970,2
DA:971,3
DA:976,0
DA:977,0
DA:978,0
DA:980,0
DA:981,0
DA:984,0
DA:985,0
DA:986,0
DA:987,0
DA:993,1
DA:995,2
DA:999,2
DA:1000,2
DA:1002,1
DA:1003,2
DA:1006,1
DA:1007,4
DA:1008,1
DA:1010,1
DA:1012,1
DA:1016,1
DA:1017,1
DA:1026,2
DA:1027,2
DA:1029,2
DA:1030,1
DA:1036,1
DA:1043,2
DA:1046,7
DA:1050,5
DA:1054,5
DA:1058,0
DA:1061,0
DA:1062,0
DA:1069,2
DA:1070,2
DA:1071,2
DA:1072,2
DA:1074,2
DA:1075,5
DA:1076,2
DA:1077,2
DA:1078,5
DA:1079,2
DA:1081,2
DA:1082,5
DA:1083,2
DA:1084,2
DA:1085,4
DA:1086,2
DA:1090,6
DA:1091,4
DA:1093,2
DA:1094,4
DA:1099,4
DA:1100,4
DA:1101,4
DA:1102,4
DA:1103,2
DA:1105,14
DA:1106,4
DA:1107,4
DA:1108,2
DA:1110,14
DA:1115,3
DA:1118,1
DA:1119,1
DA:1120,1
DA:1122,1
DA:1123,1
DA:1127,3
DA:1128,1
DA:1129,1
DA:1130,1
DA:1136,2
DA:1137,3
DA:1142,2
DA:1145,1
DA:1147,2
DA:1150,1
DA:1152,1
DA:1153,1
DA:1161,2
DA:1163,0
DA:1169,2
DA:1171,4
DA:1174,4
DA:1175,4
DA:1178,4
DA:1180,4
DA:1182,0
DA:1196,25
DA:1204,0
DA:1205,0
DA:1206,0
DA:1207,0
DA:1208,0
DA:1209,0
DA:1212,0
DA:1213,0
DA:1214,0
DA:1215,0
DA:1216,0
DA:1217,0
DA:1219,0
DA:1220,0
DA:1231,0
DA:1233,0
DA:1234,0
DA:1235,0
DA:1236,0
DA:1239,0
DA:1240,0
DA:1241,0
DA:1242,0
DA:1243,0
DA:1255,0
DA:1262,0
DA:1263,0
DA:1264,0
LF:438
LH:297
end_of_record
SF:lib/src/engines/context_updates_engine.dart
DA:43,2
DA:48,0
DA:51,0
DA:52,0
DA:55,0
DA:58,0
DA:60,0
DA:61,0
DA:63,0
DA:73,2
DA:74,2
DA:77,0
DA:80,0
DA:83,0
DA:85,0
DA:86,0
DA:88,0
DA:98,0
DA:106,0
DA:108,0
DA:109,0
DA:110,0
DA:112,0
DA:116,0
DA:117,0
DA:118,0
DA:125,0
DA:126,0
DA:127,0
DA:135,0
DA:138,0
DA:140,0
DA:141,0
DA:145,0
DA:150,0
DA:158,0
DA:159,0
DA:161,0
DA:165,0
DA:168,0
DA:169,0
DA:170,0
DA:171,0
DA:175,0
DA:176,0
DA:179,0
DA:181,0
DA:184,0
DA:189,0
DA:197,0
DA:198,0
DA:201,0
DA:204,0
DA:206,0
DA:207,0
DA:211,0
DA:212,0
DA:213,0
DA:214,0
DA:215,0
DA:216,0
DA:219,0
DA:224,0
DA:230,0
DA:231,0
DA:234,0
DA:235,0
DA:238,0
DA:243,0
DA:249,0
DA:251,0
DA:252,0
DA:253,0
DA:256,0
DA:257,0
DA:261,0
DA:266,0
DA:272,0
DA:273,0
DA:275,0
DA:276,0
DA:278,0
DA:282,0
DA:283,0
DA:285,0
DA:289,0
DA:292,0
DA:293,0
DA:296,0
DA:299,0
DA:303,0
DA:309,0
DA:310,0
DA:314,0
DA:315,0
DA:317,0
DA:319,0
DA:321,0
DA:328,0
DA:329,0
DA:332,0
DA:336,0
DA:337,0
DA:340,0
DA:344,0
DA:345,0
DA:346,0
DA:347,0
DA:354,0
DA:355,0
DA:356,0
DA:357,0
DA:361,0
DA:366,0
DA:371,0
DA:377,0
DA:378,0
DA:380,0
DA:381,0
DA:382,0
DA:387,0
DA:388,0
DA:390,0
DA:391,0
DA:396,0
DA:397,0
DA:398,0
DA:402,0
DA:406,0
DA:408,0
DA:409,0
DA:410,0
DA:416,0
DA:419,0
DA:422,0
DA:423,0
DA:424,0
DA:425,0
DA:426,0
DA:427,0
DA:428,0
DA:429,0
DA:448,0
DA:463,0
DA:465,0
DA:467,0
DA:469,0
DA:471,0
LF:148
LH:3
end_of_record
SF:lib/src/sources/realtime_source.dart
DA:22,1
DA:33,2
DA:34,1
DA:35,1
DA:36,1
DA:37,2
DA:38,2
DA:39,1
DA:40,1
DA:41,2
DA:54,1
DA:63,2
DA:64,1
DA:65,1
DA:66,1
DA:67,2
DA:68,1
DA:69,1
DA:72,1
DA:73,1
DA:74,1
DA:75,1
DA:76,2
DA:77,2
DA:78,2
DA:79,1
DA:94,1
DA:96,2
DA:97,0
DA:98,2
DA:99,2
DA:100,2
DA:101,2
DA:110,1
DA:111,1
DA:113,0
DA:117,0
DA:118,0
DA:119,0
DA:122,0
DA:123,0
DA:135,1
DA:137,0
DA:139,0
DA:142,0
DA:143,0
DA:146,0
DA:147,0
DA:149,0
DA:150,0
DA:151,0
DA:153,0
DA:154,0
DA:157,0
DA:158,0
DA:159,0
DA:160,0
DA:162,0
DA:163,0
DA:164,0
DA:165,0
DA:166,0
DA:171,0
DA:172,0
DA:173,0
DA:175,0
DA:176,0
DA:177,0
DA:181,1
DA:183,1
DA:184,1
DA:185,1
DA:187,1
DA:188,0
DA:189,0
DA:192,1
DA:193,0
DA:194,0
DA:197,1
DA:198,2
DA:201,0
DA:205,0
DA:208,0
DA:210,0
DA:213,0
DA:215,0
DA:216,0
DA:219,0
DA:222,0
DA:225,0
DA:228,0
DA:230,0
DA:233,0
DA:234,0
DA:235,0
DA:236,0
DA:237,0
DA:238,0
DA:240,0
DA:244,0
DA:245,0
DA:247,0
DA:248,0
DA:249,0
DA:250,0
DA:252,0
DA:259,1
DA:260,1
DA:261,1
DA:264,0
DA:265,0
DA:267,0
DA:268,0
DA:269,0
DA:270,0
DA:272,0
DA:276,1
DA:277,1
DA:278,1
DA:290,0
DA:292,0
DA:294,0
DA:298,0
DA:302,0
DA:303,0
DA:304,0
DA:305,0
DA:307,0
DA:308,0
DA:309,0
DA:313,0
DA:315,0
DA:316,0
DA:317,0
DA:319,0
DA:320,0
DA:321,0
DA:324,0
DA:325,0
DA:328,0
DA:330,0
DA:331,0
DA:334,0
DA:335,0
DA:338,0
DA:340,0
DA:341,0
DA:344,0
DA:345,0
DA:346,0
DA:350,0
DA:352,0
DA:353,0
DA:356,0
DA:359,0
DA:361,0
DA:364,0
DA:365,0
DA:367,0
DA:368,0
DA:369,0
DA:374,0
DA:375,0
DA:376,0
DA:379,0
DA:380,0
DA:382,0
DA:383,0
DA:384,0
DA:385,0
DA:387,0
DA:391,0
DA:392,0
DA:393,0
DA:405,0
DA:407,0
DA:409,0
DA:413,0
DA:417,0
DA:418,0
DA:419,0
DA:420,0
DA:422,0
DA:423,0
DA:424,0
DA:428,0
DA:430,0
DA:431,0
DA:432,0
DA:434,0
DA:435,0
DA:436,0
DA:439,0
DA:440,0
DA:443,0
DA:445,0
DA:446,0
DA:449,0
DA:450,0
DA:451,0
DA:455,0
DA:457,0
DA:458,0
DA:461,0
DA:462,0
DA:463,0
DA:467,0
DA:469,0
DA:470,0
DA:473,0
DA:474,0
DA:478,0
DA:480,0
DA:483,0
DA:484,0
DA:486,0
DA:487,0
DA:488,0
DA:493,0
DA:494,0
DA:495,0
DA:498,0
DA:499,0
DA:501,0
DA:502,0
DA:503,0
DA:504,0
DA:506,0
DA:510,0
DA:511,0
DA:512,0
DA:540,1
DA:550,1
DA:551,2
DA:555,1
DA:556,3
DA:557,1
DA:558,2
DA:559,0
DA:560,0
DA:561,0
DA:562,0
DA:564,0
DA:565,0
DA:570,1
DA:571,1
DA:572,2
DA:573,2
DA:574,2
DA:575,3
DA:576,3
DA:577,2
DA:578,2
DA:579,3
DA:582,1
DA:583,1
DA:585,1
DA:586,1
DA:588,0
DA:589,0
DA:590,0
DA:591,0
DA:592,0
DA:593,0
DA:594,0
DA:595,0
DA:596,0
DA:597,0
DA:602,0
DA:603,0
DA:606,0
DA:607,0
DA:608,0
DA:610,0
DA:615,1
DA:623,1
DA:624,1
DA:628,0
DA:629,0
DA:630,0
DA:631,0
DA:633,0
DA:636,0
DA:638,0
DA:641,0
DA:642,0
DA:645,0
DA:646,0
DA:650,1
DA:652,1
DA:653,2
DA:654,2
DA:655,1
DA:656,2
DA:657,1
DA:658,2
DA:659,2
DA:660,1
DA:661,2
DA:662,2
DA:663,2
DA:664,2
DA:665,1
DA:666,2
DA:667,0
DA:672,1
DA:674,1
DA:675,0
DA:678,1
DA:680,1
DA:682,0
DA:690,0
DA:693,0
DA:696,0
DA:698,0
DA:701,0
DA:705,0
DA:709,0
DA:710,0
DA:711,0
DA:714,0
DA:715,0
DA:716,0
DA:719,0
DA:720,0
DA:723,0
DA:727,0
DA:728,0
DA:729,0
DA:732,0
DA:733,0
DA:734,0
DA:736,0
DA:740,0
DA:741,0
DA:742,0
DA:745,0
DA:746,0
DA:750,0
DA:753,0
DA:755,0
DA:756,0
DA:759,0
DA:762,0
DA:763,0
DA:767,0
DA:768,0
DA:770,0
DA:774,0
DA:775,0
DA:776,0
DA:777,0
DA:778,0
DA:779,0
DA:780,0
DA:781,0
DA:782,0
DA:783,0
DA:785,0
DA:786,0
DA:787,0
DA:790,0
DA:795,0
DA:796,0
DA:798,0
DA:799,0
DA:800,0
DA:802,0
DA:806,0
DA:807,0
DA:808,0
DA:809,0
DA:810,0
DA:811,0
DA:812,0
DA:813,0
DA:814,0
DA:819,0
DA:820,0
DA:821,0
DA:824,0
DA:825,0
DA:830,0
DA:831,0
DA:832,0
DA:833,0
DA:836,1
DA:838,1
DA:839,1
DA:841,2
DA:842,2
DA:844,2
LF:392
LH:99
end_of_record
SF:lib/src/sources/document_source.dart
DA:35,1
DA:36,1
DA:39,1
DA:40,1
DA:72,1
DA:81,1
DA:82,1
DA:83,1
DA:84,2
DA:85,1
DA:86,1
DA:87,1
DA:96,1
DA:104,1
DA:105,0
DA:109,3
DA:112,1
DA:115,1
DA:116,4
DA:117,1
DA:121,0
DA:123,0
DA:124,0
DA:125,0
DA:127,0
DA:129,0
DA:130,0
DA:134,0
DA:135,0
DA:139,0
DA:140,0
DA:141,0
DA:142,0
DA:147,0
DA:148,0
DA:149,0
DA:150,0
DA:153,0
DA:156,0
DA:159,0
DA:169,1
DA:170,2
DA:172,1
DA:173,4
DA:174,1
DA:177,0
DA:180,0
DA:181,0
DA:182,0
DA:186,0
DA:189,0
DA:190,0
DA:191,0
DA:192,0
DA:199,0
DA:200,0
DA:201,0
DA:205,0
DA:209,0
DA:210,0
DA:213,0
DA:214,0
DA:215,0
DA:219,0
DA:220,0
DA:223,0
DA:225,0
DA:226,0
DA:230,0
DA:231,0
DA:236,0
DA:237,0
DA:241,0
DA:242,0
DA:243,0
DA:244,0
DA:245,0
DA:246,0
DA:247,0
DA:248,0
DA:249,0
DA:251,0
DA:254,0
DA:260,0
DA:261,0
DA:264,0
DA:266,0
DA:268,0
DA:273,0
DA:274,0
DA:277,0
DA:278,0
DA:280,0
DA:282,0
DA:288,0
DA:289,0
DA:292,0
DA:293,0
DA:295,0
DA:301,0
DA:304,0
DA:308,0
DA:311,0
DA:315,0
DA:320,0
DA:321,0
DA:323,0
DA:325,0
DA:329,0
DA:330,0
DA:331,0
DA:332,0
DA:334,0
DA:336,0
DA:337,0
DA:345,0
DA:352,0
DA:353,0
DA:356,0
DA:359,0
DA:364,0
DA:365,0
DA:366,0
DA:369,0
DA:370,0
DA:374,0
DA:376,0
DA:377,0
DA:380,0
DA:382,0
DA:385,0
DA:391,0
DA:392,0
DA:393,0
DA:395,0
DA:398,0
DA:399,0
DA:400,0
DA:404,0
DA:405,0
DA:409,0
DA:411,0
DA:414,0
DA:417,0
DA:418,0
DA:419,0
DA:420,0
DA:425,0
DA:427,0
DA:431,0
DA:433,0
DA:435,0
DA:436,0
DA:438,0
DA:442,0
DA:444,0
DA:448,0
DA:450,0
DA:451,0
DA:452,0
DA:453,0
DA:457,0
DA:461,0
DA:462,0
DA:463,0
DA:464,0
DA:467,0
DA:468,0
DA:469,0
DA:470,0
DA:471,0
DA:472,0
DA:478,0
DA:480,0
DA:486,0
DA:489,0
DA:490,0
DA:497,0
DA:499,0
DA:501,0
DA:510,0
DA:512,0
DA:513,0
DA:514,0
DA:518,0
DA:519,0
DA:522,0
DA:525,0
DA:526,0
LF:189
LH:24
end_of_record
SF:lib/src/sources/api_source.dart
DA:36,0
DA:37,0
DA:40,0
DA:41,0
DA:74,0
DA:84,0
DA:85,0
DA:86,0
DA:87,0
DA:90,0
DA:92,0
DA:94,0
DA:95,0
DA:96,0
DA:97,0
DA:98,0
DA:107,0
DA:115,0
DA:116,0
DA:120,0
DA:123,0
DA:126,0
DA:129,0
DA:130,0
DA:132,0
DA:133,0
DA:137,0
DA:140,0
DA:143,0
DA:150,0
DA:153,0
DA:163,0
DA:168,0
DA:170,0
DA:174,0
DA:178,0
DA:182,0
DA:183,0
DA:186,0
DA:187,0
DA:194,0
DA:197,0
DA:199,0
DA:200,0
DA:201,0
DA:202,0
DA:206,0
DA:207,0
DA:208,0
DA:212,0
DA:213,0
DA:216,0
DA:217,0
DA:218,0
DA:220,0
DA:221,0
DA:223,0
DA:224,0
DA:226,0
DA:227,0
DA:228,0
DA:229,0
DA:231,0
DA:232,0
DA:233,0
DA:239,0
DA:245,0
DA:248,0
DA:250,0
DA:251,0
DA:252,0
DA:253,0
DA:254,0
DA:255,0
DA:261,0
DA:262,0
DA:263,0
DA:268,0
DA:269,0
DA:272,0
DA:279,0
DA:283,0
DA:284,0
DA:287,0
DA:288,0
DA:289,0
DA:290,0
DA:291,0
DA:293,0
DA:297,0
DA:298,0
DA:299,0
DA:300,0
DA:305,0
DA:307,0
DA:308,0
DA:310,0
DA:314,0
DA:315,0
DA:317,0
DA:321,0
DA:323,0
DA:325,0
DA:326,0
DA:331,0
DA:332,0
DA:333,0
DA:334,0
DA:335,0
DA:336,0
DA:337,0
DA:343,0
DA:344,0
DA:345,0
DA:346,0
DA:347,0
DA:348,0
DA:349,0
DA:351,0
DA:355,0
DA:356,0
DA:359,0
DA:360,0
DA:368,0
DA:369,0
DA:371,0
DA:372,0
DA:375,0
DA:379,0
DA:381,0
DA:384,0
DA:387,0
DA:389,0
DA:393,0
DA:395,0
DA:397,0
DA:398,0
DA:399,0
DA:401,0
DA:405,0
DA:407,0
DA:409,0
DA:410,0
DA:411,0
DA:412,0
DA:413,0
DA:414,0
DA:415,0
DA:416,0
DA:417,0
DA:418,0
DA:419,0
DA:420,0
DA:421,0
DA:422,0
DA:423,0
DA:424,0
DA:426,0
DA:427,0
DA:428,0
DA:429,0
DA:430,0
DA:432,0
DA:433,0
DA:434,0
DA:439,0
DA:442,0
DA:443,0
DA:444,0
DA:445,0
DA:452,0
DA:454,0
DA:456,0
DA:465,0
DA:467,0
DA:468,0
DA:469,0
DA:473,0
DA:474,0
DA:477,0
DA:479,0
DA:480,0
DA:507,25
DA:518,0
DA:519,0
DA:520,0
DA:523,0
DA:525,0
DA:527,0
DA:528,0
DA:529,0
DA:530,0
DA:531,0
DA:532,0
DA:535,0
DA:537,0
DA:538,0
DA:539,0
DA:540,0
DA:541,0
DA:542,0
DA:547,0
DA:565,0
DA:581,0
LF:204
LH:1
end_of_record
SF:lib/src/sources/database_source.dart
DA:27,1
DA:35,3
DA:38,0
DA:39,0
DA:40,0
DA:41,0
DA:42,0
DA:43,0
DA:54,0
DA:70,0
DA:78,0
DA:79,0
DA:80,0
DA:81,0
DA:82,0
DA:83,0
DA:98,1
DA:109,1
DA:110,2
DA:114,3
DA:117,2
DA:118,1
DA:119,1
DA:120,1
DA:121,1
DA:122,1
DA:123,2
DA:124,2
DA:147,1
DA:150,0
DA:151,0
DA:152,0
DA:153,0
DA:156,0
DA:157,0
DA:158,0
DA:159,0
DA:160,0
DA:161,0
DA:162,0
DA:164,0
DA:165,0
DA:166,0
DA:171,0
DA:172,0
DA:176,0
DA:177,0
DA:180,0
DA:181,0
DA:182,0
DA:187,0
DA:188,0
DA:189,0
DA:190,0
DA:195,0
DA:196,0
DA:199,0
DA:200,0
DA:203,0
DA:204,0
DA:205,0
DA:206,0
DA:208,0
DA:213,0
DA:214,0
DA:219,0
DA:220,0
DA:221,0
DA:226,1
DA:227,1
DA:229,0
DA:230,0
DA:231,0
DA:232,0
DA:233,0
DA:234,0
DA:235,0
DA:236,0
DA:239,0
DA:243,2
DA:244,2
DA:245,2
DA:249,0
DA:252,0
DA:256,0
DA:257,0
DA:258,0
DA:259,0
DA:260,0
DA:262,0
DA:264,0
DA:265,0
DA:266,0
DA:267,0
DA:269,0
DA:270,0
DA:271,0
DA:272,0
DA:298,1
DA:307,0
DA:310,3
DA:314,0
DA:315,0
DA:316,0
DA:317,0
DA:322,0
DA:326,0
DA:327,0
DA:329,0
DA:330,0
DA:332,0
DA:333,0
DA:335,0
DA:336,0
DA:337,0
DA:338,0
DA:339,0
DA:341,0
DA:342,0
DA:343,0
DA:349,0
DA:353,0
DA:356,0
DA:358,0
DA:359,0
DA:360,0
DA:361,0
DA:362,0
DA:363,0
DA:364,0
DA:365,0
DA:368,0
DA:369,0
DA:370,0
DA:374,0
DA:375,0
DA:376,0
DA:377,0
DA:378,0
DA:379,0
DA:380,0
DA:381,0
DA:382,0
DA:383,0
DA:384,0
DA:385,0
DA:389,0
DA:391,0
DA:394,0
DA:395,0
DA:398,0
DA:403,0
DA:405,0
DA:407,0
DA:415,0
DA:418,0
DA:421,0
DA:423,0
DA:426,0
DA:429,0
DA:433,0
DA:434,0
DA:438,0
DA:441,0
DA:443,0
DA:444,0
DA:446,0
DA:452,0
DA:454,0
DA:456,0
DA:457,0
DA:458,0
DA:459,0
DA:461,0
DA:465,0
DA:466,0
DA:469,0
DA:470,0
DA:475,0
DA:476,0
DA:477,0
DA:478,0
DA:479,0
DA:481,0
DA:483,0
DA:484,0
DA:485,0
DA:486,0
DA:487,0
DA:488,0
DA:489,0
DA:491,0
DA:492,0
DA:493,0
DA:494,0
DA:495,0
DA:496,0
DA:497,0
DA:498,0
DA:501,0
DA:502,0
DA:503,0
DA:506,0
DA:511,0
DA:512,0
DA:525,0
DA:528,0
DA:531,0
DA:537,0
DA:538,0
DA:541,0
DA:542,0
DA:543,0
DA:545,0
DA:546,0
DA:548,0
DA:549,0
DA:551,0
DA:552,0
DA:556,0
DA:561,0
DA:562,0
DA:575,0
DA:578,0
DA:581,0
DA:587,0
DA:588,0
DA:601,0
DA:604,0
DA:607,0
DA:613,0
DA:614,0
DA:627,0
DA:630,0
DA:633,0
DA:639,0
DA:640,0
DA:643,0
DA:644,0
DA:645,0
DA:648,0
DA:656,0
DA:657,0
DA:660,0
DA:664,0
DA:670,0
DA:671,0
DA:674,0
DA:678,0
DA:679,0
DA:680,0
DA:681,0
DA:682,0
DA:683,0
DA:684,0
DA:686,0
DA:687,0
DA:693,0
DA:694,0
DA:698,0
DA:701,0
DA:702,0
DA:703,0
DA:704,0
DA:709,0
DA:719,0
DA:720,0
DA:721,0
DA:728,0
DA:734,0
DA:737,0
DA:738,0
DA:739,0
DA:740,0
DA:743,0
DA:744,0
DA:748,0
DA:750,0
DA:751,0
DA:752,0
DA:753,0
DA:757,0
DA:760,0
DA:761,0
DA:762,0
DA:766,0
DA:767,0
DA:774,0
DA:776,0
DA:780,0
DA:781,0
DA:782,0
DA:783,0
DA:784,0
DA:790,0
DA:796,0
DA:798,0
DA:800,0
DA:802,0
DA:803,0
DA:804,0
DA:805,0
DA:807,0
DA:809,0
DA:810,0
DA:821,0
DA:822,0
DA:836,0
DA:837,0
DA:840,0
DA:841,0
DA:842,0
DA:844,0
DA:845,0
DA:846,0
DA:847,0
DA:849,0
DA:850,0
DA:852,0
DA:853,0
DA:854,0
DA:855,0
DA:857,0
DA:858,0
DA:860,0
DA:861,0
DA:862,0
DA:863,0
DA:865,0
DA:866,0
DA:868,0
DA:869,0
DA:870,0
DA:871,0
DA:874,0
DA:877,0
DA:882,0
DA:883,0
DA:885,0
DA:886,0
DA:887,0
DA:891,0
DA:895,0
DA:904,0
DA:905,0
DA:906,0
DA:907,0
DA:908,0
DA:909,0
DA:913,0
DA:914,0
DA:915,0
DA:916,0
DA:920,0
DA:921,0
DA:922,0
DA:923,0
DA:927,0
DA:928,0
DA:935,0
DA:941,0
DA:944,0
DA:945,0
DA:946,0
DA:953,0
DA:954,0
DA:961,0
DA:962,0
DA:969,0
DA:970,0
DA:978,0
DA:981,0
DA:986,0
DA:994,0
DA:996,0
DA:997,0
DA:998,0
DA:1002,0
DA:1003,0
DA:1004,0
DA:1007,0
DA:1008,0
DA:1009,0
DA:1013,0
DA:1016,0
DA:1017,0
DA:1021,0
DA:1022,0
DA:1025,0
DA:1027,0
DA:1031,0
DA:1039,0
DA:1042,0
DA:1043,0
DA:1044,0
DA:1045,0
DA:1049,0
DA:1050,0
DA:1051,0
DA:1052,0
DA:1055,0
DA:1056,0
DA:1057,0
DA:1058,0
DA:1062,0
DA:1065,0
DA:1066,0
DA:1067,0
DA:1071,0
DA:1072,0
DA:1073,0
DA:1076,0
DA:1078,0
DA:1079,0
DA:1084,0
DA:1088,0
DA:1096,0
DA:1098,0
DA:1099,0
DA:1100,0
DA:1104,0
DA:1105,0
DA:1106,0
DA:1109,0
DA:1110,0
DA:1111,0
DA:1115,0
DA:1118,0
DA:1119,0
DA:1123,0
DA:1124,0
DA:1127,0
DA:1129,0
DA:1133,0
DA:1140,0
DA:1141,0
DA:1143,0
DA:1144,0
DA:1148,0
DA:1149,0
DA:1152,0
DA:1153,0
DA:1157,0
DA:1161,0
DA:1162,0
DA:1163,0
DA:1164,0
DA:1169,0
DA:1170,0
DA:1173,0
DA:1174,0
DA:1178,0
DA:1179,0
DA:1183,0
DA:1184,0
DA:1185,0
DA:1189,0
DA:1192,0
DA:1193,0
DA:1194,0
DA:1196,0
DA:1197,0
DA:1199,0
DA:1200,0
DA:1202,0
DA:1203,0
DA:1206,0
DA:1209,0
DA:1212,0
DA:1218,0
DA:1219,0
DA:1221,0
DA:1222,0
DA:1223,0
DA:1224,0
DA:1225,0
DA:1226,0
DA:1227,0
DA:1228,0
DA:1229,0
DA:1233,0
DA:1237,0
DA:1241,0
DA:1242,0
DA:1254,0
DA:1255,0
DA:1256,0
DA:1257,0
DA:1258,0
DA:1259,0
DA:1260,0
DA:1261,0
DA:1268,0
DA:1272,0
DA:1273,0
DA:1284,0
DA:1285,0
DA:1286,0
DA:1287,0
DA:1288,0
DA:1289,0
DA:1290,0
DA:1291,0
DA:1298,0
DA:1299,0
DA:1301,0
DA:1302,0
DA:1303,0
DA:1304,0
DA:1305,0
DA:1306,0
DA:1307,0
DA:1308,0
DA:1309,0
DA:1312,0
DA:1317,0
DA:1318,0
DA:1319,0
DA:1320,0
DA:1321,0
DA:1322,0
DA:1323,0
DA:1325,0
DA:1327,0
DA:1328,0
DA:1329,0
DA:1334,0
DA:1335,0
DA:1336,0
DA:1337,0
DA:1338,0
DA:1339,0
DA:1340,0
DA:1342,0
DA:1344,0
DA:1345,0
DA:1346,0
DA:1351,0
DA:1352,0
DA:1353,0
DA:1354,0
DA:1355,0
DA:1356,0
DA:1357,0
DA:1359,0
DA:1361,0
DA:1362,0
DA:1363,0
DA:1368,0
DA:1369,0
DA:1370,0
DA:1371,0
DA:1372,0
DA:1373,0
DA:1374,0
DA:1376,0
DA:1378,0
DA:1379,0
DA:1380,0
DA:1385,0
DA:1389,0
DA:1390,0
DA:1394,0
DA:1397,0
DA:1398,0
DA:1399,0
DA:1400,0
DA:1401,0
DA:1402,0
DA:1403,0
DA:1404,0
DA:1405,0
DA:1407,0
DA:1410,0
DA:1413,0
DA:1419,0
DA:1424,0
DA:1429,0
DA:1434,0
DA:1436,0
DA:1437,0
DA:1441,0
DA:1445,0
DA:1450,0
DA:1452,0
DA:1453,0
DA:1454,0
DA:1455,0
DA:1458,0
DA:1462,0
DA:1469,0
DA:1470,0
DA:1474,0
DA:1476,0
DA:1477,0
DA:1478,0
DA:1479,0
LF:597
LH:22
end_of_record
SF:lib/src/storage/vector_database.dart
DA:21,4
DA:34,0
DA:41,0
DA:42,0
DA:43,0
DA:44,0
DA:45,0
DA:50,0
DA:141,4
DA:145,3
DA:146,4
DA:147,4
DA:150,4
DA:165,8
DA:166,12
DA:167,8
DA:168,8
DA:173,4
DA:174,4
DA:175,4
DA:176,4
DA:177,4
DA:178,4
DA:185,4
DA:186,4
DA:188,2
DA:189,6
DA:190,1
DA:194,8
DA:195,2
DA:199,2
DA:200,0
DA:207,0
DA:208,0
DA:211,0
DA:215,0
DA:216,0
DA:217,0
DA:218,0
DA:223,0
DA:226,0
DA:229,0
DA:231,0
DA:232,0
DA:234,0
DA:244,0
DA:245,0
DA:246,0
DA:252,0
DA:253,0
DA:255,0
DA:256,0
DA:260,0
DA:261,0
DA:263,0
DA:264,0
DA:267,0
DA:269,0
DA:271,0
DA:281,0
DA:282,0
DA:287,0
DA:288,0
DA:291,0
DA:292,0
DA:293,0
DA:294,0
DA:297,0
DA:298,0
DA:300,0
DA:301,0
DA:302,0
DA:303,0
DA:304,0
DA:305,0
DA:308,0
DA:311,0
DA:317,0
DA:318,0
DA:321,0
DA:322,0
DA:325,0
DA:326,0
DA:327,0
DA:330,0
DA:331,0
DA:332,0
DA:334,0
DA:336,0
DA:338,0
DA:344,0
DA:345,0
DA:348,0
DA:349,0
DA:351,0
DA:352,0
DA:357,0
DA:359,0
DA:360,0
DA:361,0
DA:362,0
DA:363,0
DA:364,0
DA:368,0
DA:369,0
DA:373,0
DA:380,0
DA:382,0
DA:385,0
DA:387,0
DA:390,0
DA:391,0
DA:395,0
DA:397,0
DA:398,0
DA:399,0
DA:400,0
DA:401,0
DA:405,0
DA:406,0
DA:408,0
DA:409,0
DA:411,0
DA:412,0
DA:418,0
DA:419,0
DA:420,0
DA:424,3
DA:426,6
DA:427,0
DA:433,3
DA:434,9
DA:435,6
DA:439,0
DA:441,0
DA:442,0
DA:444,0
DA:447,0
DA:448,0
DA:458,0
DA:464,0
DA:466,0
DA:476,0
DA:477,0
DA:479,0
DA:480,0
DA:481,0
DA:482,0
DA:486,0
DA:490,0
DA:491,0
DA:492,0
DA:495,0
DA:496,0
DA:499,0
DA:501,0
DA:504,0
DA:507,0
DA:508,0
DA:509,0
DA:511,0
DA:517,0
DA:519,0
DA:522,0
DA:526,0
DA:528,0
DA:529,0
DA:530,0
DA:532,0
DA:533,0
DA:535,0
DA:536,0
DA:539,0
DA:545,0
DA:551,0
DA:552,0
DA:555,0
DA:556,0
DA:559,0
DA:560,0
DA:562,0
DA:566,0
DA:569,0
DA:572,0
DA:578,0
DA:579,0
DA:582,0
DA:584,0
DA:585,0
DA:587,0
DA:588,0
DA:593,0
DA:599,4
DA:600,4
DA:601,4
DA:602,4
DA:603,4
DA:604,4
DA:605,4
DA:606,4
DA:607,8
DA:609,4
DA:610,8
DA:611,8
DA:612,8
DA:613,8
DA:614,4
DA:615,8
DA:618,4
DA:619,8
DA:620,8
DA:621,4
DA:622,8
DA:628,4
DA:629,8
DA:630,8
DA:631,4
DA:633,4
DA:634,0
DA:638,3
DA:639,6
DA:640,6
DA:641,3
DA:642,6
DA:646,0
DA:648,0
DA:649,0
DA:651,0
DA:652,0
DA:653,0
DA:654,0
DA:658,0
DA:659,0
DA:660,0
DA:664,0
DA:666,0
DA:670,0
DA:671,0
DA:673,0
DA:675,0
DA:676,0
DA:677,0
DA:678,0
DA:679,0
DA:680,0
DA:681,0
DA:685,0
DA:689,0
DA:690,0
DA:691,0
DA:693,0
DA:694,0
DA:696,0
DA:697,0
DA:702,3
DA:703,3
DA:706,6
DA:709,3
DA:710,0
DA:711,0
DA:715,3
DA:716,0
DA:717,0
DA:721,3
DA:723,3
DA:724,6
DA:726,0
DA:742,0
DA:749,0
DA:754,0
DA:758,0
DA:761,0
DA:762,0
DA:765,0
DA:767,0
DA:768,0
DA:769,0
DA:779,0
DA:781,0
DA:784,0
DA:789,0
DA:790,0
DA:791,0
DA:792,0
DA:793,0
DA:794,0
DA:795,0
DA:796,0
DA:798,0
DA:803,0
DA:808,0
DA:809,0
DA:810,0
DA:811,0
DA:814,0
DA:816,0
DA:820,0
DA:823,0
DA:824,0
DA:825,0
DA:828,0
DA:829,0
DA:833,0
DA:836,0
DA:837,0
DA:853,1
DA:867,1
LF:307
LH:70
end_of_record
SF:lib/src/cache/cache_manager.dart
DA:16,2
DA:27,4
DA:30,0
DA:33,1
DA:34,1
DA:35,1
DA:36,1
DA:37,1
DA:38,1
DA:39,1
DA:40,2
DA:41,1
DA:46,0
DA:47,0
DA:48,0
DA:49,0
DA:50,0
DA:51,0
DA:52,0
DA:53,0
DA:54,0
DA:59,0
DA:60,0
DA:62,0
DA:63,0
DA:64,0
DA:65,0
DA:66,0
DA:67,0
DA:84,4
DA:96,2
DA:97,2
DA:98,2
DA:99,2
DA:100,2
DA:101,2
DA:102,2
DA:103,2
DA:104,2
DA:105,4
DA:106,4
DA:114,12
DA:150,4
DA:151,11
DA:152,4
DA:156,4
DA:157,4
DA:158,4
DA:160,4
DA:161,4
DA:164,4
DA:169,4
DA:178,4
DA:182,4
DA:185,6
DA:186,2
DA:187,6
DA:195,4
DA:196,8
DA:199,4
DA:202,12
DA:203,0
DA:207,12
DA:208,0
DA:211,8
DA:215,0
DA:216,0
DA:223,0
DA:224,0
DA:231,4
DA:232,12
DA:233,8
DA:234,16
DA:238,2
DA:240,4
DA:243,4
DA:248,1
DA:249,0
DA:250,0
DA:255,3
DA:256,2
DA:257,3
DA:261,1
DA:263,2
DA:264,1
DA:266,0
DA:267,0
DA:273,2
DA:280,2
DA:282,3
DA:283,2
DA:286,2
DA:291,2
DA:296,4
DA:297,0
DA:301,4
DA:304,6
DA:305,2
DA:309,2
DA:311,0
DA:316,1
DA:318,2
DA:320,1
DA:321,2
DA:322,3
DA:325,0
DA:330,1
DA:331,2
DA:334,1
DA:335,1
DA:343,1
DA:345,2
DA:346,2
DA:347,2
DA:349,0
DA:354,4
DA:355,18
DA:356,12
DA:358,4
DA:359,8
DA:362,4
DA:363,4
DA:364,16
DA:365,5
DA:367,4
DA:368,4
DA:369,4
DA:374,1
DA:375,1
DA:376,1
DA:377,3
DA:378,3
DA:379,3
DA:380,3
DA:385,1
DA:386,3
DA:390,1
DA:392,2
DA:394,1
DA:395,1
DA:396,1
DA:397,1
DA:398,1
DA:400,1
DA:401,1
DA:404,2
DA:405,3
DA:408,0
DA:413,1
DA:415,2
DA:417,2
DA:418,1
DA:419,1
DA:420,1
DA:422,1
DA:423,1
DA:424,1
DA:425,1
DA:429,1
DA:430,1
DA:432,2
DA:433,3
DA:436,0
DA:441,2
DA:443,4
DA:444,4
DA:445,4
DA:446,4
DA:448,0
DA:457,0
DA:458,0
DA:462,0
DA:465,0
DA:466,0
DA:469,0
DA:470,0
DA:473,0
DA:474,0
DA:475,0
DA:479,0
DA:480,0
DA:481,0
DA:485,0
DA:486,0
DA:489,0
DA:490,0
DA:491,0
DA:493,0
DA:494,0
DA:496,0
DA:497,0
DA:498,0
DA:502,0
DA:507,2
DA:508,4
DA:509,4
DA:512,6
DA:513,3
DA:516,2
DA:517,3
DA:518,2
DA:520,1
DA:521,2
DA:524,2
DA:525,3
DA:527,2
DA:528,1
DA:533,6
DA:534,2
DA:535,1
DA:536,1
DA:537,3
DA:538,1
DA:544,3
DA:545,3
DA:546,2
DA:547,1
DA:549,1
DA:550,2
DA:552,1
DA:553,1
DA:556,2
DA:557,3
DA:558,2
DA:559,3
DA:561,2
DA:562,4
DA:568,2
DA:569,10
DA:573,1
DA:574,3
DA:576,1
DA:577,1
DA:578,3
DA:584,1
DA:585,1
DA:586,2
DA:590,2
DA:594,8
DA:597,4
DA:598,4
DA:599,4
DA:600,0
DA:601,0
DA:602,0
DA:604,0
DA:605,0
DA:606,0
DA:607,0
DA:608,0
DA:609,0
DA:610,0
DA:611,0
DA:612,0
DA:615,4
DA:616,1
DA:617,3
DA:618,2
DA:619,5
DA:620,2
DA:621,4
DA:622,2
DA:623,1
DA:626,2
DA:627,0
DA:628,2
DA:629,0
DA:632,5
DA:636,10
DA:639,2
DA:640,2
DA:641,2
DA:647,4
DA:651,10
DA:652,4
DA:659,1
DA:660,1
DA:661,2
DA:662,2
DA:665,3
DA:666,2
DA:669,2
DA:674,4
DA:675,12
DA:678,4
DA:679,3
DA:680,4
DA:681,1
DA:684,1
DA:685,4
DA:690,0
DA:691,0
DA:692,0
DA:694,0
DA:696,0
DA:700,0
DA:701,0
DA:703,0
DA:704,0
DA:705,0
DA:707,0
DA:708,0
DA:712,0
DA:713,0
DA:714,0
DA:716,0
DA:718,0
DA:719,0
DA:720,0
DA:721,0
DA:722,0
DA:724,0
DA:725,0
DA:727,0
DA:728,0
DA:731,0
DA:732,0
DA:734,0
DA:735,0
DA:736,0
DA:737,0
DA:738,0
DA:739,0
DA:740,0
DA:741,0
DA:743,0
DA:744,0
DA:745,0
DA:746,0
LF:329
LH:217
end_of_record
SF:lib/src/scoring/advanced_scoring_engine.dart
DA:17,27
DA:24,4
DA:25,2
DA:26,2
DA:27,2
DA:28,2
DA:31,1
DA:32,1
DA:33,1
DA:34,2
DA:35,2
DA:36,1
DA:52,2
DA:61,2
DA:63,2
DA:64,1
DA:65,1
DA:66,1
DA:67,1
DA:68,1
DA:69,1
DA:70,2
DA:71,1
DA:74,1
DA:75,1
DA:76,1
DA:77,1
DA:78,1
DA:80,1
DA:81,1
DA:83,1
DA:84,1
DA:86,2
DA:87,2
DA:88,2
DA:89,2
DA:94,2
DA:101,4
DA:102,4
DA:103,2
DA:104,2
DA:106,4
DA:107,4
DA:110,2
DA:111,4
DA:115,2
DA:116,4
DA:120,2
DA:121,4
DA:125,6
DA:126,2
DA:127,2
DA:128,4
DA:129,0
DA:134,2
DA:135,2
DA:141,2
DA:142,6
DA:153,2
DA:157,2
DA:160,1
DA:161,4
DA:162,1
DA:165,5
DA:166,1
DA:170,2
DA:171,1
DA:172,1
DA:173,2
DA:183,0
DA:190,0
DA:193,0
DA:194,0
DA:201,0
DA:202,0
DA:204,0
DA:210,0
DA:211,0
DA:217,0
DA:218,0
DA:219,0
DA:220,0
DA:223,0
DA:225,0
DA:229,0
DA:233,0
DA:234,0
DA:235,0
DA:236,0
DA:240,0
DA:260,2
DA:266,0
DA:275,0
DA:276,0
DA:278,0
DA:281,0
DA:287,0
DA:288,0
DA:290,0
DA:295,0
DA:296,0
DA:300,1
DA:301,1
DA:302,2
DA:303,5
DA:304,5
DA:321,2
DA:325,2
DA:326,2
DA:327,4
DA:328,6
DA:329,2
DA:332,4
DA:336,2
DA:337,6
DA:338,6
DA:339,6
DA:340,6
DA:341,6
DA:342,6
DA:343,6
DA:347,2
DA:348,4
DA:354,4
DA:360,4
DA:366,4
DA:372,4
DA:378,4
DA:386,0
DA:393,0
DA:396,0
DA:398,0
DA:402,0
DA:405,0
DA:413,0
DA:420,0
DA:422,0
DA:423,0
DA:424,0
DA:428,0
DA:430,0
DA:431,0
DA:438,0
DA:447,0
DA:448,0
DA:449,0
DA:450,0
DA:454,0
DA:455,0
DA:456,0
DA:457,0
DA:461,0
DA:462,0
DA:465,0
DA:466,0
DA:467,0
DA:468,0
DA:473,0
DA:479,0
DA:480,0
DA:486,0
DA:487,0
DA:491,0
DA:492,0
DA:494,0
DA:495,0
DA:496,0
DA:499,0
DA:500,0
DA:501,0
DA:504,0
DA:508,0
DA:520,0
DA:526,0
DA:530,0
DA:536,0
DA:540,0
DA:553,0
DA:554,0
DA:555,0
DA:560,0
DA:561,0
DA:564,0
DA:566,0
DA:567,0
DA:569,0
DA:573,0
DA:579,0
DA:580,0
DA:582,0
DA:585,0
DA:588,0
DA:591,0
DA:594,0
DA:601,0
DA:610,0
DA:611,0
DA:612,0
DA:616,0
DA:617,0
DA:621,0
DA:622,0
DA:626,0
DA:627,0
DA:628,0
DA:629,0
DA:630,0
DA:633,0
DA:637,2
DA:645,6
DA:646,2
DA:653,4
DA:657,2
DA:658,4
DA:662,1
DA:666,2
DA:667,2
DA:668,3
DA:669,1
DA:674,2
DA:675,2
DA:676,4
DA:677,4
DA:678,6
DA:679,2
DA:680,4
DA:681,4
DA:682,4
DA:683,4
DA:684,6
DA:690,0
DA:698,0
DA:700,0
DA:702,0
DA:703,0
DA:704,0
DA:708,0
DA:709,0
DA:710,0
DA:713,0
DA:714,0
DA:715,0
DA:717,0
DA:718,0
DA:724,0
DA:725,0
DA:727,0
DA:728,0
DA:730,0
DA:733,0
DA:734,0
DA:736,0
DA:738,0
DA:739,0
DA:741,0
DA:743,0
DA:744,0
LF:257
LH:118
end_of_record
SF:lib/src/fusion/advanced_fusion_engine.dart
DA:18,2
DA:25,2
DA:26,1
DA:27,1
DA:28,1
DA:29,1
DA:32,1
DA:33,1
DA:34,1
DA:35,1
DA:36,2
DA:37,1
DA:49,25
DA:56,0
DA:57,0
DA:58,0
DA:59,0
DA:60,0
DA:69,0
DA:71,0
DA:73,0
DA:74,0
DA:75,0
DA:76,0
DA:88,0
DA:104,1
DA:110,1
DA:113,1
DA:114,2
DA:115,2
DA:116,6
DA:121,3
DA:124,1
DA:125,2
DA:126,2
DA:128,4
DA:130,3
DA:134,1
DA:135,2
DA:136,1
DA:137,7
DA:138,5
DA:139,3
DA:142,2
DA:143,1
DA:144,2
DA:145,1
DA:146,1
DA:147,2
DA:148,2
DA:149,1
DA:150,1
DA:154,0
DA:157,0
DA:158,0
DA:159,0
DA:160,0
DA:161,0
DA:162,0
DA:175,1
DA:183,2
DA:184,2
DA:185,2
DA:186,1
DA:187,1
DA:188,1
DA:200,1
DA:206,1
DA:208,2
DA:209,1
DA:210,1
DA:211,1
DA:212,1
DA:213,2
DA:244,2
DA:250,0
DA:252,2
DA:256,0
DA:257,0
DA:258,0
DA:259,0
DA:264,0
DA:265,0
DA:268,2
DA:269,6
DA:272,4
DA:275,6
DA:278,2
DA:281,6
DA:284,2
DA:287,6
DA:290,2
DA:293,6
DA:296,2
DA:301,1
DA:302,2
DA:303,4
DA:304,1
DA:305,4
DA:309,1
DA:310,2
DA:311,4
DA:315,1
DA:316,3
DA:317,4
DA:321,1
DA:322,2
DA:325,1
DA:332,2
DA:335,6
DA:338,2
DA:340,0
DA:341,0
DA:342,0
DA:343,0
DA:346,4
DA:348,2
DA:352,2
DA:353,4
DA:354,0
DA:355,0
DA:356,0
DA:357,0
DA:358,0
DA:361,4
DA:362,1
DA:365,4
DA:368,1
DA:374,4
DA:377,1
DA:378,4
DA:381,1
DA:391,1
DA:393,1
DA:396,1
DA:397,4
DA:398,2
DA:399,1
DA:401,2
DA:402,4
DA:404,3
DA:406,2
DA:407,3
DA:413,0
DA:418,0
DA:421,0
DA:422,0
DA:424,0
DA:425,0
DA:429,0
DA:430,0
DA:431,0
DA:434,0
DA:435,0
DA:436,0
DA:438,0
DA:440,0
DA:442,0
DA:443,0
DA:445,0
DA:446,0
DA:451,0
DA:454,0
DA:456,0
DA:457,0
DA:460,0
DA:464,0
DA:467,0
DA:468,0
DA:469,0
DA:473,0
DA:475,0
DA:477,0
DA:481,0
DA:482,0
DA:483,0
DA:484,0
DA:489,0
DA:490,0
DA:492,0
DA:493,0
DA:499,0
DA:500,0
DA:501,0
DA:502,0
DA:503,0
DA:504,0
DA:506,0
DA:507,0
DA:510,0
DA:518,0
DA:519,0
DA:524,0
DA:530,0
DA:533,0
DA:534,0
DA:536,0
DA:537,0
DA:540,0
DA:541,0
DA:542,0
DA:545,0
DA:550,0
DA:551,0
DA:552,0
DA:557,0
DA:558,0
DA:559,0
DA:560,0
DA:572,0
DA:578,0
DA:579,0
DA:580,0
DA:581,0
DA:582,0
DA:585,0
DA:586,0
DA:587,0
DA:588,0
DA:589,0
DA:592,0
DA:597,0
DA:598,0
DA:599,0
DA:603,0
DA:607,0
DA:609,0
DA:613,0
DA:614,0
DA:615,0
DA:619,0
DA:620,0
DA:622,0
DA:626,0
DA:627,0
DA:629,0
DA:632,0
DA:633,0
DA:634,0
DA:635,0
DA:641,0
DA:645,0
DA:647,0
DA:648,0
DA:649,0
DA:656,0
DA:660,0
DA:662,0
DA:665,0
DA:666,0
DA:668,0
DA:669,0
DA:672,0
DA:673,0
DA:674,0
DA:678,0
DA:679,0
DA:680,0
DA:685,0
DA:686,0
DA:687,0
DA:690,0
DA:691,0
DA:693,0
DA:694,0
DA:695,0
DA:697,0
DA:707,0
DA:713,0
DA:714,0
DA:715,0
DA:720,0
DA:721,0
DA:722,0
DA:726,0
DA:727,0
DA:731,1
DA:735,1
DA:738,2
DA:739,2
DA:741,1
DA:742,2
DA:745,2
DA:746,3
DA:747,2
DA:750,1
DA:755,2
DA:756,0
DA:757,0
DA:758,0
DA:763,1
DA:764,1
DA:765,1
DA:766,2
DA:768,1
DA:778,1
DA:787,4
DA:788,4
DA:789,4
DA:790,4
DA:791,2
DA:794,1
DA:795,4
DA:796,1
DA:797,6
DA:798,2
DA:801,5
DA:806,2
DA:807,2
DA:808,1
DA:812,1
DA:816,1
DA:818,1
DA:822,6
DA:823,1
DA:824,1
DA:828,2
DA:829,5
DA:831,4
DA:835,2
DA:836,2
DA:838,4
DA:841,1
DA:842,6
DA:843,3
DA:844,4
DA:850,1
DA:856,1
DA:858,2
DA:859,3
DA:860,1
DA:864,0
DA:870,0
DA:872,0
DA:873,0
DA:874,0
DA:876,0
DA:877,0
DA:886,0
DA:892,0
DA:893,0
DA:894,0
DA:895,0
DA:896,0
DA:903,0
DA:904,0
DA:905,0
DA:906,0
DA:907,0
DA:913,0
DA:915,0
DA:916,0
DA:918,0
DA:921,0
DA:926,0
DA:927,0
DA:928,0
DA:935,0
DA:941,0
DA:942,0
DA:943,0
DA:946,0
DA:947,0
DA:949,0
DA:953,0
DA:954,0
DA:959,0
DA:965,0
DA:966,0
DA:967,0
DA:969,0
DA:970,0
DA:973,0
DA:975,0
DA:979,0
DA:980,0
DA:985,0
DA:996,0
DA:997,0
DA:998,0
DA:1000,0
DA:1003,0
DA:1004,0
DA:1011,0
DA:1012,0
DA:1020,0
DA:1023,0
DA:1025,0
DA:1028,0
DA:1033,0
DA:1039,0
DA:1041,0
DA:1045,0
DA:1048,0
DA:1049,0
DA:1050,0
DA:1051,0
DA:1054,0
DA:1055,0
DA:1058,0
DA:1061,0
DA:1063,0
DA:1064,0
DA:1065,0
DA:1066,0
DA:1068,0
DA:1069,0
DA:1070,0
DA:1072,0
DA:1075,0
DA:1076,0
DA:1078,0
DA:1080,0
DA:1081,0
DA:1082,0
DA:1084,0
DA:1088,0
DA:1089,0
DA:1094,1
DA:1098,1
DA:1100,2
DA:1101,1
DA:1104,2
DA:1105,2
DA:1110,2
DA:1113,1
DA:1114,3
DA:1115,3
DA:1118,3
DA:1120,1
DA:1121,1
DA:1122,1
DA:1123,4
DA:1125,2
DA:1126,2
DA:1130,3
DA:1132,1
DA:1137,1
DA:1141,5
DA:1142,1
DA:1144,1
DA:1145,1
DA:1147,1
DA:1148,0
DA:1149,0
DA:1152,1
DA:1153,0
DA:1154,0
DA:1157,1
DA:1158,0
DA:1159,0
DA:1162,1
DA:1163,1
DA:1176,1
DA:1184,1
DA:1186,3
DA:1187,1
DA:1188,1
DA:1189,1
DA:1192,3
DA:1195,2
DA:1196,2
DA:1197,1
DA:1202,1
DA:1203,2
DA:1205,1
DA:1206,2
DA:1208,1
DA:1209,2
DA:1211,1
DA:1213,2
DA:1215,1
DA:1220,3
DA:1224,1
DA:1225,2
DA:1226,1
DA:1227,1
DA:1228,1
DA:1229,1
DA:1230,1
DA:1231,1
DA:1232,2
DA:1233,2
DA:1234,1
DA:1236,1
DA:1237,1
DA:1240,1
DA:1247,1
DA:1253,1
DA:1254,2
DA:1255,2
DA:1256,2
DA:1257,1
DA:1261,2
DA:1262,2
DA:1266,2
DA:1267,2
DA:1268,4
DA:1269,12
DA:1270,2
DA:1271,2
DA:1272,2
DA:1273,6
DA:1274,4
DA:1279,3
DA:1282,1
DA:1283,2
DA:1285,3
DA:1286,1
DA:1287,1
DA:1288,1
DA:1291,3
DA:1296,1
DA:1297,2
DA:1299,3
DA:1300,1
DA:1301,1
DA:1302,1
DA:1303,1
DA:1305,3
LF:520
LH:256
end_of_record
SF:lib/src/engines/context_scoring_engine.dart
DA:30,2
DA:34,0
DA:37,2
DA:43,2
DA:53,1
DA:59,1
DA:61,4
DA:64,1
DA:66,2
DA:67,1
DA:74,1
DA:76,1
DA:79,4
DA:82,0
DA:83,0
DA:88,1
DA:94,1
DA:97,2
DA:98,1
DA:103,2
DA:106,3
DA:109,2
DA:113,0
DA:121,1
DA:124,1
DA:126,1
DA:128,1
DA:129,1
DA:130,1
DA:135,1
DA:142,1
DA:143,1
DA:145,1
DA:148,1
DA:149,1
DA:154,2
DA:155,1
DA:156,1
DA:159,1
DA:162,1
DA:163,3
DA:166,1
DA:167,2
DA:168,1
DA:171,1
DA:172,2
DA:176,1
DA:177,4
DA:180,1
DA:183,0
DA:185,0
DA:189,1
DA:190,1
DA:193,2
DA:194,0
DA:198,1
DA:199,2
DA:200,1
DA:201,1
DA:202,1
DA:206,1
DA:207,1
DA:210,1
DA:214,1
DA:218,2
DA:219,2
DA:220,1
DA:221,1
DA:222,1
DA:226,2
DA:227,0
DA:231,2
DA:232,0
DA:236,1
DA:237,0
DA:240,1
DA:244,0
DA:259,1
DA:263,2
DA:264,1
DA:265,1
DA:266,2
DA:268,2
DA:269,1
DA:272,1
DA:273,2
DA:277,1
DA:281,1
DA:282,0
DA:286,2
DA:287,5
DA:291,4
DA:292,4
DA:293,1
DA:295,1
DA:298,2
DA:299,4
DA:301,1
DA:302,2
DA:303,2
DA:308,1
DA:311,1
DA:313,1
DA:315,0
DA:323,1
DA:325,1
DA:326,2
DA:327,1
DA:328,2
DA:329,4
DA:330,1
DA:334,1
DA:335,1
DA:337,2
DA:338,3
DA:342,1
DA:343,4
DA:347,0
DA:348,0
DA:349,0
DA:350,0
DA:351,0
LF:122
LH:104
end_of_record
SF:lib/src/engines/context_storage_engine.dart
DA:44,2
DA:48,0
DA:51,0
DA:52,0
DA:55,0
DA:59,0
DA:60,0
DA:61,0
DA:68,0
DA:71,0
DA:74,0
DA:76,0
DA:77,0
DA:79,0
DA:89,0
DA:92,0
DA:97,0
DA:98,0
DA:100,0
DA:103,0
DA:104,0
DA:107,0
DA:109,0
DA:115,0
DA:118,0
DA:123,0
DA:124,0
DA:126,0
DA:127,0
DA:130,0
DA:132,0
DA:138,0
DA:140,0
DA:158,0
DA:172,0
DA:184,0
DA:187,0
DA:190,0
DA:193,0
DA:197,0
DA:201,0
DA:206,0
DA:211,0
DA:212,0
DA:215,0
DA:217,0
DA:218,0
DA:219,0
DA:220,0
DA:221,0
DA:222,0
DA:223,0
DA:224,0
DA:225,0
DA:226,0
DA:227,0
DA:228,0
DA:229,0
DA:230,0
DA:234,0
DA:235,0
DA:237,0
DA:238,0
DA:243,0
DA:244,0
DA:248,0
DA:249,0
DA:250,0
DA:251,0
DA:252,0
DA:253,0
DA:254,0
DA:255,0
DA:256,0
DA:260,0
DA:261,0
DA:262,0
DA:263,0
DA:264,0
DA:268,0
DA:270,0
DA:272,0
DA:273,0
DA:278,0
DA:285,0
DA:289,0
DA:290,0
DA:292,0
DA:302,0
DA:305,0
DA:306,0
DA:309,0
DA:312,0
DA:313,0
DA:317,0
DA:320,0
DA:323,0
DA:325,0
DA:328,0
DA:329,0
DA:334,0
DA:337,0
DA:339,0
DA:341,0
DA:342,0
DA:343,0
DA:344,0
DA:345,0
DA:346,0
DA:347,0
DA:353,0
DA:354,0
DA:355,0
DA:357,0
DA:358,0
DA:359,0
DA:361,0
DA:362,0
DA:363,0
DA:364,0
DA:367,0
DA:369,0
DA:378,0
DA:384,0
DA:388,0
DA:389,0
DA:392,0
DA:393,0
DA:394,0
DA:398,0
DA:402,0
DA:404,0
DA:405,0
DA:406,0
DA:409,0
DA:411,0
DA:416,0
DA:417,0
DA:418,0
DA:423,0
DA:424,0
DA:425,0
DA:426,0
DA:427,0
DA:428,0
DA:430,0
DA:431,0
DA:434,0
DA:435,0
DA:440,0
DA:441,0
DA:442,0
DA:446,0
DA:447,0
DA:451,0
DA:452,0
DA:457,0
DA:458,0
DA:462,0
DA:465,0
DA:466,0
DA:467,0
DA:468,0
DA:471,0
DA:472,0
DA:477,2
DA:478,2
DA:481,0
DA:482,0
DA:483,0
DA:484,0
DA:486,0
LF:172
LH:3
end_of_record
SF:lib/src/engines/intelligent_context_fusion_engine.dart
DA:30,2
DA:36,0
DA:45,0
DA:50,0
DA:52,0
DA:56,0
DA:59,0
DA:61,0
DA:62,0
DA:63,0
DA:65,0
DA:66,0
DA:70,0
DA:71,0
DA:75,0
DA:76,0
DA:81,0
DA:85,0
DA:88,0
DA:89,0
DA:91,0
DA:92,0
DA:94,0
DA:95,0
DA:97,0
DA:98,0
DA:99,0
DA:102,0
DA:103,0
DA:104,0
DA:108,0
DA:115,0
DA:123,0
DA:124,0
DA:126,0
DA:127,0
DA:129,0
DA:130,0
DA:134,0
DA:139,0
DA:141,0
DA:144,0
DA:147,0
DA:148,0
DA:152,0
DA:155,0
DA:156,0
DA:157,0
DA:158,0
DA:159,0
DA:163,0
DA:170,0
DA:174,0
DA:176,0
DA:177,0
DA:178,0
DA:179,0
DA:180,0
DA:185,0
DA:186,0
DA:187,0
DA:190,0
DA:191,0
DA:192,0
DA:193,0
DA:194,0
DA:195,0
DA:196,0
DA:200,0
DA:207,0
DA:209,0
DA:212,0
DA:213,0
DA:217,0
DA:218,0
DA:222,0
DA:223,0
DA:224,0
DA:225,0
DA:226,0
DA:229,0
DA:233,0
DA:234,0
DA:236,0
DA:237,0
DA:238,0
DA:239,0
DA:240,0
DA:246,0
DA:250,0
DA:251,0
DA:254,0
DA:255,0
DA:257,0
DA:258,0
DA:262,0
DA:263,0
DA:267,0
DA:268,0
DA:269,0
DA:270,0
DA:271,0
DA:272,0
DA:280,0
DA:281,0
LF:105
LH:1
end_of_record
SF:lib/src/privacy/privacy_manager.dart
DA:11,3
DA:32,2
DA:33,2
DA:34,2
DA:38,2
DA:39,4
DA:40,2
DA:47,4
DA:56,2
DA:57,4
DA:59,2
DA:61,2
DA:63,2
DA:65,2
DA:67,2
DA:69,2
DA:74,1
DA:75,1
DA:76,1
DA:80,1
DA:81,2
DA:85,1
DA:86,2
DA:87,1
DA:89,3
DA:94,1
DA:95,1
DA:96,1
DA:98,1
DA:104,1
DA:106,1
DA:113,3
DA:117,1
DA:121,1
DA:122,1
DA:123,1
DA:124,1
DA:125,1
DA:126,1
DA:128,1
DA:133,1
DA:137,2
DA:138,2
DA:139,1
DA:140,3
DA:141,3
DA:142,0
DA:143,0
DA:144,0
DA:145,0
DA:146,0
DA:147,0
DA:156,1
DA:160,2
DA:161,2
DA:162,1
DA:163,1
DA:164,1
DA:165,2
DA:167,1
DA:168,2
DA:169,2
DA:170,2
DA:174,1
DA:175,2
DA:176,2
DA:177,4
DA:181,0
DA:182,0
DA:183,0
DA:192,1
DA:196,2
DA:197,2
DA:198,1
DA:199,1
DA:200,1
DA:201,1
DA:202,1
DA:203,3
DA:205,0
DA:207,1
DA:208,2
DA:209,2
DA:210,5
DA:214,0
DA:215,0
DA:216,0
DA:217,0
DA:226,1
DA:230,2
DA:231,2
DA:232,1
DA:233,1
DA:234,1
DA:243,1
DA:244,1
DA:245,1
DA:246,2
DA:250,1
DA:251,1
DA:254,4
DA:255,2
DA:256,1
DA:258,1
DA:259,1
DA:260,5
DA:268,1
DA:270,1
DA:272,1
DA:274,1
DA:276,1
DA:278,1
DA:280,1
DA:288,4
DA:289,4
DA:290,4
DA:291,4
DA:292,0
DA:293,0
DA:296,1
DA:297,1
DA:298,1
DA:307,1
DA:308,1
DA:310,2
DA:313,0
DA:314,0
DA:323,1
DA:327,1
DA:328,0
DA:336,1
DA:337,1
DA:339,2
DA:342,3
DA:343,1
DA:352,1
DA:353,1
DA:354,1
DA:356,1
DA:357,3
DA:358,6
DA:361,1
DA:365,1
DA:366,1
DA:367,1
DA:369,1
DA:370,3
DA:371,6
DA:374,1
DA:378,1
DA:379,3
DA:382,1
DA:383,1
DA:385,1
DA:389,1
DA:390,3
DA:394,1
DA:395,3
DA:396,1
DA:398,1
DA:403,1
DA:408,3
DA:409,1
DA:411,1
DA:412,3
DA:417,1
DA:418,1
DA:419,2
DA:423,1
DA:424,1
DA:426,1
DA:427,2
DA:428,1
DA:429,1
DA:430,1
DA:431,1
DA:432,1
DA:433,1
DA:438,1
DA:442,1
DA:444,2
DA:445,1
DA:446,1
DA:448,1
DA:449,1
DA:450,3
DA:452,2
DA:455,0
DA:463,1
DA:464,2
DA:468,1
DA:469,2
DA:474,1
DA:475,3
DA:476,3
DA:477,2
DA:484,3
DA:485,0
DA:491,2
DA:492,2
DA:493,4
DA:494,4
DA:495,4
DA:496,2
DA:497,4
DA:498,4
DA:499,2
DA:505,2
DA:515,1
DA:516,1
DA:518,1
DA:519,2
DA:520,1
DA:523,2
DA:524,0
DA:527,2
DA:528,0
LF:217
LH:194
end_of_record
SF:lib/src/utils/context_utils.dart
DA:6,1
DA:8,3
DA:12,1
DA:13,1
DA:17,1
DA:21,1
DA:24,0
DA:25,0
DA:26,0
DA:30,1
DA:31,1
DA:32,1
DA:33,0
DA:34,0
DA:35,0
DA:41,1
DA:46,1
DA:47,1
DA:51,1
DA:55,1
DA:56,2
DA:57,0
DA:61,1
DA:62,1
DA:63,1
DA:66,1
DA:67,1
DA:71,0
DA:73,0
DA:74,0
DA:75,0
DA:76,0
DA:78,0
DA:79,0
DA:85,0
DA:86,0
DA:87,0
DA:92,1
DA:93,1
DA:95,2
DA:96,0
DA:98,0
DA:99,0
DA:102,0
DA:103,0
DA:106,0
DA:107,0
DA:110,0
DA:111,0
DA:119,1
DA:120,2
DA:124,1
DA:126,1
DA:127,1
DA:131,1
DA:135,2
DA:138,0
DA:139,0
DA:141,0
DA:142,0
DA:145,0
DA:151,0
DA:153,0
DA:154,0
DA:155,0
DA:158,0
DA:159,0
DA:160,0
DA:162,0
DA:170,0
DA:171,0
DA:179,0
DA:181,0
DA:185,0
DA:191,0
DA:192,0
DA:197,0
DA:198,0
DA:199,0
DA:208,0
DA:209,0
DA:211,0
DA:212,0
DA:214,0
DA:216,0
DA:217,0
DA:219,0
DA:223,1
DA:224,1
DA:225,1
DA:231,1
DA:237,1
LF:92
LH:35
end_of_record
SF:lib/src/utils/embedding_utils.dart
DA:7,3
DA:11,1
DA:12,3
DA:13,1
DA:16,1
DA:19,1
DA:20,1
DA:21,1
DA:23,2
DA:25,2
DA:29,1
DA:30,3
DA:31,1
DA:34,1
DA:38,1
DA:41,1
DA:42,2
DA:43,3
DA:44,2
DA:49,2
DA:50,3
DA:51,2
DA:52,3
DA:53,2
DA:58,1
DA:62,1
DA:63,3
DA:64,1
DA:67,1
DA:70,1
DA:73,2
DA:74,5
DA:81,1
DA:82,1
DA:84,1
DA:85,1
DA:88,2
DA:89,1
DA:91,3
DA:92,3
DA:99,1
DA:100,1
DA:101,1
DA:105,1
DA:106,3
DA:107,1
DA:111,2
DA:112,1
DA:115,1
DA:116,2
DA:117,4
DA:122,0
DA:123,0
DA:124,0
DA:125,0
DA:134,1
DA:138,3
DA:139,1
DA:143,2
DA:144,1
DA:147,1
DA:148,2
DA:149,4
DA:154,0
DA:155,0
DA:156,0
DA:157,0
DA:166,1
DA:171,2
DA:172,1
DA:175,1
DA:176,2
DA:177,3
DA:182,0
DA:183,0
DA:184,0
DA:185,0
DA:194,0
DA:195,0
DA:196,0
DA:198,0
DA:199,0
DA:200,0
DA:201,0
DA:206,0
DA:207,0
DA:210,0
DA:211,0
DA:212,0
DA:217,0
DA:218,0
DA:225,0
DA:230,0
DA:233,0
DA:234,0
DA:237,0
DA:238,0
DA:239,0
DA:249,0
DA:250,0
DA:256,0
DA:257,0
DA:263,0
DA:268,0
DA:271,0
DA:272,0
DA:281,0
DA:282,0
DA:285,0
DA:287,0
DA:288,0
DA:295,0
DA:296,0
DA:297,0
DA:300,0
DA:302,0
DA:306,0
DA:310,0
DA:313,0
DA:316,0
DA:318,0
DA:321,0
DA:322,0
DA:323,0
DA:324,0
DA:326,0
DA:327,0
DA:329,0
DA:337,0
DA:341,0
DA:344,0
DA:347,0
DA:348,0
DA:355,0
DA:361,0
DA:364,0
DA:367,0
DA:368,0
DA:369,0
DA:373,0
DA:374,0
DA:382,1
DA:387,1
DA:390,1
DA:391,2
DA:392,4
DA:397,2
DA:398,3
DA:399,2
DA:400,4
DA:409,1
DA:411,1
DA:414,1
DA:415,2
DA:416,1
DA:417,2
DA:422,2
DA:423,3
DA:424,2
DA:425,1
DA:426,2
DA:431,1
DA:435,1
DA:436,1
DA:439,1
DA:440,3
DA:441,1
DA:442,1
DA:443,5
DA:446,1
DA:450,0
DA:451,0
DA:455,0
DA:456,0
DA:457,0
LF:175
LH:94
end_of_record
SF:lib/src/utils/privacy_utils.dart
DA:6,1
DA:10,3
DA:14,1
DA:15,1
DA:17,1
DA:18,2
DA:19,3
DA:28,1
DA:29,1
DA:31,1
DA:32,2
DA:33,3
DA:42,1
DA:43,3
DA:47,1
DA:48,3
DA:52,1
DA:53,3
DA:57,1
DA:59,1
DA:61,1
DA:63,1
DA:65,1
DA:71,1
DA:76,3
DA:80,1
DA:82,1
DA:84,1
DA:86,1
DA:88,1
DA:94,1
DA:96,1
DA:98,1
DA:100,1
DA:102,1
DA:108,1
DA:114,1
DA:119,1
DA:127,1
DA:129,1
DA:130,1
DA:131,1
DA:132,1
DA:133,1
DA:134,1
DA:140,1
DA:141,1
DA:152,1
DA:153,3
DA:157,1
DA:158,3
DA:162,1
DA:164,1
DA:165,1
DA:170,1
DA:171,1
DA:176,1
DA:177,1
DA:182,1
DA:183,1
DA:192,1
DA:193,3
DA:197,1
DA:199,1
DA:200,1
DA:201,1
DA:202,1
DA:203,1
DA:204,1
DA:205,1
DA:206,1
LF:71
LH:71
end_of_record
SF:lib/src/exceptions/ragify_exceptions.dart
DA:7,3
DA:9,1
DA:11,1
DA:12,3
DA:14,2
DA:23,2
DA:24,4
DA:26,2
DA:28,8
DA:37,1
DA:38,1
DA:39,1
DA:43,1
DA:45,3
DA:55,2
DA:59,2
DA:60,2
DA:64,1
DA:66,4
DA:75,1
DA:76,1
DA:77,1
DA:81,1
DA:83,3
DA:92,1
DA:93,1
DA:94,2
DA:98,1
DA:100,5
DA:109,1
DA:110,1
DA:111,1
DA:115,1
DA:117,3
DA:126,1
DA:127,1
DA:128,2
DA:132,1
DA:134,5
DA:143,0
DA:144,0
DA:145,0
DA:149,0
DA:151,0
LF:44
LH:39
end_of_record
SF:lib/src/config/dynamic_config_manager.dart
DA:7,0
DA:26,5
DA:27,5
DA:28,10
DA:29,10
DA:30,10
DA:31,5
DA:32,5
DA:33,10
DA:34,10
DA:37,5
DA:38,5
DA:43,5
DA:52,5
DA:55,10
DA:58,5
DA:69,5
DA:71,5
DA:78,1
DA:81,2
DA:82,2
DA:85,1
DA:88,1
DA:89,0
DA:90,0
DA:91,0
DA:92,1
DA:93,1
DA:94,1
DA:95,1
DA:98,0
DA:99,0
DA:100,0
DA:104,1
DA:105,0
DA:106,0
DA:108,0
DA:109,0
DA:111,1
DA:112,2
DA:113,4
DA:115,2
DA:116,4
DA:121,2
DA:122,4
DA:124,2
DA:125,2
DA:126,4
DA:128,2
DA:129,4
DA:131,2
DA:132,4
DA:134,2
DA:135,4
DA:137,2
DA:138,4
DA:140,2
DA:141,4
DA:144,2
DA:149,4
DA:152,8
DA:153,8
DA:156,4
DA:159,4
DA:160,4
DA:161,4
DA:164,8
DA:165,4
DA:166,8
DA:167,4
DA:171,8
DA:172,4
DA:173,8
DA:174,4
DA:178,8
DA:179,8
DA:182,8
DA:183,8
DA:184,4
DA:187,8
DA:188,8
DA:190,8
DA:195,4
DA:197,8
DA:201,4
DA:203,8
DA:207,4
DA:208,4
DA:210,4
DA:218,4
DA:219,8
DA:220,8
DA:221,4
DA:223,8
DA:227,0
DA:228,0
DA:229,0
DA:230,0
DA:231,0
DA:232,0
DA:233,0
DA:234,0
DA:235,0
DA:236,0
DA:241,0
DA:242,0
DA:243,0
DA:244,0
DA:246,0
DA:247,0
DA:248,0
DA:259,0
DA:260,0
DA:261,0
DA:265,0
DA:266,0
DA:267,0
LF:117
LH:83
end_of_record
SF:lib/src/platform/platform_detector.dart
DA:8,1
DA:11,3
DA:14,1
DA:15,3
DA:18,2
DA:21,2
DA:24,2
DA:27,2
DA:30,2
DA:33,2
DA:36,1
DA:37,1
DA:38,1
DA:39,1
DA:40,1
DA:41,1
DA:42,1
DA:43,0
DA:48,1
DA:50,1
DA:51,1
DA:52,1
DA:53,1
DA:54,1
DA:56,1
DA:57,1
DA:58,1
DA:60,1
DA:62,0
DA:64,0
DA:70,0
DA:71,0
DA:72,0
DA:78,0
DA:79,0
DA:86,0
DA:87,0
DA:95,0
LF:38
LH:27
end_of_record
SF:lib/src/platform/storage/unified_storage.dart
DA:27,1
DA:29,1
DA:33,1
DA:34,2
DA:35,1
DA:36,1
DA:37,1
DA:42,0
DA:43,0
DA:44,0
DA:45,0
DA:50,0
DA:51,0
DA:52,0
DA:54,0
DA:55,0
DA:56,0
DA:61,0
DA:63,0
DA:64,0
DA:65,0
DA:70,0
DA:72,0
DA:73,0
DA:75,0
DA:78,0
DA:80,0
DA:81,0
DA:82,0
DA:83,0
DA:88,1
DA:92,1
DA:93,1
DA:96,1
DA:97,0
DA:98,0
DA:99,0
DA:107,0
DA:110,0
DA:111,0
DA:112,0
DA:114,0
DA:117,0
DA:118,0
DA:120,0
DA:122,0
DA:123,0
DA:125,0
DA:130,1
DA:133,1
DA:134,0
DA:135,0
DA:137,2
DA:138,1
DA:139,1
DA:140,2
DA:142,0
DA:146,1
DA:148,1
DA:151,1
DA:152,0
DA:155,0
DA:158,0
DA:160,0
DA:163,0
DA:169,0
DA:171,0
DA:173,3
DA:174,2
DA:177,1
DA:180,2
DA:182,1
DA:185,0
DA:191,0
DA:193,0
DA:197,0
DA:203,1
DA:205,1
DA:208,1
DA:209,0
DA:211,0
DA:214,0
DA:215,0
DA:219,5
DA:221,2
DA:224,1
DA:225,2
DA:229,4
DA:231,0
DA:235,1
DA:237,1
DA:240,1
DA:241,0
DA:243,2
DA:245,3
DA:247,0
DA:251,1
DA:253,1
DA:256,1
DA:257,0
DA:259,2
DA:262,0
DA:268,1
DA:270,1
DA:273,1
DA:274,0
DA:276,3
DA:279,0
DA:282,0
DA:285,1
DA:287,1
DA:290,1
DA:291,0
DA:293,2
DA:295,2
DA:297,0
DA:301,1
DA:303,1
DA:309,1
DA:310,0
DA:313,0
DA:314,0
DA:315,0
DA:316,0
DA:318,0
DA:322,2
DA:325,3
DA:326,2
DA:327,2
DA:328,4
DA:332,0
DA:335,1
DA:338,1
DA:339,1
DA:344,0
DA:347,3
DA:350,2
LF:137
LH:64
end_of_record
SF:lib/src/platform/storage/storage_interface.dart
DA:38,1
DA:45,0
DA:46,0
DA:47,0
DA:48,0
DA:49,0
LF:6
LH:1
end_of_record
