SF:lib/src/exceptions/ragify_exceptions.dart
DA:7,3
DA:9,1
DA:11,1
DA:12,3
DA:14,2
DA:23,2
DA:24,4
DA:26,2
DA:28,8
DA:37,1
DA:38,2
DA:41,1
DA:43,3
DA:53,2
DA:54,4
DA:57,1
DA:59,4
DA:68,1
DA:69,2
DA:72,1
DA:74,3
DA:83,1
DA:84,3
DA:87,1
DA:89,5
DA:98,1
DA:99,2
DA:102,1
DA:104,3
DA:113,1
DA:114,3
DA:117,1
DA:119,5
DA:128,0
DA:129,0
DA:132,0
DA:134,0
LF:37
LH:33
end_of_record
SF:lib/src/models/context_chunk.dart
DA:45,6
DA:59,6
DA:71,6
DA:72,6
DA:73,4
DA:87,2
DA:88,2
DA:91,4
DA:94,2
DA:106,2
DA:107,2
DA:108,1
DA:109,2
DA:110,2
DA:111,1
DA:112,2
DA:113,2
DA:114,2
DA:115,2
DA:116,2
DA:121,6
DA:124,6
DA:127,1
DA:128,2
DA:132,1
DA:133,4
DA:134,3
DA:137,1
DA:139,5
DA:142,2
DA:145,4
DA:148,1
DA:149,2
LF:33
LH:33
end_of_record
SF:lib/src/models/context_chunk.g.dart
DA:9,4
DA:10,2
DA:11,2
DA:12,4
DA:13,2
DA:14,2
DA:16,1
DA:17,1
DA:19,2
DA:21,4
DA:22,2
DA:24,4
DA:25,3
DA:26,2
DA:27,3
DA:28,1
DA:29,7
DA:32,2
DA:33,2
DA:34,2
DA:35,2
DA:36,2
DA:37,2
DA:38,2
DA:39,4
DA:40,4
DA:41,2
DA:42,2
DA:43,2
LF:29
LH:29
end_of_record
SF:lib/src/models/context_source.dart
DA:17,2
DA:19,2
DA:21,1
DA:23,1
DA:25,1
DA:27,1
DA:29,1
DA:34,1
DA:35,1
DA:36,1
DA:38,1
DA:40,1
DA:42,1
DA:44,1
DA:46,1
DA:49,2
DA:93,8
DA:107,8
DA:119,8
DA:120,5
DA:125,6
DA:134,3
DA:135,3
DA:138,4
DA:141,2
DA:153,2
DA:154,2
DA:155,0
DA:156,2
DA:157,2
DA:158,2
DA:159,2
DA:160,2
DA:161,1
DA:162,2
DA:163,2
DA:167,1
DA:169,5
DA:172,3
DA:175,4
DA:178,1
DA:179,2
LF:42
LH:41
end_of_record
SF:lib/src/models/context_source.g.dart
DA:9,3
DA:10,3
DA:11,3
DA:12,3
DA:13,6
DA:14,3
DA:15,3
DA:16,3
DA:18,6
DA:19,3
DA:20,3
DA:22,3
DA:24,6
DA:25,6
DA:28,2
DA:29,2
DA:30,2
DA:31,2
DA:32,4
DA:33,2
DA:34,2
DA:35,4
DA:36,2
DA:37,4
DA:38,2
DA:39,2
LF:26
LH:26
end_of_record
SF:lib/src/models/relevance_score.dart
DA:23,6
DA:29,18
DA:34,2
DA:35,2
DA:38,2
DA:41,1
DA:47,1
DA:48,0
DA:49,1
DA:50,1
DA:51,1
DA:56,15
DA:59,1
DA:60,2
DA:61,3
DA:67,1
DA:68,2
DA:69,5
DA:74,1
DA:76,4
DA:79,2
DA:82,1
DA:83,3
DA:84,3
DA:85,3
DA:86,3
DA:89,1
DA:90,5
LF:28
LH:27
end_of_record
SF:lib/src/models/relevance_score.g.dart
DA:9,2
DA:10,2
DA:11,4
DA:12,3
DA:13,3
DA:14,3
DA:17,1
DA:18,1
DA:19,1
DA:20,1
DA:21,1
DA:22,1
LF:12
LH:12
end_of_record
SF:lib/src/models/privacy_level.dart
DA:19,4
DA:21,4
DA:23,4
DA:25,3
DA:27,3
DA:33,2
DA:34,2
DA:35,2
DA:37,2
DA:39,2
DA:41,2
DA:44,4
LF:12
LH:12
end_of_record
SF:lib/src/privacy/privacy_manager.dart
DA:11,3
DA:34,1
DA:35,1
DA:36,1
DA:40,1
DA:41,2
DA:42,1
DA:49,2
DA:58,1
DA:59,2
DA:61,1
DA:63,1
DA:65,1
DA:67,1
DA:69,1
DA:71,1
DA:76,1
DA:77,1
DA:78,1
DA:82,1
DA:83,2
DA:87,1
DA:88,2
DA:89,4
DA:93,1
DA:94,1
DA:95,1
DA:98,1
DA:103,1
DA:105,1
DA:112,3
DA:116,1
DA:117,1
DA:118,1
DA:119,1
DA:120,1
DA:121,1
DA:122,1
DA:124,1
DA:129,1
DA:133,2
DA:134,2
DA:135,1
DA:136,3
DA:137,3
DA:138,0
DA:139,0
DA:140,0
DA:141,0
DA:150,1
DA:154,2
DA:155,2
DA:156,1
DA:157,1
DA:158,1
DA:159,2
DA:161,1
DA:162,2
DA:163,2
DA:164,2
DA:168,1
DA:169,2
DA:170,2
DA:171,4
DA:175,0
DA:176,0
DA:177,0
DA:186,1
DA:190,2
DA:191,2
DA:192,1
DA:193,1
DA:194,1
DA:195,1
DA:196,1
DA:197,3
DA:199,0
DA:201,1
DA:202,2
DA:203,2
DA:204,5
DA:208,0
DA:209,0
DA:210,0
DA:211,0
DA:220,1
DA:224,2
DA:225,2
DA:226,1
DA:227,1
DA:228,1
DA:237,1
DA:238,1
DA:239,1
DA:240,2
DA:244,1
DA:245,1
DA:248,4
DA:249,2
DA:250,1
DA:252,1
DA:253,1
DA:254,5
DA:262,1
DA:264,1
DA:265,1
DA:266,1
DA:267,1
DA:268,1
DA:269,1
DA:275,4
DA:276,4
DA:277,4
DA:278,4
DA:279,0
DA:280,0
DA:283,1
DA:284,1
DA:285,1
DA:294,1
DA:295,1
DA:297,2
DA:300,0
DA:301,0
DA:310,1
DA:311,1
DA:312,0
DA:320,1
DA:321,1
DA:323,2
DA:326,3
DA:327,1
DA:336,1
DA:337,1
DA:338,1
DA:340,1
DA:341,3
DA:342,6
DA:345,1
DA:349,1
DA:350,1
DA:351,1
DA:353,1
DA:354,3
DA:355,6
DA:358,1
DA:362,1
DA:363,3
DA:366,1
DA:367,1
DA:369,1
DA:373,1
DA:374,3
DA:378,1
DA:379,3
DA:380,2
DA:384,1
DA:386,3
DA:387,1
DA:389,1
DA:390,3
DA:395,1
DA:396,1
DA:397,2
DA:401,1
DA:402,1
DA:404,1
DA:405,2
DA:406,1
DA:407,1
DA:408,1
DA:409,1
DA:410,1
DA:411,1
DA:416,1
DA:420,1
DA:422,2
DA:423,1
DA:424,1
DA:426,1
DA:427,1
DA:428,3
DA:430,2
DA:433,0
DA:441,1
DA:442,2
DA:446,1
DA:447,2
DA:452,1
DA:453,3
DA:454,3
DA:455,2
DA:462,3
DA:463,0
DA:469,1
DA:470,1
DA:471,2
DA:472,2
DA:473,2
DA:474,1
DA:475,2
DA:476,2
DA:477,1
DA:483,1
DA:493,1
DA:494,1
DA:496,3
DA:497,1
DA:500,2
DA:501,0
DA:504,2
DA:505,0
LF:212
LH:191
end_of_record
SF:lib/src/ragify.dart
DA:63,0
DA:67,0
DA:68,0
DA:69,0
DA:73,0
DA:75,0
DA:76,0
DA:77,0
DA:82,0
DA:83,0
DA:84,0
DA:85,0
DA:86,0
DA:87,0
DA:92,0
DA:95,0
DA:100,0
DA:101,0
DA:105,0
DA:106,0
DA:107,0
DA:111,0
DA:112,0
DA:113,0
DA:118,0
DA:119,0
DA:120,0
DA:125,0
DA:128,0
DA:132,0
DA:135,0
DA:138,0
DA:139,0
DA:142,0
DA:144,0
DA:145,0
DA:147,0
DA:153,0
DA:154,0
DA:155,0
DA:159,0
DA:160,0
DA:161,0
DA:165,0
DA:179,0
DA:180,0
DA:183,0
DA:184,0
DA:188,0
DA:190,0
DA:191,0
DA:194,0
DA:199,0
DA:200,0
DA:201,0
DA:203,0
DA:204,0
DA:209,0
DA:223,0
DA:224,0
DA:225,0
DA:229,0
DA:230,0
DA:237,0
DA:238,0
DA:239,0
DA:245,0
DA:246,0
DA:248,0
DA:254,0
DA:261,0
DA:262,0
DA:266,0
DA:268,0
DA:269,0
DA:272,0
DA:279,0
DA:280,0
DA:281,0
DA:283,0
DA:289,0
DA:290,0
DA:294,0
DA:295,0
DA:299,0
DA:300,0
DA:304,0
DA:305,0
DA:309,0
DA:310,0
DA:314,0
DA:315,0
DA:319,0
DA:322,0
DA:325,0
DA:331,0
DA:332,0
DA:336,0
DA:343,0
DA:349,0
DA:356,0
DA:364,0
DA:368,0
DA:369,0
DA:373,0
DA:380,0
DA:381,0
DA:385,0
DA:393,0
DA:399,0
DA:400,0
DA:401,0
DA:402,0
DA:403,0
DA:404,0
DA:405,0
DA:406,0
DA:407,0
DA:408,0
DA:409,0
DA:410,0
DA:411,0
DA:416,0
DA:417,0
DA:421,0
DA:430,0
DA:436,0
DA:437,0
DA:439,0
DA:443,0
DA:446,0
DA:451,0
DA:454,0
DA:456,0
DA:457,0
DA:459,0
DA:465,0
DA:471,0
DA:473,0
DA:476,0
DA:478,0
DA:482,0
DA:485,0
DA:488,0
DA:491,0
DA:494,0
DA:497,0
DA:498,0
DA:499,0
DA:503,0
DA:504,0
DA:505,0
DA:506,0
DA:507,0
DA:508,0
DA:515,0
DA:517,0
DA:518,0
DA:525,0
DA:526,0
DA:528,0
DA:529,0
DA:534,0
DA:535,0
DA:536,0
DA:537,0
DA:541,0
DA:543,0
DA:544,0
DA:546,0
DA:552,0
DA:558,0
DA:559,0
DA:560,0
DA:561,0
DA:564,0
DA:565,0
DA:567,0
DA:573,0
DA:574,0
DA:576,0
DA:584,0
DA:585,0
DA:586,0
DA:588,0
DA:589,0
DA:590,0
DA:591,0
DA:592,0
DA:593,0
DA:594,0
LF:191
LH:0
end_of_record
SF:lib/src/core/ragify_config.dart
DA:64,21
DA:82,1
DA:83,1
DA:86,4
DA:89,1
DA:105,1
DA:106,0
DA:107,1
DA:108,1
DA:109,0
DA:110,1
DA:111,0
DA:112,1
DA:113,1
DA:114,1
DA:115,1
DA:116,1
DA:117,1
DA:118,1
DA:119,1
DA:124,3
DA:127,2
DA:137,2
DA:150,1
DA:152,4
LF:25
LH:22
end_of_record
SF:lib/src/core/ragify_config.g.dart
DA:9,2
DA:10,1
DA:11,1
DA:13,2
DA:15,2
DA:17,2
DA:18,1
DA:19,1
DA:20,1
DA:21,1
DA:22,1
DA:24,2
DA:25,2
DA:26,2
DA:27,1
DA:30,2
DA:31,2
DA:32,2
DA:33,2
DA:34,4
DA:35,2
DA:36,2
DA:37,2
DA:38,2
DA:39,2
DA:40,2
DA:41,2
DA:42,2
DA:43,2
DA:44,2
DA:45,2
LF:31
LH:31
end_of_record
SF:lib/src/core/context_orchestrator.dart
DA:53,0
DA:56,0
DA:60,0
DA:70,1
DA:75,1
DA:76,1
DA:80,2
DA:81,1
DA:84,2
DA:85,1
DA:88,2
DA:89,1
DA:92,2
DA:93,1
DA:98,1
DA:99,1
DA:100,2
DA:105,2
DA:108,1
DA:110,1
DA:111,2
DA:113,0
DA:119,1
DA:123,1
DA:124,0
DA:125,0
DA:127,2
DA:132,1
DA:133,0
DA:134,0
DA:136,2
DA:140,2
DA:143,0
DA:149,1
DA:150,1
DA:151,1
DA:154,3
DA:155,4
DA:158,3
DA:159,4
DA:163,1
DA:164,2
DA:165,2
DA:166,3
DA:168,3
DA:173,1
DA:174,2
DA:178,4
DA:181,1
DA:193,1
DA:195,1
DA:196,0
DA:198,1
DA:202,1
DA:203,1
DA:206,1
DA:210,2
DA:212,2
DA:213,2
DA:219,2
DA:222,1
DA:224,2
DA:230,1
DA:232,2
DA:235,3
DA:237,1
DA:238,3
DA:242,1
DA:244,1
DA:245,0
DA:249,2
DA:253,5
DA:254,1
DA:257,1
DA:258,2
DA:259,1
DA:260,3
DA:261,0
DA:262,0
DA:263,0
DA:268,1
DA:269,1
DA:270,1
DA:272,1
DA:273,1
DA:274,1
DA:275,1
DA:276,2
DA:279,2
DA:285,1
DA:286,5
DA:287,0
DA:289,0
DA:290,0
DA:296,1
DA:300,2
DA:303,1
DA:304,3
DA:308,1
DA:309,3
DA:313,3
DA:319,1
DA:324,5
DA:325,0
DA:327,1
DA:332,1
DA:337,2
DA:338,4
DA:342,0
DA:346,0
DA:347,0
DA:351,0
DA:352,0
DA:353,0
DA:356,0
DA:359,0
DA:362,0
DA:363,0
DA:364,0
DA:366,0
DA:369,0
DA:370,0
DA:372,0
DA:377,0
DA:379,0
DA:380,0
DA:388,1
DA:392,1
DA:393,1
DA:395,4
DA:398,3
DA:399,1
DA:400,1
DA:403,1
DA:404,1
DA:405,1
DA:406,1
DA:407,1
DA:408,1
DA:409,5
DA:411,4
DA:414,0
DA:415,0
DA:416,0
DA:420,1
DA:422,2
DA:423,1
DA:426,3
DA:427,5
DA:433,0
DA:434,0
DA:435,0
DA:438,0
DA:440,0
DA:441,0
DA:442,0
DA:443,0
DA:446,0
DA:451,0
DA:455,0
DA:460,0
DA:461,0
DA:463,0
DA:464,0
DA:465,0
DA:468,0
DA:469,0
DA:470,0
DA:471,0
DA:472,0
DA:473,0
DA:474,0
DA:476,0
DA:477,0
DA:479,0
DA:480,0
DA:484,0
DA:486,0
DA:487,0
DA:488,0
DA:491,0
DA:495,0
DA:496,0
DA:497,0
DA:498,0
DA:499,0
DA:505,1
DA:506,4
DA:508,1
DA:509,0
DA:515,2
DA:519,4
DA:522,0
DA:525,0
DA:530,0
DA:531,0
DA:533,0
DA:534,0
DA:535,0
DA:538,0
DA:539,0
DA:542,0
DA:543,0
DA:547,0
DA:548,0
DA:552,0
DA:554,0
DA:555,0
DA:559,0
DA:564,1
DA:565,1
DA:566,1
DA:567,2
DA:568,2
DA:569,1
DA:570,1
DA:571,2
DA:572,2
DA:577,1
DA:578,4
DA:582,1
DA:583,1
DA:585,2
DA:589,2
DA:590,2
DA:593,3
DA:595,1
DA:597,4
DA:602,2
DA:603,2
DA:606,2
DA:608,1
DA:609,2
DA:611,0
DA:617,1
DA:618,2
DA:622,2
DA:623,0
DA:629,0
DA:635,1
DA:636,1
DA:637,1
DA:638,1
DA:639,2
DA:640,6
DA:641,2
DA:654,19
DA:662,0
DA:663,0
DA:664,0
DA:665,0
DA:666,0
DA:667,0
DA:670,0
DA:671,0
DA:672,0
DA:673,0
DA:674,0
DA:675,0
DA:676,0
DA:686,0
DA:688,0
DA:689,0
DA:690,0
DA:693,0
DA:694,0
DA:695,0
DA:696,0
DA:708,0
DA:715,0
DA:716,0
DA:717,0
LF:272
LH:150
end_of_record
SF:lib/src/models/context_request.dart
DA:47,2
DA:61,1
DA:62,1
DA:65,2
DA:68,1
DA:80,1
DA:81,0
DA:82,1
DA:83,1
DA:84,1
DA:85,1
DA:86,1
DA:87,1
DA:88,1
DA:89,1
DA:90,1
DA:94,1
DA:96,4
DA:99,1
DA:102,1
DA:103,3
DA:104,3
DA:105,3
DA:106,3
DA:109,1
DA:110,5
LF:26
LH:25
end_of_record
SF:lib/src/models/context_request.g.dart
DA:9,1
DA:10,1
DA:11,1
DA:12,1
DA:13,1
DA:14,2
DA:15,2
DA:16,2
DA:17,2
DA:18,1
DA:19,1
DA:20,2
DA:21,1
DA:22,1
DA:23,2
DA:24,1
DA:27,1
DA:28,1
DA:29,1
DA:30,1
DA:31,1
DA:32,1
DA:33,1
DA:34,1
DA:35,2
DA:36,1
DA:37,1
DA:38,1
LF:28
LH:28
end_of_record
SF:lib/src/models/context_response.dart
DA:46,2
DA:60,2
DA:72,2
DA:81,2
DA:87,1
DA:88,1
DA:91,2
DA:94,1
DA:106,1
DA:107,1
DA:108,0
DA:109,1
DA:110,1
DA:111,1
DA:112,1
DA:113,1
DA:114,1
DA:115,1
DA:116,1
DA:121,3
DA:124,6
DA:127,6
DA:130,1
DA:131,2
DA:132,2
DA:133,5
DA:138,1
DA:139,3
DA:140,3
DA:144,1
DA:145,7
DA:149,7
DA:152,3
DA:155,3
DA:157,1
DA:159,5
DA:162,1
DA:165,4
DA:168,1
DA:169,2
LF:40
LH:39
end_of_record
SF:lib/src/models/context_response.g.dart
DA:9,1
DA:10,1
DA:11,1
DA:12,1
DA:13,1
DA:14,3
DA:15,1
DA:16,1
DA:17,1
DA:18,2
DA:19,2
DA:20,1
DA:21,1
DA:23,2
DA:24,2
DA:27,1
DA:28,1
DA:29,1
DA:30,1
DA:31,1
DA:32,1
DA:33,1
DA:34,1
DA:35,2
DA:36,1
DA:37,2
DA:38,1
LF:27
LH:27
end_of_record
SF:lib/src/sources/base_data_source.dart
DA:83,2
DA:85,2
DA:87,2
DA:89,2
DA:91,2
DA:93,1
DA:98,1
DA:99,1
DA:100,1
DA:102,1
DA:104,1
DA:106,1
DA:108,1
LF:13
LH:13
end_of_record
SF:lib/src/security/security_manager.dart
DA:15,1
DA:17,1
DA:19,1
DA:21,1
DA:23,1
DA:28,0
DA:29,0
DA:30,0
DA:32,0
DA:34,0
DA:36,0
DA:39,0
DA:51,1
DA:53,1
DA:55,1
DA:57,1
DA:59,1
DA:73,1
DA:75,1
DA:77,1
DA:79,1
DA:81,1
DA:83,0
DA:88,0
DA:90,0
DA:92,0
DA:94,0
DA:96,0
DA:98,0
DA:117,1
DA:130,1
DA:138,1
DA:139,1
DA:140,1
DA:146,1
DA:152,0
DA:153,0
DA:154,0
DA:155,0
DA:156,0
DA:157,0
DA:158,0
DA:159,0
DA:160,0
DA:161,0
DA:162,0
DA:163,0
DA:167,0
DA:168,0
DA:169,0
DA:170,0
DA:171,0
DA:172,0
DA:173,0
DA:174,0
DA:175,0
DA:176,0
DA:177,0
DA:178,0
DA:179,0
DA:180,0
DA:199,1
DA:213,1
DA:223,1
DA:224,1
DA:231,1
DA:232,1
DA:237,0
DA:238,0
DA:239,0
DA:240,0
DA:241,0
DA:242,0
DA:243,0
DA:244,0
DA:245,0
DA:246,0
DA:247,0
DA:248,0
DA:249,0
DA:296,0
DA:299,0
DA:303,0
DA:313,1
DA:317,1
DA:320,1
DA:321,1
DA:325,1
DA:326,3
DA:328,1
DA:330,1
DA:332,1
DA:334,1
DA:336,1
DA:341,1
DA:343,3
DA:347,1
DA:348,1
DA:352,3
DA:356,1
DA:357,1
DA:361,3
DA:365,1
DA:366,1
DA:370,3
DA:374,1
DA:375,1
DA:380,1
DA:381,1
DA:382,2
DA:387,2
DA:390,1
DA:393,1
DA:396,1
DA:398,1
DA:399,2
DA:402,1
DA:403,1
DA:410,0
DA:416,1
DA:419,1
DA:420,1
DA:421,3
DA:422,2
DA:424,2
DA:427,1
DA:428,3
DA:429,2
DA:431,2
DA:433,2
DA:435,0
DA:441,1
DA:442,2
DA:443,2
DA:444,2
DA:445,2
DA:447,2
DA:451,1
DA:453,5
DA:457,1
DA:463,1
DA:464,1
DA:468,3
DA:469,1
DA:471,1
DA:476,1
DA:481,2
DA:482,1
DA:483,1
DA:487,1
DA:493,1
DA:494,4
DA:499,1
DA:502,0
DA:503,0
DA:506,0
DA:508,0
DA:509,0
DA:511,0
DA:513,0
DA:521,3
DA:523,2
DA:524,1
DA:532,1
DA:542,1
DA:543,1
DA:545,1
DA:546,1
DA:548,1
DA:549,1
DA:551,1
DA:552,1
DA:557,1
DA:558,1
DA:561,2
DA:563,1
DA:564,1
DA:566,1
DA:574,3
DA:580,1
DA:586,1
DA:587,0
DA:594,1
DA:595,1
DA:597,1
DA:598,1
DA:600,0
DA:601,0
DA:603,0
DA:604,0
DA:609,1
DA:610,1
DA:613,2
DA:615,1
DA:616,1
DA:618,1
DA:626,0
DA:632,1
DA:633,2
DA:634,0
DA:638,2
DA:639,1
DA:643,1
DA:644,2
DA:645,0
DA:649,1
DA:650,1
DA:651,2
DA:653,0
DA:657,1
DA:658,2
DA:659,0
DA:662,2
DA:663,1
DA:667,1
DA:668,2
DA:669,0
DA:672,1
DA:673,1
DA:674,2
DA:676,0
DA:680,1
DA:682,1
DA:686,0
DA:688,0
DA:695,1
DA:697,1
DA:701,0
DA:703,0
DA:707,1
DA:712,2
DA:713,1
DA:716,1
DA:717,1
DA:720,1
DA:730,2
DA:731,1
DA:732,1
DA:735,2
DA:745,4
DA:746,0
DA:747,0
DA:750,0
DA:763,1
DA:764,3
DA:765,3
DA:773,1
DA:774,2
DA:776,1
DA:777,1
DA:780,2
DA:782,2
DA:786,4
DA:790,1
DA:791,2
DA:795,1
DA:796,3
DA:798,1
DA:799,1
DA:802,2
DA:803,1
DA:804,1
DA:805,1
DA:806,2
DA:811,4
DA:815,1
DA:816,2
DA:817,0
DA:820,2
DA:822,1
DA:823,1
DA:826,2
DA:827,1
DA:829,1
DA:830,2
DA:835,4
DA:839,1
DA:840,2
DA:842,1
DA:843,1
DA:846,2
DA:847,1
DA:849,1
DA:854,4
DA:859,1
DA:860,2
DA:861,1
DA:862,1
DA:863,1
DA:866,2
DA:867,1
DA:868,1
DA:869,2
DA:875,4
DA:883,1
DA:885,2
DA:888,4
DA:889,0
DA:890,0
DA:891,0
DA:895,1
DA:896,4
DA:897,0
DA:898,0
DA:902,1
DA:905,2
DA:907,5
DA:911,0
DA:912,0
DA:913,0
DA:915,0
DA:917,0
DA:918,0
DA:919,0
DA:924,1
DA:926,2
DA:930,2
DA:931,2
DA:933,1
DA:934,2
DA:937,1
DA:938,4
DA:939,1
DA:941,1
DA:943,1
DA:946,1
DA:947,1
DA:956,2
DA:957,2
DA:959,3
DA:964,1
DA:971,2
DA:974,7
DA:978,5
DA:982,5
DA:986,0
DA:989,0
DA:990,0
DA:997,1
DA:998,1
DA:999,1
DA:1000,1
DA:1002,6
DA:1003,6
DA:1005,6
DA:1006,5
DA:1009,3
DA:1010,2
DA:1012,1
DA:1013,2
DA:1018,2
DA:1019,2
DA:1020,2
DA:1021,2
DA:1022,1
DA:1023,7
DA:1024,2
DA:1025,2
DA:1026,1
DA:1027,7
DA:1032,3
DA:1035,1
DA:1036,1
DA:1037,1
DA:1039,1
DA:1040,1
DA:1043,3
DA:1044,1
DA:1045,1
DA:1046,1
DA:1052,5
DA:1056,2
DA:1059,1
DA:1061,2
DA:1064,1
DA:1066,1
DA:1067,1
DA:1075,2
DA:1077,0
DA:1083,1
DA:1085,2
DA:1088,2
DA:1089,2
DA:1092,2
DA:1094,2
DA:1096,0
DA:1110,19
DA:1118,0
DA:1119,0
DA:1120,0
DA:1121,0
DA:1122,0
DA:1123,0
DA:1126,0
DA:1127,0
DA:1128,0
DA:1129,0
DA:1130,0
DA:1131,0
DA:1132,0
DA:1143,0
DA:1145,0
DA:1146,0
DA:1147,0
DA:1148,0
DA:1151,0
DA:1152,0
DA:1153,0
DA:1154,0
DA:1155,0
DA:1167,0
DA:1174,0
DA:1175,0
DA:1176,0
LF:414
LH:285
end_of_record
SF:lib/src/engines/context_updates_engine.dart
DA:42,1
DA:47,0
DA:50,0
DA:51,0
DA:54,0
DA:57,0
DA:59,0
DA:60,0
DA:63,0
DA:69,1
DA:70,1
DA:73,0
DA:76,0
DA:79,0
DA:81,0
DA:82,0
DA:85,0
DA:91,0
DA:99,0
DA:101,0
DA:102,0
DA:103,0
DA:107,0
DA:108,0
DA:115,0
DA:116,0
DA:124,0
DA:127,0
DA:130,0
DA:131,0
DA:136,0
DA:144,0
DA:145,0
DA:148,0
DA:151,0
DA:152,0
DA:153,0
DA:154,0
DA:158,0
DA:159,0
DA:162,0
DA:164,0
DA:168,0
DA:173,0
DA:181,0
DA:182,0
DA:185,0
DA:188,0
DA:190,0
DA:191,0
DA:195,0
DA:196,0
DA:197,0
DA:198,0
DA:202,0
DA:207,0
DA:209,0
DA:210,0
DA:213,0
DA:214,0
DA:218,0
DA:223,0
DA:225,0
DA:227,0
DA:228,0
DA:229,0
DA:232,0
DA:233,0
DA:238,0
DA:243,0
DA:249,0
DA:250,0
DA:252,0
DA:253,0
DA:255,0
DA:259,0
DA:260,0
DA:262,0
DA:266,0
DA:269,0
DA:270,0
DA:273,0
DA:276,0
DA:281,0
DA:287,0
DA:288,0
DA:292,0
DA:293,0
DA:295,0
DA:297,0
DA:299,0
DA:306,0
DA:307,0
DA:310,0
DA:314,0
DA:315,0
DA:318,0
DA:322,0
DA:323,0
DA:324,0
DA:325,0
DA:332,0
DA:333,0
DA:334,0
DA:335,0
DA:339,0
DA:344,0
DA:349,0
DA:355,0
DA:356,0
DA:358,0
DA:359,0
DA:360,0
DA:365,0
DA:366,0
DA:368,0
DA:369,0
DA:374,0
DA:375,0
DA:376,0
DA:380,0
DA:381,0
DA:383,0
DA:384,0
DA:385,0
DA:391,0
DA:394,0
DA:397,0
DA:398,0
DA:399,0
DA:400,0
DA:401,0
DA:402,0
DA:403,0
DA:404,0
DA:423,0
DA:438,0
DA:440,0
DA:442,0
DA:444,0
DA:446,0
LF:141
LH:3
end_of_record
SF:lib/src/sources/realtime_source.dart
DA:22,1
DA:33,2
DA:34,1
DA:35,1
DA:36,1
DA:37,2
DA:38,2
DA:39,1
DA:40,1
DA:41,2
DA:54,1
DA:63,2
DA:64,1
DA:65,1
DA:66,1
DA:67,2
DA:68,1
DA:69,1
DA:72,1
DA:73,1
DA:74,1
DA:75,1
DA:76,2
DA:77,2
DA:78,2
DA:79,1
DA:94,1
DA:96,2
DA:97,0
DA:98,2
DA:99,2
DA:100,2
DA:101,2
DA:110,1
DA:111,1
DA:113,0
DA:117,0
DA:118,0
DA:119,0
DA:122,0
DA:123,0
DA:135,1
DA:137,0
DA:139,0
DA:142,0
DA:143,0
DA:146,0
DA:147,0
DA:149,0
DA:150,0
DA:151,0
DA:153,0
DA:154,0
DA:157,0
DA:158,0
DA:159,0
DA:160,0
DA:162,0
DA:163,0
DA:164,0
DA:165,0
DA:166,0
DA:171,0
DA:172,0
DA:173,0
DA:175,0
DA:176,0
DA:177,0
DA:181,1
DA:183,1
DA:184,1
DA:185,1
DA:187,1
DA:188,0
DA:189,0
DA:192,1
DA:193,0
DA:194,0
DA:197,1
DA:198,2
DA:201,0
DA:205,0
DA:208,0
DA:210,0
DA:213,0
DA:215,0
DA:216,0
DA:219,0
DA:222,0
DA:225,0
DA:228,0
DA:230,0
DA:233,0
DA:234,0
DA:235,0
DA:236,0
DA:237,0
DA:238,0
DA:240,0
DA:244,0
DA:245,0
DA:247,0
DA:248,0
DA:249,0
DA:254,1
DA:255,1
DA:256,1
DA:259,0
DA:260,0
DA:262,0
DA:263,0
DA:264,0
DA:265,0
DA:269,1
DA:270,1
DA:271,1
DA:283,0
DA:285,0
DA:287,0
DA:291,0
DA:293,0
DA:294,0
DA:295,0
DA:296,0
DA:298,0
DA:299,0
DA:300,0
DA:304,0
DA:306,0
DA:307,0
DA:308,0
DA:310,0
DA:311,0
DA:312,0
DA:315,0
DA:316,0
DA:319,0
DA:321,0
DA:322,0
DA:325,0
DA:326,0
DA:329,0
DA:331,0
DA:332,0
DA:335,0
DA:336,0
DA:339,0
DA:341,0
DA:342,0
DA:345,0
DA:348,0
DA:350,0
DA:353,0
DA:354,0
DA:356,0
DA:357,0
DA:358,0
DA:363,0
DA:364,0
DA:365,0
DA:368,0
DA:369,0
DA:371,0
DA:372,0
DA:373,0
DA:374,0
DA:378,0
DA:379,0
DA:380,0
DA:392,0
DA:394,0
DA:396,0
DA:400,0
DA:402,0
DA:403,0
DA:404,0
DA:405,0
DA:407,0
DA:408,0
DA:409,0
DA:413,0
DA:415,0
DA:416,0
DA:417,0
DA:419,0
DA:420,0
DA:421,0
DA:424,0
DA:425,0
DA:428,0
DA:430,0
DA:431,0
DA:434,0
DA:435,0
DA:438,0
DA:440,0
DA:441,0
DA:444,0
DA:445,0
DA:448,0
DA:450,0
DA:451,0
DA:454,0
DA:457,0
DA:459,0
DA:462,0
DA:463,0
DA:465,0
DA:466,0
DA:467,0
DA:472,0
DA:473,0
DA:474,0
DA:477,0
DA:478,0
DA:480,0
DA:481,0
DA:482,0
DA:483,0
DA:487,0
DA:488,0
DA:489,0
DA:517,1
DA:527,1
DA:528,2
DA:532,1
DA:533,3
DA:534,1
DA:535,2
DA:536,0
DA:537,0
DA:538,0
DA:539,0
DA:541,0
DA:545,1
DA:546,1
DA:547,2
DA:548,2
DA:549,2
DA:550,3
DA:551,3
DA:552,2
DA:553,2
DA:554,3
DA:557,1
DA:558,1
DA:560,1
DA:561,1
DA:563,0
DA:564,0
DA:565,0
DA:566,0
DA:567,0
DA:568,0
DA:569,0
DA:570,0
DA:571,0
DA:572,0
DA:577,0
DA:578,0
DA:581,0
DA:582,0
DA:583,0
DA:585,0
DA:590,1
DA:598,1
DA:599,1
DA:603,0
DA:604,0
DA:605,0
DA:606,0
DA:608,0
DA:611,0
DA:613,0
DA:616,0
DA:617,0
DA:620,0
DA:621,0
DA:625,1
DA:627,1
DA:628,2
DA:629,2
DA:630,1
DA:631,2
DA:632,1
DA:633,2
DA:634,2
DA:635,1
DA:636,2
DA:637,2
DA:638,2
DA:639,2
DA:640,1
DA:641,2
DA:645,1
DA:647,1
DA:648,0
DA:651,1
DA:653,1
DA:655,0
DA:663,0
DA:666,0
DA:669,0
DA:671,0
DA:674,0
DA:678,0
DA:682,0
DA:683,0
DA:684,0
DA:687,0
DA:688,0
DA:689,0
DA:692,0
DA:693,0
DA:696,0
DA:700,0
DA:701,0
DA:702,0
DA:705,0
DA:706,0
DA:707,0
DA:709,0
DA:713,0
DA:714,0
DA:715,0
DA:718,0
DA:719,0
DA:723,0
DA:726,0
DA:728,0
DA:729,0
DA:732,0
DA:735,0
DA:736,0
DA:740,0
DA:741,0
DA:743,0
DA:747,0
DA:748,0
DA:749,0
DA:750,0
DA:751,0
DA:752,0
DA:753,0
DA:754,0
DA:755,0
DA:756,0
DA:758,0
DA:759,0
DA:760,0
DA:762,0
DA:767,0
DA:768,0
DA:770,0
DA:771,0
DA:772,0
DA:774,0
DA:778,0
DA:779,0
DA:780,0
DA:781,0
DA:782,0
DA:783,0
DA:784,0
DA:785,0
DA:786,0
DA:791,0
DA:792,0
DA:793,0
DA:796,0
DA:797,0
DA:802,0
DA:803,0
DA:804,0
DA:805,0
DA:808,1
DA:810,1
DA:811,1
DA:813,2
DA:814,2
DA:816,2
LF:381
LH:99
end_of_record
SF:lib/src/sources/document_source.dart
DA:35,0
DA:36,0
DA:39,0
DA:40,0
DA:68,0
DA:77,0
DA:78,0
DA:79,0
DA:80,0
DA:81,0
DA:82,0
DA:83,0
DA:92,0
DA:100,0
DA:101,0
DA:105,0
DA:108,0
DA:111,0
DA:113,0
DA:114,0
DA:115,0
DA:117,0
DA:118,0
DA:122,0
DA:123,0
DA:127,0
DA:128,0
DA:129,0
DA:130,0
DA:135,0
DA:136,0
DA:137,0
DA:138,0
DA:141,0
DA:145,0
DA:151,0
DA:152,0
DA:154,0
DA:155,0
DA:156,0
DA:159,0
DA:162,0
DA:163,0
DA:164,0
DA:168,0
DA:171,0
DA:176,0
DA:177,0
DA:178,0
DA:182,0
DA:183,0
DA:184,0
DA:187,0
DA:188,0
DA:189,0
DA:193,0
DA:194,0
DA:197,0
DA:199,0
DA:203,0
DA:204,0
DA:209,0
DA:210,0
DA:214,0
DA:215,0
DA:216,0
DA:217,0
DA:218,0
DA:219,0
DA:220,0
DA:221,0
DA:222,0
DA:224,0
DA:227,0
DA:233,0
DA:234,0
DA:237,0
DA:238,0
DA:240,0
DA:245,0
DA:246,0
DA:249,0
DA:250,0
DA:252,0
DA:254,0
DA:260,0
DA:261,0
DA:264,0
DA:265,0
DA:267,0
DA:273,0
DA:276,0
DA:280,0
DA:283,0
DA:287,0
DA:288,0
DA:289,0
DA:291,0
DA:293,0
DA:297,0
DA:298,0
DA:299,0
DA:300,0
DA:302,0
DA:304,0
DA:305,0
DA:313,0
DA:314,0
DA:315,0
DA:318,0
DA:321,0
DA:326,0
DA:327,0
DA:328,0
DA:331,0
DA:332,0
DA:336,0
DA:338,0
DA:339,0
DA:342,0
DA:344,0
DA:347,0
DA:353,0
DA:354,0
DA:355,0
DA:357,0
DA:360,0
DA:361,0
DA:362,0
DA:366,0
DA:367,0
DA:371,0
DA:373,0
DA:376,0
DA:379,0
DA:380,0
DA:381,0
DA:382,0
DA:387,0
DA:388,0
DA:392,0
DA:396,0
DA:398,0
DA:400,0
DA:401,0
DA:403,0
DA:407,0
DA:409,0
DA:413,0
DA:415,0
DA:416,0
DA:417,0
DA:418,0
DA:422,0
DA:426,0
DA:427,0
DA:428,0
DA:429,0
DA:432,0
DA:433,0
DA:434,0
DA:435,0
DA:436,0
DA:437,0
DA:443,0
DA:448,0
DA:451,0
DA:452,0
DA:459,0
DA:461,0
DA:463,0
DA:472,0
DA:474,0
DA:475,0
DA:476,0
DA:480,0
DA:481,0
DA:484,0
DA:487,0
DA:488,0
LF:180
LH:0
end_of_record
SF:lib/src/sources/api_source.dart
DA:36,0
DA:37,0
DA:40,0
DA:41,0
DA:74,0
DA:84,0
DA:85,0
DA:86,0
DA:87,0
DA:88,0
DA:89,0
DA:91,0
DA:92,0
DA:93,0
DA:94,0
DA:95,0
DA:104,0
DA:112,0
DA:113,0
DA:117,0
DA:120,0
DA:123,0
DA:126,0
DA:127,0
DA:129,0
DA:130,0
DA:134,0
DA:137,0
DA:140,0
DA:142,0
DA:146,0
DA:152,0
DA:153,0
DA:155,0
DA:159,0
DA:163,0
DA:167,0
DA:168,0
DA:171,0
DA:172,0
DA:179,0
DA:180,0
DA:182,0
DA:183,0
DA:184,0
DA:185,0
DA:189,0
DA:190,0
DA:194,0
DA:196,0
DA:197,0
DA:198,0
DA:200,0
DA:201,0
DA:203,0
DA:204,0
DA:206,0
DA:207,0
DA:208,0
DA:209,0
DA:211,0
DA:216,0
DA:222,0
DA:225,0
DA:227,0
DA:228,0
DA:229,0
DA:230,0
DA:231,0
DA:232,0
DA:238,0
DA:239,0
DA:242,0
DA:243,0
DA:247,0
DA:254,0
DA:255,0
DA:256,0
DA:259,0
DA:260,0
DA:261,0
DA:262,0
DA:263,0
DA:264,0
DA:268,0
DA:269,0
DA:270,0
DA:271,0
DA:276,0
DA:281,0
DA:282,0
DA:284,0
DA:288,0
DA:289,0
DA:291,0
DA:295,0
DA:297,0
DA:299,0
DA:300,0
DA:305,0
DA:306,0
DA:307,0
DA:308,0
DA:309,0
DA:310,0
DA:311,0
DA:317,0
DA:318,0
DA:319,0
DA:320,0
DA:321,0
DA:322,0
DA:323,0
DA:325,0
DA:329,0
DA:330,0
DA:333,0
DA:334,0
DA:342,0
DA:343,0
DA:345,0
DA:346,0
DA:349,0
DA:351,0
DA:356,0
DA:358,0
DA:361,0
DA:364,0
DA:365,0
DA:369,0
DA:373,0
DA:375,0
DA:377,0
DA:378,0
DA:379,0
DA:381,0
DA:385,0
DA:387,0
DA:389,0
DA:390,0
DA:391,0
DA:392,0
DA:393,0
DA:394,0
DA:395,0
DA:396,0
DA:397,0
DA:398,0
DA:399,0
DA:400,0
DA:401,0
DA:402,0
DA:403,0
DA:404,0
DA:406,0
DA:407,0
DA:408,0
DA:409,0
DA:410,0
DA:412,0
DA:413,0
DA:414,0
DA:419,0
DA:422,0
DA:423,0
DA:424,0
DA:425,0
DA:432,0
DA:434,0
DA:436,0
DA:445,0
DA:447,0
DA:448,0
DA:449,0
DA:453,0
DA:454,0
DA:457,0
DA:459,0
DA:460,0
DA:487,19
DA:498,0
DA:499,0
DA:500,0
DA:503,0
DA:505,0
DA:507,0
DA:508,0
DA:509,0
DA:511,0
DA:512,0
DA:515,0
DA:533,0
DA:549,0
LF:193
LH:1
end_of_record
SF:lib/src/sources/database_source.dart
DA:27,1
DA:33,3
DA:35,0
DA:36,0
DA:37,0
DA:38,0
DA:39,0
DA:40,0
DA:51,0
DA:67,0
DA:75,0
DA:76,0
DA:77,0
DA:78,0
DA:79,0
DA:80,0
DA:95,1
DA:104,3
DA:105,3
DA:107,2
DA:108,1
DA:109,1
DA:110,1
DA:111,1
DA:112,1
DA:113,2
DA:114,2
DA:137,1
DA:140,0
DA:141,0
DA:142,0
DA:145,0
DA:146,0
DA:147,0
DA:148,0
DA:149,0
DA:150,0
DA:151,0
DA:153,0
DA:154,0
DA:155,0
DA:160,0
DA:161,0
DA:165,0
DA:166,0
DA:169,0
DA:170,0
DA:171,0
DA:176,0
DA:177,0
DA:178,0
DA:179,0
DA:184,0
DA:187,0
DA:188,0
DA:191,0
DA:192,0
DA:193,0
DA:197,0
DA:198,0
DA:203,0
DA:204,0
DA:205,0
DA:210,1
DA:211,1
DA:213,0
DA:214,0
DA:215,0
DA:216,0
DA:217,0
DA:218,0
DA:219,0
DA:220,0
DA:223,0
DA:227,2
DA:228,2
DA:229,2
DA:233,0
DA:236,0
DA:240,0
DA:241,0
DA:242,0
DA:243,0
DA:245,0
DA:246,0
DA:247,0
DA:248,0
DA:250,0
DA:251,0
DA:252,0
DA:253,0
DA:277,1
DA:286,0
DA:289,3
DA:293,0
DA:294,0
DA:295,0
DA:299,0
DA:303,0
DA:304,0
DA:306,0
DA:307,0
DA:309,0
DA:310,0
DA:312,0
DA:313,0
DA:314,0
DA:315,0
DA:316,0
DA:318,0
DA:319,0
DA:320,0
DA:326,0
DA:330,0
DA:333,0
DA:335,0
DA:336,0
DA:337,0
DA:338,0
DA:339,0
DA:340,0
DA:341,0
DA:342,0
DA:345,0
DA:346,0
DA:347,0
DA:351,0
DA:352,0
DA:353,0
DA:354,0
DA:355,0
DA:356,0
DA:357,0
DA:358,0
DA:359,0
DA:360,0
DA:361,0
DA:362,0
DA:366,0
DA:368,0
DA:371,0
DA:372,0
DA:375,0
DA:380,0
DA:382,0
DA:384,0
DA:392,0
DA:395,0
DA:398,0
DA:400,0
DA:403,0
DA:406,0
DA:410,0
DA:411,0
DA:415,0
DA:418,0
DA:420,0
DA:421,0
DA:423,0
DA:429,0
DA:431,0
DA:433,0
DA:434,0
DA:435,0
DA:436,0
DA:438,0
DA:442,0
DA:443,0
DA:446,0
DA:450,0
DA:451,0
DA:452,0
DA:453,0
DA:454,0
DA:456,0
DA:458,0
DA:459,0
DA:460,0
DA:461,0
DA:462,0
DA:463,0
DA:464,0
DA:466,0
DA:467,0
DA:468,0
DA:469,0
DA:470,0
DA:471,0
DA:472,0
DA:474,0
DA:475,0
DA:477,0
DA:482,0
DA:483,0
DA:496,0
DA:497,0
DA:498,0
DA:502,0
DA:503,0
DA:506,0
DA:507,0
DA:508,0
DA:510,0
DA:511,0
DA:513,0
DA:514,0
DA:516,0
DA:517,0
DA:521,0
DA:526,0
DA:527,0
DA:540,0
DA:541,0
DA:542,0
DA:546,0
DA:547,0
DA:560,0
DA:561,0
DA:562,0
DA:566,0
DA:567,0
DA:580,0
DA:581,0
DA:582,0
DA:586,0
DA:587,0
DA:590,0
DA:591,0
DA:592,0
DA:595,0
DA:603,0
DA:604,0
DA:607,0
DA:614,0
DA:620,0
DA:621,0
DA:624,0
DA:628,0
DA:629,0
DA:630,0
DA:631,0
DA:632,0
DA:634,0
DA:635,0
DA:636,0
DA:640,0
DA:643,0
DA:644,0
DA:645,0
DA:650,0
DA:656,0
DA:657,0
DA:658,0
DA:664,0
DA:670,0
DA:673,0
DA:674,0
DA:676,0
DA:679,0
DA:681,0
DA:682,0
DA:683,0
DA:684,0
DA:688,0
DA:691,0
DA:692,0
DA:693,0
DA:697,0
DA:698,0
DA:700,0
DA:702,0
DA:706,0
DA:707,0
DA:708,0
DA:709,0
DA:710,0
DA:716,0
DA:722,0
DA:724,0
DA:726,0
DA:728,0
DA:729,0
DA:730,0
DA:732,0
DA:742,0
DA:755,0
DA:756,0
DA:759,0
DA:760,0
DA:761,0
DA:762,0
DA:763,0
DA:764,0
DA:765,0
DA:766,0
DA:767,0
DA:769,0
DA:772,0
DA:777,0
DA:778,0
DA:780,0
DA:781,0
DA:782,0
DA:786,0
DA:790,0
DA:799,0
DA:800,0
DA:801,0
DA:802,0
DA:803,0
DA:804,0
DA:808,0
DA:809,0
DA:810,0
DA:811,0
DA:815,0
DA:816,0
DA:817,0
DA:818,0
DA:822,0
DA:823,0
DA:830,0
DA:836,0
DA:839,0
DA:840,0
DA:841,0
DA:842,0
DA:843,0
DA:844,0
DA:845,0
DA:846,0
DA:847,0
DA:849,0
DA:852,0
DA:857,0
DA:865,0
DA:867,0
DA:868,0
DA:869,0
DA:873,0
DA:874,0
DA:875,0
DA:878,0
DA:879,0
DA:880,0
DA:884,0
DA:887,0
DA:888,0
DA:892,0
DA:893,0
DA:896,0
DA:898,0
DA:902,0
DA:910,0
DA:913,0
DA:914,0
DA:915,0
DA:916,0
DA:920,0
DA:921,0
DA:922,0
DA:923,0
DA:926,0
DA:927,0
DA:928,0
DA:929,0
DA:933,0
DA:936,0
DA:937,0
DA:938,0
DA:942,0
DA:943,0
DA:944,0
DA:947,0
DA:948,0
DA:952,0
DA:956,0
DA:964,0
DA:966,0
DA:967,0
DA:968,0
DA:972,0
DA:973,0
DA:974,0
DA:977,0
DA:978,0
DA:979,0
DA:983,0
DA:986,0
DA:987,0
DA:991,0
DA:992,0
DA:995,0
DA:997,0
DA:1001,0
DA:1008,0
DA:1009,0
DA:1011,0
DA:1012,0
DA:1016,0
DA:1017,0
DA:1020,0
DA:1021,0
DA:1025,0
DA:1029,0
DA:1030,0
DA:1033,0
DA:1034,0
DA:1037,0
DA:1038,0
DA:1041,0
DA:1045,0
DA:1046,0
DA:1047,0
DA:1051,0
DA:1054,0
DA:1055,0
DA:1056,0
DA:1058,0
DA:1059,0
DA:1061,0
DA:1062,0
DA:1064,0
DA:1065,0
DA:1068,0
DA:1071,0
DA:1074,0
DA:1080,0
DA:1081,0
DA:1083,0
DA:1084,0
DA:1085,0
DA:1086,0
DA:1087,0
DA:1088,0
DA:1089,0
DA:1090,0
DA:1091,0
DA:1095,0
DA:1099,0
DA:1100,0
DA:1101,0
DA:1110,0
DA:1111,0
DA:1112,0
DA:1113,0
DA:1114,0
DA:1115,0
DA:1116,0
DA:1117,0
DA:1118,0
DA:1119,0
DA:1126,0
DA:1127,0
DA:1128,0
DA:1137,0
DA:1138,0
DA:1139,0
DA:1140,0
DA:1141,0
DA:1142,0
DA:1143,0
DA:1144,0
DA:1150,0
DA:1151,0
DA:1153,0
DA:1154,0
DA:1155,0
DA:1156,0
DA:1157,0
DA:1158,0
DA:1159,0
DA:1160,0
DA:1161,0
DA:1164,0
DA:1165,0
DA:1173,0
DA:1174,0
DA:1175,0
DA:1176,0
DA:1177,0
DA:1178,0
DA:1179,0
DA:1181,0
DA:1183,0
DA:1184,0
DA:1185,0
DA:1190,0
DA:1191,0
DA:1192,0
DA:1193,0
DA:1194,0
DA:1195,0
DA:1196,0
DA:1198,0
DA:1200,0
DA:1201,0
DA:1202,0
DA:1207,0
DA:1208,0
DA:1209,0
DA:1210,0
DA:1211,0
DA:1212,0
DA:1213,0
DA:1215,0
DA:1217,0
DA:1218,0
DA:1219,0
DA:1224,0
DA:1225,0
DA:1226,0
DA:1227,0
DA:1228,0
DA:1229,0
DA:1230,0
DA:1232,0
DA:1234,0
DA:1235,0
DA:1236,0
DA:1241,0
DA:1242,0
DA:1243,0
DA:1247,0
DA:1250,0
DA:1251,0
DA:1252,0
DA:1253,0
DA:1254,0
DA:1255,0
DA:1256,0
DA:1257,0
DA:1258,0
DA:1260,0
DA:1263,0
DA:1266,0
DA:1272,0
DA:1273,0
DA:1278,0
DA:1279,0
DA:1280,0
DA:1283,0
DA:1287,0
DA:1288,0
DA:1290,0
DA:1291,0
DA:1292,0
DA:1293,0
DA:1296,0
DA:1300,0
DA:1303,0
DA:1304,0
DA:1310,0
DA:1312,0
DA:1313,0
DA:1314,0
DA:1315,0
LF:557
LH:21
end_of_record
SF:lib/src/storage/vector_database.dart
DA:20,3
DA:33,0
DA:40,0
DA:41,0
DA:42,0
DA:43,0
DA:44,0
DA:49,0
DA:140,3
DA:144,2
DA:145,3
DA:146,3
DA:147,3
DA:162,6
DA:163,9
DA:164,6
DA:165,6
DA:172,3
DA:173,3
DA:174,3
DA:175,3
DA:176,3
DA:177,3
DA:184,3
DA:185,3
DA:187,1
DA:188,4
DA:189,1
DA:193,4
DA:194,1
DA:198,2
DA:199,0
DA:206,0
DA:207,0
DA:210,0
DA:213,0
DA:216,0
DA:219,0
DA:221,0
DA:222,0
DA:225,0
DA:231,0
DA:232,0
DA:233,0
DA:239,0
DA:240,0
DA:242,0
DA:243,0
DA:247,0
DA:248,0
DA:250,0
DA:251,0
DA:254,0
DA:256,0
DA:259,0
DA:265,0
DA:266,0
DA:271,0
DA:272,0
DA:275,0
DA:276,0
DA:279,0
DA:280,0
DA:282,0
DA:283,0
DA:284,0
DA:285,0
DA:288,0
DA:292,0
DA:298,0
DA:299,0
DA:302,0
DA:303,0
DA:306,0
DA:307,0
DA:310,0
DA:311,0
DA:312,0
DA:314,0
DA:316,0
DA:319,0
DA:325,0
DA:327,0
DA:328,0
DA:329,0
DA:330,0
DA:331,0
DA:332,0
DA:336,0
DA:337,0
DA:341,0
DA:348,0
DA:350,0
DA:353,0
DA:355,0
DA:358,0
DA:359,0
DA:363,0
DA:365,0
DA:366,0
DA:367,0
DA:368,0
DA:369,0
DA:373,0
DA:374,0
DA:376,0
DA:377,0
DA:379,0
DA:380,0
DA:386,0
DA:387,0
DA:388,0
DA:392,2
DA:394,4
DA:395,0
DA:401,2
DA:402,6
DA:403,4
DA:407,0
DA:409,0
DA:410,0
DA:412,0
DA:415,0
DA:416,0
DA:426,0
DA:432,0
DA:435,0
DA:441,0
DA:442,0
DA:444,0
DA:445,0
DA:446,0
DA:447,0
DA:451,0
DA:455,0
DA:456,0
DA:457,0
DA:460,0
DA:461,0
DA:464,0
DA:466,0
DA:469,0
DA:472,0
DA:473,0
DA:474,0
DA:476,0
DA:482,0
DA:484,0
DA:487,0
DA:491,0
DA:493,0
DA:494,0
DA:496,0
DA:497,0
DA:499,0
DA:502,0
DA:508,0
DA:514,0
DA:515,0
DA:518,0
DA:519,0
DA:522,0
DA:523,0
DA:525,0
DA:529,0
DA:532,0
DA:535,0
DA:540,0
DA:543,0
DA:545,0
DA:546,0
DA:548,0
DA:553,0
DA:559,3
DA:560,3
DA:561,3
DA:562,3
DA:563,3
DA:564,3
DA:565,3
DA:566,3
DA:567,6
DA:569,3
DA:570,6
DA:571,6
DA:572,6
DA:573,6
DA:574,3
DA:575,6
DA:578,3
DA:579,6
DA:580,6
DA:581,3
DA:582,6
DA:588,3
DA:589,6
DA:590,6
DA:591,3
DA:593,3
DA:594,0
DA:598,2
DA:599,4
DA:600,4
DA:601,2
DA:602,4
DA:606,0
DA:608,0
DA:609,0
DA:611,0
DA:612,0
DA:613,0
DA:614,0
DA:618,0
DA:619,0
DA:620,0
DA:624,0
DA:626,0
DA:630,0
DA:631,0
DA:633,0
DA:635,0
DA:636,0
DA:638,0
DA:639,0
DA:640,0
DA:641,0
DA:642,0
DA:643,0
DA:649,0
DA:653,0
DA:654,0
DA:655,0
DA:657,0
DA:658,0
DA:660,0
DA:665,2
DA:666,2
DA:669,4
DA:672,2
DA:673,0
DA:674,0
DA:678,2
DA:679,0
DA:680,0
DA:684,2
DA:686,2
DA:687,4
DA:690,0
DA:702,0
DA:709,0
DA:710,0
DA:713,0
DA:716,0
DA:717,0
DA:720,0
DA:722,0
DA:723,0
DA:732,0
DA:734,0
DA:738,0
DA:739,0
DA:740,0
DA:741,0
DA:742,0
DA:743,0
DA:744,0
DA:745,0
DA:747,0
DA:752,0
DA:757,0
DA:758,0
DA:759,0
DA:760,0
DA:763,0
DA:765,0
DA:769,0
DA:772,0
DA:773,0
DA:774,0
DA:777,0
DA:778,0
DA:782,0
DA:785,0
DA:786,0
DA:802,1
DA:816,1
LF:286
LH:70
end_of_record
SF:lib/src/cache/cache_manager.dart
DA:16,2
DA:27,4
DA:30,0
DA:33,1
DA:34,1
DA:35,1
DA:36,1
DA:37,1
DA:38,1
DA:39,1
DA:40,2
DA:41,1
DA:46,0
DA:47,0
DA:48,0
DA:49,0
DA:50,0
DA:51,0
DA:52,0
DA:53,0
DA:54,0
DA:59,0
DA:60,0
DA:62,0
DA:63,0
DA:64,0
DA:65,0
DA:66,0
DA:67,0
DA:84,3
DA:96,1
DA:97,1
DA:98,1
DA:99,1
DA:100,1
DA:101,1
DA:102,1
DA:103,1
DA:104,1
DA:105,2
DA:106,2
DA:114,9
DA:150,3
DA:152,9
DA:153,3
DA:157,3
DA:158,3
DA:159,3
DA:161,3
DA:162,3
DA:165,3
DA:170,3
DA:179,3
DA:180,3
DA:183,4
DA:184,1
DA:185,3
DA:193,3
DA:194,6
DA:197,3
DA:200,9
DA:201,0
DA:205,9
DA:206,0
DA:209,6
DA:213,0
DA:214,0
DA:221,0
DA:222,0
DA:229,3
DA:230,9
DA:231,6
DA:232,12
DA:236,2
DA:238,4
DA:241,4
DA:246,1
DA:247,0
DA:248,0
DA:253,3
DA:254,2
DA:255,3
DA:259,1
DA:261,2
DA:262,1
DA:265,0
DA:266,0
DA:272,2
DA:274,2
DA:275,3
DA:276,2
DA:279,2
DA:284,2
DA:289,4
DA:290,0
DA:294,4
DA:297,6
DA:298,2
DA:302,2
DA:305,0
DA:310,1
DA:312,2
DA:314,1
DA:315,2
DA:316,3
DA:319,0
DA:324,1
DA:325,2
DA:328,1
DA:329,1
DA:337,1
DA:339,2
DA:340,2
DA:341,2
DA:343,0
DA:348,3
DA:349,14
DA:350,9
DA:352,3
DA:353,6
DA:356,3
DA:357,3
DA:358,17
DA:359,3
DA:360,3
DA:361,3
DA:366,1
DA:367,1
DA:368,1
DA:369,3
DA:370,3
DA:371,3
DA:372,3
DA:377,1
DA:378,3
DA:382,1
DA:384,2
DA:386,1
DA:387,1
DA:388,1
DA:389,1
DA:390,1
DA:392,1
DA:393,1
DA:396,2
DA:397,3
DA:400,0
DA:405,1
DA:407,2
DA:409,2
DA:410,1
DA:411,1
DA:412,1
DA:414,1
DA:415,1
DA:416,1
DA:417,1
DA:421,1
DA:422,1
DA:424,2
DA:425,3
DA:428,0
DA:433,1
DA:435,2
DA:436,2
DA:437,2
DA:438,2
DA:440,0
DA:449,0
DA:450,0
DA:454,0
DA:457,0
DA:458,0
DA:461,0
DA:462,0
DA:464,0
DA:465,0
DA:466,0
DA:470,0
DA:471,0
DA:472,0
DA:476,0
DA:477,0
DA:480,0
DA:481,0
DA:482,0
DA:484,0
DA:485,0
DA:487,0
DA:488,0
DA:492,0
DA:497,2
DA:498,4
DA:499,4
DA:502,6
DA:503,3
DA:506,2
DA:507,3
DA:508,2
DA:510,1
DA:511,2
DA:514,2
DA:515,3
DA:517,3
DA:521,6
DA:522,2
DA:523,1
DA:524,1
DA:525,3
DA:526,1
DA:532,3
DA:533,3
DA:534,2
DA:535,1
DA:537,1
DA:538,2
DA:540,1
DA:541,1
DA:544,2
DA:545,3
DA:546,2
DA:547,3
DA:549,6
DA:554,2
DA:555,10
DA:559,1
DA:560,3
DA:562,1
DA:563,1
DA:564,3
DA:570,1
DA:571,1
DA:572,2
DA:576,2
DA:580,8
DA:583,4
DA:584,4
DA:585,4
DA:586,0
DA:587,0
DA:589,0
DA:590,0
DA:591,0
DA:592,0
DA:593,0
DA:594,0
DA:595,0
DA:596,0
DA:597,0
DA:600,4
DA:601,1
DA:602,3
DA:603,2
DA:604,5
DA:605,2
DA:606,4
DA:607,2
DA:608,1
DA:611,2
DA:612,0
DA:613,2
DA:614,0
DA:617,5
DA:621,10
DA:624,2
DA:625,2
DA:626,2
DA:632,3
DA:636,8
DA:637,4
DA:644,1
DA:645,1
DA:646,2
DA:647,2
DA:650,3
DA:651,2
DA:654,2
DA:659,3
DA:660,9
DA:663,4
DA:664,8
DA:667,5
DA:671,0
DA:672,0
DA:673,0
DA:674,0
DA:675,0
DA:678,0
DA:679,0
DA:681,0
DA:682,0
DA:683,0
DA:685,0
DA:686,0
DA:690,0
DA:691,0
DA:692,0
DA:694,0
DA:696,0
DA:697,0
DA:698,0
DA:699,0
DA:700,0
DA:702,0
DA:703,0
DA:704,0
DA:705,0
DA:706,0
DA:707,0
DA:708,0
DA:709,0
DA:710,0
DA:711,0
DA:712,0
DA:713,0
DA:715,0
DA:716,0
DA:717,0
DA:718,0
LF:319
LH:211
end_of_record
SF:lib/src/scoring/advanced_scoring_engine.dart
DA:17,21
DA:24,2
DA:25,1
DA:26,1
DA:27,1
DA:28,1
DA:31,1
DA:32,1
DA:33,1
DA:34,2
DA:35,2
DA:36,1
DA:52,1
DA:61,1
DA:63,2
DA:64,1
DA:65,1
DA:66,1
DA:67,1
DA:68,1
DA:69,1
DA:70,2
DA:71,1
DA:74,1
DA:75,1
DA:76,1
DA:77,2
DA:78,2
DA:79,2
DA:80,2
DA:81,2
DA:82,2
DA:83,2
DA:88,1
DA:95,2
DA:96,2
DA:97,2
DA:98,2
DA:99,2
DA:102,3
DA:106,3
DA:110,3
DA:114,3
DA:115,1
DA:116,1
DA:117,2
DA:118,0
DA:123,1
DA:124,1
DA:130,1
DA:131,3
DA:142,1
DA:146,1
DA:149,1
DA:150,4
DA:151,1
DA:154,5
DA:155,1
DA:159,2
DA:160,1
DA:161,1
DA:162,2
DA:172,0
DA:179,0
DA:182,0
DA:183,0
DA:190,0
DA:191,0
DA:193,0
DA:199,0
DA:200,0
DA:206,0
DA:207,0
DA:208,0
DA:209,0
DA:212,0
DA:214,0
DA:218,0
DA:222,0
DA:223,0
DA:224,0
DA:225,0
DA:229,0
DA:248,1
DA:254,0
DA:261,0
DA:262,0
DA:264,0
DA:267,0
DA:268,0
DA:269,0
DA:271,0
DA:276,0
DA:277,0
DA:281,1
DA:282,1
DA:283,2
DA:284,5
DA:285,5
DA:302,1
DA:306,1
DA:307,1
DA:308,2
DA:309,3
DA:310,1
DA:313,2
DA:317,1
DA:318,3
DA:319,3
DA:320,3
DA:321,3
DA:322,3
DA:323,3
DA:324,3
DA:328,1
DA:329,2
DA:335,2
DA:341,2
DA:347,2
DA:353,2
DA:359,2
DA:367,0
DA:373,0
DA:376,0
DA:378,0
DA:382,0
DA:385,0
DA:393,0
DA:396,0
DA:398,0
DA:399,0
DA:400,0
DA:404,0
DA:410,0
DA:419,0
DA:420,0
DA:421,0
DA:422,0
DA:426,0
DA:427,0
DA:428,0
DA:429,0
DA:433,0
DA:434,0
DA:437,0
DA:438,0
DA:439,0
DA:440,0
DA:445,0
DA:451,0
DA:452,0
DA:458,0
DA:459,0
DA:463,0
DA:464,0
DA:465,0
DA:466,0
DA:469,0
DA:470,0
DA:471,0
DA:474,0
DA:478,0
DA:490,0
DA:496,0
DA:500,0
DA:506,0
DA:510,0
DA:523,0
DA:524,0
DA:525,0
DA:529,0
DA:530,0
DA:533,0
DA:534,0
DA:535,0
DA:537,0
DA:541,0
DA:547,0
DA:548,0
DA:550,0
DA:553,0
DA:556,0
DA:559,0
DA:562,0
DA:569,0
DA:578,0
DA:579,0
DA:580,0
DA:584,0
DA:585,0
DA:589,0
DA:590,0
DA:594,0
DA:595,0
DA:596,0
DA:599,0
DA:603,1
DA:610,3
DA:611,1
DA:618,2
DA:622,1
DA:623,2
DA:627,1
DA:628,2
DA:629,2
DA:630,3
DA:631,1
DA:636,1
DA:637,1
DA:638,2
DA:639,6
DA:640,2
DA:641,2
DA:642,2
DA:643,5
DA:648,0
DA:656,0
DA:657,0
DA:658,0
DA:661,0
DA:663,0
DA:664,0
DA:665,0
DA:669,0
DA:670,0
DA:671,0
DA:674,0
DA:675,0
DA:676,0
DA:678,0
DA:679,0
DA:684,0
DA:685,0
DA:687,0
DA:690,0
DA:691,0
DA:693,0
DA:695,0
DA:696,0
DA:698,0
DA:700,0
DA:701,0
LF:242
LH:108
end_of_record
SF:lib/src/fusion/advanced_fusion_engine.dart
DA:18,1
DA:25,2
DA:26,1
DA:27,1
DA:28,1
DA:29,1
DA:32,1
DA:33,1
DA:34,1
DA:35,1
DA:36,2
DA:37,1
DA:49,19
DA:56,0
DA:57,0
DA:58,0
DA:59,0
DA:60,0
DA:69,0
DA:74,0
DA:75,0
DA:76,0
DA:79,0
DA:80,0
DA:81,0
DA:82,0
DA:94,0
DA:110,1
DA:116,1
DA:119,1
DA:120,2
DA:121,8
DA:125,3
DA:128,1
DA:129,2
DA:130,6
DA:131,3
DA:135,1
DA:136,2
DA:137,1
DA:138,7
DA:139,5
DA:140,3
DA:143,2
DA:144,1
DA:145,2
DA:146,1
DA:147,1
DA:148,2
DA:149,2
DA:150,1
DA:151,1
DA:155,0
DA:158,0
DA:159,0
DA:160,0
DA:161,0
DA:162,0
DA:163,0
DA:176,1
DA:184,2
DA:185,2
DA:186,2
DA:187,1
DA:188,1
DA:189,1
DA:201,1
DA:207,1
DA:209,2
DA:210,1
DA:211,1
DA:212,1
DA:213,1
DA:214,2
DA:244,1
DA:250,0
DA:252,1
DA:256,0
DA:257,0
DA:258,0
DA:262,0
DA:265,1
DA:266,3
DA:269,2
DA:272,3
DA:275,1
DA:278,3
DA:281,1
DA:284,3
DA:287,1
DA:290,3
DA:293,1
DA:298,1
DA:299,2
DA:300,5
DA:301,4
DA:305,1
DA:306,2
DA:307,4
DA:311,1
DA:312,3
DA:313,4
DA:317,3
DA:320,1
DA:327,2
DA:329,6
DA:332,2
DA:334,0
DA:335,0
DA:338,4
DA:340,2
DA:344,6
DA:345,0
DA:346,0
DA:347,0
DA:348,0
DA:350,4
DA:351,1
DA:354,4
DA:357,1
DA:358,4
DA:361,1
DA:362,4
DA:365,1
DA:375,1
DA:377,1
DA:380,1
DA:381,4
DA:382,2
DA:383,1
DA:384,6
DA:386,3
DA:388,5
DA:393,0
DA:397,0
DA:400,0
DA:401,0
DA:403,0
DA:406,0
DA:407,0
DA:408,0
DA:411,0
DA:412,0
DA:413,0
DA:415,0
DA:417,0
DA:419,0
DA:420,0
DA:422,0
DA:423,0
DA:428,0
DA:431,0
DA:432,0
DA:435,0
DA:439,0
DA:442,0
DA:443,0
DA:444,0
DA:448,0
DA:450,0
DA:452,0
DA:456,0
DA:457,0
DA:458,0
DA:459,0
DA:465,0
DA:466,0
DA:468,0
DA:469,0
DA:475,0
DA:476,0
DA:477,0
DA:478,0
DA:479,0
DA:480,0
DA:481,0
DA:482,0
DA:485,0
DA:493,0
DA:494,0
DA:499,0
DA:505,0
DA:508,0
DA:509,0
DA:511,0
DA:512,0
DA:515,0
DA:516,0
DA:518,0
DA:519,0
DA:520,0
DA:521,0
DA:526,0
DA:527,0
DA:528,0
DA:539,0
DA:545,0
DA:546,0
DA:547,0
DA:548,0
DA:549,0
DA:552,0
DA:553,0
DA:554,0
DA:557,0
DA:560,0
DA:564,0
DA:568,0
DA:570,0
DA:573,0
DA:574,0
DA:578,0
DA:579,0
DA:581,0
DA:585,0
DA:586,0
DA:588,0
DA:591,0
DA:592,0
DA:593,0
DA:594,0
DA:600,0
DA:601,0
DA:603,0
DA:604,0
DA:605,0
DA:612,0
DA:616,0
DA:618,0
DA:621,0
DA:622,0
DA:624,0
DA:625,0
DA:628,0
DA:629,0
DA:632,0
DA:633,0
DA:634,0
DA:639,0
DA:640,0
DA:641,0
DA:644,0
DA:645,0
DA:647,0
DA:648,0
DA:650,0
DA:659,0
DA:661,0
DA:662,0
DA:663,0
DA:668,0
DA:669,0
DA:670,0
DA:674,0
DA:678,1
DA:682,1
DA:685,2
DA:686,2
DA:688,1
DA:689,2
DA:692,2
DA:693,5
DA:695,1
DA:696,2
DA:697,0
DA:698,0
DA:703,1
DA:704,2
DA:705,2
DA:707,1
DA:716,1
DA:725,4
DA:726,4
DA:727,4
DA:728,4
DA:729,2
DA:732,6
DA:733,6
DA:734,2
DA:737,5
DA:740,5
DA:744,1
DA:748,1
DA:750,1
DA:753,7
DA:754,1
DA:758,2
DA:759,5
DA:761,4
DA:765,2
DA:766,2
DA:768,4
DA:771,1
DA:772,6
DA:773,3
DA:774,4
DA:780,1
DA:786,1
DA:788,2
DA:789,3
DA:790,1
DA:794,0
DA:795,0
DA:797,0
DA:798,0
DA:800,0
DA:801,0
DA:809,0
DA:815,0
DA:816,0
DA:817,0
DA:818,0
DA:819,0
DA:826,0
DA:827,0
DA:828,0
DA:829,0
DA:830,0
DA:836,0
DA:838,0
DA:839,0
DA:841,0
DA:844,0
DA:848,0
DA:849,0
DA:850,0
DA:857,0
DA:863,0
DA:864,0
DA:866,0
DA:867,0
DA:869,0
DA:873,0
DA:874,0
DA:879,0
DA:885,0
DA:886,0
DA:887,0
DA:889,0
DA:890,0
DA:892,0
DA:894,0
DA:898,0
DA:899,0
DA:904,0
DA:915,0
DA:916,0
DA:917,0
DA:919,0
DA:922,0
DA:923,0
DA:926,0
DA:927,0
DA:935,0
DA:938,0
DA:940,0
DA:943,0
DA:948,0
DA:954,0
DA:956,0
DA:960,0
DA:963,0
DA:964,0
DA:965,0
DA:966,0
DA:969,0
DA:970,0
DA:971,0
DA:974,0
DA:975,0
DA:976,0
DA:977,0
DA:978,0
DA:980,0
DA:983,0
DA:984,0
DA:986,0
DA:987,0
DA:989,0
DA:993,0
DA:994,0
DA:999,1
DA:1003,1
DA:1005,2
DA:1006,1
DA:1009,2
DA:1010,2
DA:1013,2
DA:1016,1
DA:1017,3
DA:1018,3
DA:1021,3
DA:1022,3
DA:1023,4
DA:1024,4
DA:1027,3
DA:1029,1
DA:1034,1
DA:1037,6
DA:1039,1
DA:1040,1
DA:1042,1
DA:1043,0
DA:1044,0
DA:1047,1
DA:1048,0
DA:1049,0
DA:1052,1
DA:1053,0
DA:1054,0
DA:1057,2
DA:1069,1
DA:1077,1
DA:1079,3
DA:1080,1
DA:1081,1
DA:1082,1
DA:1085,3
DA:1088,2
DA:1089,2
DA:1090,1
DA:1095,1
DA:1096,2
DA:1098,1
DA:1099,2
DA:1101,1
DA:1102,2
DA:1104,1
DA:1105,2
DA:1107,1
DA:1112,3
DA:1116,1
DA:1117,2
DA:1118,1
DA:1119,1
DA:1120,1
DA:1121,1
DA:1122,1
DA:1123,1
DA:1124,2
DA:1125,2
DA:1126,1
DA:1128,1
DA:1129,1
DA:1132,1
DA:1139,1
DA:1145,1
DA:1146,2
DA:1147,2
DA:1148,2
DA:1149,1
DA:1153,2
DA:1154,2
DA:1158,1
DA:1159,1
DA:1160,2
DA:1161,6
DA:1162,1
DA:1163,1
DA:1164,1
DA:1165,3
DA:1166,2
DA:1171,3
DA:1174,1
DA:1175,2
DA:1177,3
DA:1178,1
DA:1179,1
DA:1180,1
DA:1183,3
DA:1188,1
DA:1189,2
DA:1191,3
DA:1192,1
DA:1193,1
DA:1194,1
DA:1195,1
DA:1197,3
LF:478
LH:237
end_of_record
SF:lib/src/engines/context_scoring_engine.dart
DA:30,1
DA:34,0
DA:35,1
DA:41,1
DA:51,1
DA:57,1
DA:59,4
DA:62,1
DA:64,2
DA:65,1
DA:72,1
DA:76,1
DA:79,4
DA:83,0
DA:84,0
DA:89,1
DA:95,1
DA:98,3
DA:101,2
DA:104,3
DA:107,2
DA:111,0
DA:119,1
DA:122,1
DA:124,1
DA:126,1
DA:127,1
DA:128,1
DA:133,1
DA:137,1
DA:138,1
DA:140,1
DA:143,1
DA:144,1
DA:149,2
DA:150,1
DA:151,1
DA:154,1
DA:157,1
DA:158,3
DA:161,1
DA:162,2
DA:163,1
DA:166,1
DA:167,2
DA:171,1
DA:172,4
DA:175,1
DA:178,0
DA:180,0
DA:184,1
DA:185,1
DA:188,2
DA:189,0
DA:193,4
DA:194,1
DA:195,1
DA:199,1
DA:200,1
DA:203,1
DA:207,1
DA:211,2
DA:212,2
DA:213,1
DA:214,1
DA:215,1
DA:219,2
DA:220,0
DA:224,2
DA:225,0
DA:229,1
DA:230,0
DA:233,1
DA:237,0
DA:252,1
DA:256,2
DA:257,1
DA:258,1
DA:259,2
DA:261,2
DA:262,1
DA:265,1
DA:266,2
DA:270,1
DA:274,1
DA:275,0
DA:279,2
DA:280,5
DA:283,4
DA:284,5
DA:286,1
DA:289,2
DA:290,4
DA:292,1
DA:293,2
DA:294,2
DA:299,1
DA:302,1
DA:304,1
DA:306,0
DA:314,1
DA:316,1
DA:317,2
DA:318,1
DA:319,2
DA:320,4
DA:321,1
DA:325,1
DA:326,1
DA:328,2
DA:329,3
DA:333,1
DA:334,4
DA:338,0
DA:339,0
DA:340,0
DA:341,0
DA:342,0
LF:118
LH:100
end_of_record
SF:lib/src/engines/context_storage_engine.dart
DA:43,1
DA:47,0
DA:50,0
DA:51,0
DA:54,0
DA:57,0
DA:60,0
DA:63,0
DA:65,0
DA:66,0
DA:69,0
DA:75,0
DA:76,0
DA:77,0
DA:79,0
DA:82,0
DA:83,0
DA:86,0
DA:90,0
DA:91,0
DA:92,0
DA:94,0
DA:95,0
DA:98,0
DA:102,0
DA:104,0
DA:122,0
DA:136,0
DA:148,0
DA:149,0
DA:150,0
DA:151,0
DA:153,0
DA:157,0
DA:158,0
DA:163,0
DA:164,0
DA:167,0
DA:169,0
DA:170,0
DA:171,0
DA:172,0
DA:173,0
DA:174,0
DA:175,0
DA:176,0
DA:177,0
DA:178,0
DA:179,0
DA:180,0
DA:181,0
DA:182,0
DA:186,0
DA:187,0
DA:190,0
DA:191,0
DA:196,0
DA:197,0
DA:201,0
DA:202,0
DA:203,0
DA:204,0
DA:205,0
DA:206,0
DA:207,0
DA:208,0
DA:209,0
DA:213,0
DA:214,0
DA:215,0
DA:216,0
DA:217,0
DA:221,0
DA:223,0
DA:226,0
DA:227,0
DA:232,0
DA:239,0
DA:243,0
DA:244,0
DA:246,0
DA:256,0
DA:259,0
DA:260,0
DA:263,0
DA:266,0
DA:267,0
DA:271,0
DA:274,0
DA:277,0
DA:279,0
DA:283,0
DA:284,0
DA:289,0
DA:290,0
DA:292,0
DA:294,0
DA:295,0
DA:296,0
DA:297,0
DA:298,0
DA:299,0
DA:300,0
DA:306,0
DA:307,0
DA:308,0
DA:310,0
DA:311,0
DA:312,0
DA:314,0
DA:315,0
DA:316,0
DA:317,0
DA:320,0
DA:323,0
DA:332,0
DA:333,0
DA:337,0
DA:338,0
DA:341,0
DA:342,0
DA:343,0
DA:347,0
DA:351,0
DA:353,0
DA:354,0
DA:355,0
DA:358,0
DA:360,0
DA:365,0
DA:366,0
DA:367,0
DA:372,0
DA:373,0
DA:374,0
DA:375,0
DA:376,0
DA:377,0
DA:379,0
DA:380,0
DA:383,0
DA:384,0
DA:389,0
DA:390,0
DA:391,0
DA:395,0
DA:396,0
DA:399,0
DA:400,0
DA:403,0
DA:404,0
DA:407,0
DA:410,0
DA:411,0
DA:412,0
DA:413,0
DA:417,0
DA:418,0
DA:419,0
DA:420,0
DA:426,1
DA:427,1
DA:430,0
DA:431,0
DA:432,0
DA:433,0
DA:435,0
LF:167
LH:3
end_of_record
SF:lib/src/engines/intelligent_context_fusion_engine.dart
DA:30,1
DA:36,0
DA:45,0
DA:50,0
DA:52,0
DA:56,0
DA:59,0
DA:61,0
DA:62,0
DA:63,0
DA:65,0
DA:66,0
DA:70,0
DA:74,0
DA:75,0
DA:80,0
DA:84,0
DA:87,0
DA:88,0
DA:90,0
DA:91,0
DA:93,0
DA:94,0
DA:96,0
DA:97,0
DA:98,0
DA:101,0
DA:102,0
DA:103,0
DA:107,0
DA:114,0
DA:119,0
DA:120,0
DA:122,0
DA:123,0
DA:125,0
DA:126,0
DA:130,0
DA:135,0
DA:137,0
DA:140,0
DA:143,0
DA:146,0
DA:149,0
DA:150,0
DA:151,0
DA:152,0
DA:153,0
DA:157,0
DA:164,0
DA:168,0
DA:170,0
DA:171,0
DA:172,0
DA:173,0
DA:176,0
DA:177,0
DA:178,0
DA:181,0
DA:182,0
DA:183,0
DA:184,0
DA:185,0
DA:186,0
DA:187,0
DA:191,0
DA:198,0
DA:200,0
DA:203,0
DA:204,0
DA:208,0
DA:209,0
DA:213,0
DA:214,0
DA:215,0
DA:218,0
DA:222,0
DA:223,0
DA:225,0
DA:226,0
DA:227,0
DA:228,0
DA:229,0
DA:235,0
DA:239,0
DA:240,0
DA:242,0
DA:244,0
DA:245,0
DA:249,0
DA:251,0
DA:252,0
DA:253,0
DA:257,0
DA:258,0
DA:259,0
DA:260,0
DA:261,0
DA:262,0
DA:270,0
DA:271,0
LF:101
LH:1
end_of_record
SF:lib/src/utils/context_utils.dart
DA:6,0
DA:8,0
DA:12,0
DA:13,0
DA:17,0
DA:18,0
DA:21,0
DA:22,0
DA:23,0
DA:27,0
DA:28,0
DA:29,0
DA:30,0
DA:31,0
DA:32,0
DA:38,0
DA:43,0
DA:44,0
DA:45,0
DA:49,0
DA:53,0
DA:54,0
DA:55,0
DA:59,0
DA:60,0
DA:61,0
DA:64,0
DA:65,0
DA:69,0
DA:70,0
DA:71,0
DA:73,0
DA:74,0
DA:79,0
DA:80,0
DA:85,0
DA:86,0
DA:88,0
DA:89,0
DA:91,0
DA:92,0
DA:95,0
DA:96,0
DA:99,0
DA:100,0
DA:103,0
DA:104,0
DA:112,0
DA:113,0
DA:117,0
DA:119,0
DA:120,0
DA:124,0
DA:128,0
DA:131,0
DA:132,0
DA:134,0
DA:135,0
DA:138,0
DA:144,0
DA:146,0
DA:147,0
DA:148,0
DA:156,0
DA:157,0
DA:165,0
DA:167,0
DA:171,0
DA:173,0
DA:178,0
DA:179,0
DA:188,0
DA:189,0
DA:191,0
DA:192,0
DA:194,0
DA:196,0
DA:197,0
DA:199,0
DA:203,0
DA:204,0
DA:205,0
DA:211,0
DA:217,0
LF:84
LH:0
end_of_record
SF:lib/src/utils/embedding_utils.dart
DA:7,0
DA:11,0
DA:12,0
DA:13,0
DA:16,0
DA:19,0
DA:20,0
DA:21,0
DA:23,0
DA:25,0
DA:29,0
DA:30,0
DA:31,0
DA:34,0
DA:38,0
DA:41,0
DA:42,0
DA:43,0
DA:44,0
DA:49,0
DA:50,0
DA:51,0
DA:52,0
DA:53,0
DA:58,0
DA:62,0
DA:63,0
DA:64,0
DA:67,0
DA:70,0
DA:73,0
DA:74,0
DA:81,0
DA:82,0
DA:84,0
DA:85,0
DA:88,0
DA:89,0
DA:91,0
DA:92,0
DA:99,0
DA:100,0
DA:101,0
DA:105,0
DA:106,0
DA:107,0
DA:111,0
DA:112,0
DA:115,0
DA:116,0
DA:117,0
DA:122,0
DA:123,0
DA:124,0
DA:125,0
DA:134,0
DA:135,0
DA:136,0
DA:140,0
DA:141,0
DA:144,0
DA:145,0
DA:146,0
DA:151,0
DA:152,0
DA:153,0
DA:154,0
DA:163,0
DA:165,0
DA:166,0
DA:169,0
DA:170,0
DA:171,0
DA:176,0
DA:177,0
DA:178,0
DA:179,0
DA:188,0
DA:189,0
DA:190,0
DA:192,0
DA:193,0
DA:194,0
DA:195,0
DA:200,0
DA:201,0
DA:204,0
DA:205,0
DA:206,0
DA:211,0
DA:212,0
DA:219,0
DA:224,0
DA:227,0
DA:228,0
DA:231,0
DA:232,0
DA:233,0
DA:243,0
DA:244,0
DA:250,0
DA:251,0
DA:257,0
DA:262,0
DA:265,0
DA:266,0
DA:275,0
DA:276,0
DA:279,0
DA:281,0
DA:282,0
DA:289,0
DA:290,0
DA:291,0
DA:294,0
DA:296,0
DA:300,0
DA:304,0
DA:307,0
DA:310,0
DA:312,0
DA:315,0
DA:316,0
DA:317,0
DA:318,0
DA:320,0
DA:321,0
DA:323,0
DA:331,0
DA:335,0
DA:338,0
DA:341,0
DA:342,0
DA:349,0
DA:355,0
DA:358,0
DA:361,0
DA:362,0
DA:363,0
DA:367,0
DA:368,0
DA:376,0
DA:378,0
DA:381,0
DA:382,0
DA:383,0
DA:388,0
DA:389,0
DA:390,0
DA:391,0
DA:400,0
DA:402,0
DA:405,0
DA:406,0
DA:407,0
DA:408,0
DA:413,0
DA:414,0
DA:415,0
DA:416,0
DA:417,0
DA:422,0
DA:426,0
DA:427,0
DA:430,0
DA:431,0
DA:432,0
DA:435,0
DA:439,0
DA:440,0
DA:444,0
DA:445,0
DA:446,0
LF:173
LH:0
end_of_record
SF:lib/src/utils/privacy_utils.dart
DA:6,0
DA:10,0
DA:14,0
DA:15,0
DA:17,0
DA:18,0
DA:19,0
DA:28,0
DA:29,0
DA:31,0
DA:32,0
DA:33,0
DA:42,0
DA:43,0
DA:47,0
DA:48,0
DA:52,0
DA:53,0
DA:57,0
DA:59,0
DA:61,0
DA:63,0
DA:65,0
DA:71,0
DA:76,0
DA:80,0
DA:82,0
DA:84,0
DA:86,0
DA:88,0
DA:94,0
DA:96,0
DA:98,0
DA:100,0
DA:102,0
DA:108,0
DA:114,0
DA:119,0
DA:127,0
DA:129,0
DA:130,0
DA:131,0
DA:132,0
DA:133,0
DA:134,0
DA:135,0
DA:136,0
DA:141,0
DA:142,0
DA:146,0
DA:147,0
DA:151,0
DA:153,0
DA:154,0
DA:159,0
DA:160,0
DA:165,0
DA:166,0
DA:171,0
DA:172,0
DA:181,0
DA:182,0
DA:186,0
DA:188,0
DA:189,0
DA:190,0
DA:191,0
DA:192,0
DA:193,0
DA:194,0
DA:195,0
LF:71
LH:0
end_of_record
SF:lib/src/config/dynamic_config_manager.dart
DA:7,0
DA:26,4
DA:27,4
DA:28,8
DA:29,8
DA:30,8
DA:31,4
DA:32,4
DA:33,8
DA:34,8
DA:37,4
DA:38,4
DA:43,4
DA:49,4
DA:52,8
DA:55,4
DA:66,4
DA:68,4
DA:75,1
DA:78,2
DA:79,2
DA:82,1
DA:85,1
DA:86,0
DA:87,0
DA:88,0
DA:89,1
DA:90,1
DA:91,1
DA:92,1
DA:94,0
DA:95,0
DA:96,0
DA:100,1
DA:101,0
DA:102,0
DA:103,1
DA:104,6
DA:105,6
DA:109,6
DA:110,2
DA:111,6
DA:112,6
DA:113,6
DA:114,6
DA:115,6
DA:116,6
DA:118,2
DA:123,3
DA:126,6
DA:127,6
DA:130,3
DA:133,3
DA:134,6
DA:137,9
DA:138,9
DA:141,9
DA:142,9
DA:145,6
DA:146,6
DA:149,6
DA:150,9
DA:153,6
DA:154,6
DA:156,6
DA:161,3
DA:163,6
DA:167,3
DA:169,6
DA:173,3
DA:174,3
DA:176,3
DA:184,3
DA:185,6
DA:186,9
DA:188,6
DA:192,0
DA:193,0
DA:194,0
DA:195,0
DA:196,0
DA:197,0
DA:198,0
DA:199,0
DA:200,0
DA:201,0
DA:206,0
DA:207,0
DA:208,0
DA:209,0
DA:210,0
DA:211,0
DA:222,0
DA:223,0
DA:224,0
DA:228,0
DA:229,0
DA:230,0
LF:98
LH:67
end_of_record
