TN:
SF:lib/src/sources/api_source.dart
FNF:0
FNH:0
DA:36,1
DA:37,1
DA:40,1
DA:41,1
DA:74,1
DA:84,1
DA:85,1
DA:86,1
DA:87,1
DA:90,3
DA:92,1
DA:94,2
DA:95,2
DA:96,1
DA:97,1
DA:98,1
DA:107,1
DA:115,1
DA:116,1
DA:120,0
DA:123,0
DA:126,0
DA:129,0
DA:130,0
DA:132,0
DA:133,0
DA:137,0
DA:140,0
DA:143,0
DA:150,0
DA:153,0
DA:163,0
DA:168,0
DA:170,0
DA:174,0
DA:178,0
DA:182,0
DA:183,0
DA:186,0
DA:187,0
DA:194,0
DA:197,0
DA:199,0
DA:200,0
DA:201,0
DA:202,0
DA:206,0
DA:207,0
DA:208,0
DA:212,0
DA:213,0
DA:216,0
DA:217,0
DA:218,0
DA:220,0
DA:221,0
DA:223,0
DA:224,0
DA:226,0
DA:227,0
DA:228,0
DA:229,0
DA:231,0
DA:232,0
DA:233,0
DA:239,0
DA:245,0
DA:248,0
DA:250,0
DA:251,0
DA:252,0
DA:253,0
DA:254,0
DA:255,0
DA:261,0
DA:262,0
DA:263,0
DA:268,0
DA:269,0
DA:272,0
DA:279,0
DA:283,0
DA:284,0
DA:287,0
DA:288,0
DA:289,0
DA:290,0
DA:291,0
DA:293,0
DA:297,0
DA:298,0
DA:299,0
DA:300,0
DA:305,0
DA:307,0
DA:308,0
DA:310,0
DA:314,0
DA:315,0
DA:317,0
DA:321,0
DA:323,0
DA:325,0
DA:326,0
DA:331,0
DA:332,0
DA:333,0
DA:334,0
DA:335,0
DA:336,0
DA:337,0
DA:343,0
DA:344,0
DA:345,0
DA:346,0
DA:347,0
DA:348,0
DA:349,0
DA:351,0
DA:355,0
DA:356,0
DA:359,0
DA:360,0
DA:368,0
DA:369,0
DA:371,0
DA:372,0
DA:375,0
DA:379,0
DA:381,0
DA:384,0
DA:387,0
DA:389,0
DA:393,1
DA:395,4
DA:397,1
DA:398,2
DA:399,2
DA:401,2
DA:405,1
DA:407,3
DA:409,1
DA:410,1
DA:411,2
DA:412,1
DA:413,2
DA:414,2
DA:415,1
DA:416,1
DA:417,1
DA:418,2
DA:419,3
DA:420,3
DA:421,3
DA:422,2
DA:423,2
DA:424,2
DA:426,1
DA:427,3
DA:428,2
DA:429,3
DA:430,2
DA:432,2
DA:433,1
DA:434,1
DA:439,0
DA:442,0
DA:443,0
DA:444,0
DA:445,0
DA:452,0
DA:454,0
DA:456,0
DA:465,0
DA:467,0
DA:468,0
DA:469,0
DA:473,1
DA:474,1
DA:477,1
DA:479,2
DA:480,4
DA:507,23
DA:518,1
DA:519,1
DA:520,1
DA:523,1
DA:525,2
DA:527,4
DA:528,1
DA:529,1
DA:530,1
DA:531,2
DA:532,2
DA:535,3
DA:537,4
DA:538,1
DA:539,1
DA:540,1
DA:541,2
DA:542,2
DA:547,0
DA:565,1
DA:581,1
LF:204
LH:77
end_of_record
TN:
SF:lib/src/sources/base_data_source.dart
FNF:0
FNH:0
DA:83,1
DA:85,1
DA:87,1
DA:89,1
DA:91,1
DA:93,1
DA:98,1
DA:99,1
DA:100,1
DA:102,1
DA:104,1
DA:106,1
DA:108,1
LF:13
LH:13
end_of_record
TN:
SF:lib/src/sources/database_source.dart
FNF:0
FNH:0
DA:34,2
DA:42,6
DA:45,2
DA:46,1
DA:47,1
DA:48,1
DA:49,2
DA:50,1
DA:61,1
DA:77,1
DA:85,2
DA:86,1
DA:87,1
DA:88,1
DA:89,1
DA:90,1
DA:105,2
DA:116,2
DA:117,4
DA:121,6
DA:124,2
DA:125,1
DA:126,1
DA:127,1
DA:128,1
DA:129,1
DA:130,2
DA:131,2
DA:154,2
DA:157,1
DA:158,3
DA:159,0
DA:160,0
DA:163,1
DA:164,2
DA:165,2
DA:166,2
DA:167,2
DA:168,2
DA:169,2
DA:171,3
DA:172,0
DA:173,0
DA:178,1
DA:179,5
DA:183,0
DA:184,0
DA:187,0
DA:188,0
DA:189,0
DA:194,0
DA:195,0
DA:196,0
DA:197,0
DA:202,0
DA:203,0
DA:206,0
DA:207,0
DA:210,0
DA:211,0
DA:212,0
DA:213,0
DA:215,0
DA:220,0
DA:221,0
DA:226,0
DA:227,0
DA:228,0
DA:233,1
DA:234,1
DA:236,0
DA:237,0
DA:238,0
DA:239,0
DA:240,0
DA:241,0
DA:244,0
DA:248,2
DA:249,2
DA:250,2
DA:254,0
DA:257,0
DA:261,1
DA:262,2
DA:263,1
DA:264,0
DA:265,0
DA:267,1
DA:269,1
DA:270,2
DA:271,2
DA:272,5
DA:274,2
DA:275,0
DA:276,0
DA:277,4
DA:303,2
DA:312,0
DA:315,6
DA:319,1
DA:320,1
DA:321,2
DA:322,3
DA:327,2
DA:331,0
DA:332,0
DA:334,0
DA:335,0
DA:337,1
DA:338,1
DA:340,1
DA:341,1
DA:342,1
DA:343,1
DA:344,1
DA:346,1
DA:347,1
DA:348,1
DA:354,1
DA:358,2
DA:361,1
DA:363,1
DA:364,1
DA:365,1
DA:366,2
DA:367,2
DA:368,2
DA:369,2
DA:370,1
DA:373,2
DA:374,1
DA:375,1
DA:379,0
DA:380,0
DA:381,0
DA:382,0
DA:383,0
DA:384,0
DA:385,0
DA:386,0
DA:387,0
DA:388,0
DA:389,0
DA:390,0
DA:394,1
DA:396,1
DA:399,0
DA:400,0
DA:403,0
DA:408,1
DA:410,1
DA:412,0
DA:420,1
DA:423,2
DA:426,1
DA:428,1
DA:431,1
DA:434,2
DA:438,0
DA:439,0
DA:443,0
DA:446,0
DA:448,0
DA:449,0
DA:451,0
DA:457,0
DA:459,0
DA:461,0
DA:462,0
DA:463,0
DA:464,0
DA:466,0
DA:470,0
DA:471,0
DA:474,0
DA:475,0
DA:480,0
DA:481,0
DA:482,0
DA:483,0
DA:484,0
DA:486,0
DA:488,0
DA:489,0
DA:490,0
DA:491,0
DA:492,0
DA:493,0
DA:494,0
DA:495,0
DA:498,0
DA:499,0
DA:500,0
DA:501,0
DA:502,0
DA:503,0
DA:504,0
DA:505,0
DA:508,0
DA:509,0
DA:510,0
DA:513,0
DA:518,0
DA:519,0
DA:532,0
DA:535,0
DA:538,0
DA:544,0
DA:545,0
DA:548,0
DA:549,0
DA:550,0
DA:552,0
DA:553,0
DA:555,0
DA:556,0
DA:558,0
DA:559,0
DA:563,0
DA:568,0
DA:569,0
DA:582,0
DA:585,0
DA:588,0
DA:594,0
DA:595,0
DA:608,0
DA:611,0
DA:614,0
DA:620,0
DA:621,0
DA:634,0
DA:637,0
DA:640,0
DA:646,0
DA:647,0
DA:650,0
DA:651,0
DA:652,0
DA:655,1
DA:663,1
DA:664,1
DA:667,0
DA:671,0
DA:677,0
DA:678,0
DA:681,0
DA:685,0
DA:686,0
DA:687,0
DA:688,0
DA:689,0
DA:690,0
DA:691,0
DA:693,0
DA:694,0
DA:700,0
DA:701,0
DA:705,0
DA:708,0
DA:709,0
DA:710,0
DA:711,0
DA:716,0
DA:726,0
DA:727,0
DA:730,0
DA:738,0
DA:744,0
DA:747,0
DA:748,0
DA:749,0
DA:750,0
DA:753,0
DA:754,0
DA:758,0
DA:760,0
DA:761,0
DA:762,0
DA:763,0
DA:767,0
DA:770,0
DA:771,0
DA:772,0
DA:776,0
DA:777,0
DA:784,0
DA:786,0
DA:790,0
DA:791,0
DA:792,0
DA:793,0
DA:794,0
DA:800,0
DA:806,0
DA:808,0
DA:810,0
DA:812,0
DA:813,0
DA:814,0
DA:815,0
DA:817,0
DA:819,0
DA:820,0
DA:831,0
DA:832,0
DA:846,0
DA:847,0
DA:850,0
DA:851,0
DA:852,0
DA:854,0
DA:855,0
DA:856,0
DA:857,0
DA:859,0
DA:860,0
DA:862,0
DA:863,0
DA:864,0
DA:865,0
DA:867,0
DA:868,0
DA:870,0
DA:871,0
DA:872,0
DA:873,0
DA:875,0
DA:876,0
DA:878,0
DA:879,0
DA:880,0
DA:881,0
DA:884,0
DA:887,0
DA:892,0
DA:893,0
DA:895,0
DA:896,0
DA:897,0
DA:901,0
DA:905,0
DA:914,0
DA:915,0
DA:916,0
DA:917,0
DA:918,0
DA:919,0
DA:923,0
DA:924,0
DA:925,0
DA:926,0
DA:930,0
DA:931,0
DA:932,0
DA:933,0
DA:937,0
DA:938,0
DA:945,0
DA:951,0
DA:954,0
DA:955,0
DA:956,0
DA:963,0
DA:964,0
DA:971,0
DA:972,0
DA:979,0
DA:980,0
DA:988,0
DA:991,0
DA:996,0
DA:1004,0
DA:1006,0
DA:1007,0
DA:1008,0
DA:1012,0
DA:1013,0
DA:1014,0
DA:1017,0
DA:1018,0
DA:1019,0
DA:1023,0
DA:1026,0
DA:1027,0
DA:1031,0
DA:1032,0
DA:1035,0
DA:1037,0
DA:1041,0
DA:1049,0
DA:1052,0
DA:1053,0
DA:1054,0
DA:1055,0
DA:1059,0
DA:1060,0
DA:1061,0
DA:1062,0
DA:1065,0
DA:1066,0
DA:1067,0
DA:1068,0
DA:1072,0
DA:1075,0
DA:1076,0
DA:1077,0
DA:1081,0
DA:1082,0
DA:1083,0
DA:1086,0
DA:1088,0
DA:1092,0
DA:1100,0
DA:1102,0
DA:1103,0
DA:1104,0
DA:1108,0
DA:1109,0
DA:1110,0
DA:1113,0
DA:1114,0
DA:1115,0
DA:1119,0
DA:1122,0
DA:1123,0
DA:1127,0
DA:1128,0
DA:1131,0
DA:1133,0
DA:1137,0
DA:1144,0
DA:1145,0
DA:1147,0
DA:1148,0
DA:1152,0
DA:1153,0
DA:1156,0
DA:1157,0
DA:1161,0
DA:1165,0
DA:1166,0
DA:1167,0
DA:1168,0
DA:1173,0
DA:1174,0
DA:1177,0
DA:1178,0
DA:1182,0
DA:1183,0
DA:1187,0
DA:1188,0
DA:1189,0
DA:1193,0
DA:1196,0
DA:1197,0
DA:1198,0
DA:1200,0
DA:1201,0
DA:1203,0
DA:1204,0
DA:1206,0
DA:1207,0
DA:1210,0
DA:1213,0
DA:1216,0
DA:1222,0
DA:1223,0
DA:1225,0
DA:1226,0
DA:1228,0
DA:1229,0
DA:1230,0
DA:1231,0
DA:1232,0
DA:1233,0
DA:1234,0
DA:1235,0
DA:1241,0
DA:1245,0
DA:1249,0
DA:1250,0
DA:1261,0
DA:1262,0
DA:1263,0
DA:1264,0
DA:1265,0
DA:1266,0
DA:1267,0
DA:1268,0
DA:1275,0
DA:1279,0
DA:1280,0
DA:1291,0
DA:1292,0
DA:1293,0
DA:1294,0
DA:1295,0
DA:1296,0
DA:1297,0
DA:1298,0
DA:1305,0
DA:1306,0
DA:1308,0
DA:1309,0
DA:1310,0
DA:1311,0
DA:1312,0
DA:1313,0
DA:1314,0
DA:1315,0
DA:1316,0
DA:1319,0
DA:1324,0
DA:1325,0
DA:1326,0
DA:1327,0
DA:1328,0
DA:1329,0
DA:1330,0
DA:1332,0
DA:1334,0
DA:1335,0
DA:1336,0
DA:1341,0
DA:1342,0
DA:1343,0
DA:1344,0
DA:1345,0
DA:1346,0
DA:1347,0
DA:1349,0
DA:1351,0
DA:1352,0
DA:1353,0
DA:1358,0
DA:1359,0
DA:1360,0
DA:1361,0
DA:1362,0
DA:1363,0
DA:1364,0
DA:1366,0
DA:1368,0
DA:1369,0
DA:1370,0
DA:1375,0
DA:1376,0
DA:1377,0
DA:1378,0
DA:1379,0
DA:1380,0
DA:1381,0
DA:1383,0
DA:1385,0
DA:1386,0
DA:1387,0
DA:1392,0
DA:1396,0
DA:1397,0
DA:1401,0
DA:1404,0
DA:1405,0
DA:1406,0
DA:1407,0
DA:1408,0
DA:1409,0
DA:1410,0
DA:1411,0
DA:1412,0
DA:1414,0
DA:1417,0
DA:1420,0
DA:1426,0
DA:1431,0
DA:1436,0
DA:1441,0
DA:1442,0
DA:1446,0
DA:1451,0
DA:1453,0
DA:1454,0
DA:1455,0
DA:1456,0
DA:1459,0
DA:1463,0
DA:1470,0
DA:1471,0
DA:1475,0
DA:1477,0
DA:1478,0
DA:1479,0
DA:1480,0
LF:593
LH:100
end_of_record
TN:
SF:lib/src/sources/document_source.dart
FNF:0
FNH:0
DA:35,1
DA:36,1
DA:39,1
DA:40,1
DA:72,1
DA:81,1
DA:82,1
DA:83,1
DA:84,2
DA:85,1
DA:86,1
DA:87,1
DA:96,1
DA:104,1
DA:105,1
DA:109,3
DA:112,1
DA:115,1
DA:116,4
DA:117,1
DA:121,0
DA:123,0
DA:124,0
DA:125,0
DA:127,0
DA:129,0
DA:130,0
DA:134,0
DA:135,0
DA:139,0
DA:140,0
DA:141,0
DA:142,0
DA:147,0
DA:148,0
DA:149,0
DA:150,0
DA:153,0
DA:156,0
DA:159,0
DA:169,1
DA:170,2
DA:172,1
DA:173,4
DA:174,1
DA:177,0
DA:180,0
DA:181,0
DA:182,0
DA:186,0
DA:189,0
DA:190,0
DA:191,0
DA:192,0
DA:199,0
DA:200,0
DA:201,0
DA:205,0
DA:209,0
DA:210,0
DA:213,0
DA:214,0
DA:215,0
DA:219,0
DA:220,0
DA:223,0
DA:225,0
DA:226,0
DA:230,0
DA:231,0
DA:236,0
DA:237,0
DA:241,0
DA:242,0
DA:243,0
DA:244,0
DA:245,0
DA:246,0
DA:247,0
DA:248,0
DA:249,0
DA:251,0
DA:254,0
DA:260,0
DA:261,0
DA:264,0
DA:266,0
DA:268,0
DA:273,0
DA:274,0
DA:277,0
DA:278,0
DA:280,0
DA:282,0
DA:288,0
DA:289,0
DA:292,0
DA:293,0
DA:295,0
DA:301,0
DA:304,0
DA:308,0
DA:311,0
DA:315,0
DA:320,0
DA:321,0
DA:323,0
DA:325,0
DA:329,0
DA:330,0
DA:331,0
DA:332,0
DA:334,0
DA:336,0
DA:337,0
DA:345,0
DA:352,0
DA:353,0
DA:356,0
DA:359,0
DA:364,0
DA:365,0
DA:366,0
DA:369,0
DA:370,0
DA:374,0
DA:376,0
DA:377,0
DA:380,0
DA:382,0
DA:385,0
DA:391,0
DA:392,0
DA:393,0
DA:395,0
DA:398,0
DA:399,0
DA:400,0
DA:404,0
DA:405,0
DA:409,0
DA:411,0
DA:414,0
DA:417,0
DA:418,0
DA:419,0
DA:420,0
DA:425,0
DA:427,0
DA:431,1
DA:433,4
DA:435,1
DA:436,2
DA:438,2
DA:442,0
DA:444,0
DA:448,0
DA:450,0
DA:451,0
DA:452,0
DA:453,0
DA:457,0
DA:461,0
DA:462,0
DA:463,0
DA:464,0
DA:467,0
DA:468,0
DA:469,0
DA:470,0
DA:471,0
DA:472,0
DA:478,0
DA:480,0
DA:486,0
DA:489,0
DA:490,0
DA:497,0
DA:499,0
DA:501,0
DA:510,0
DA:512,0
DA:513,0
DA:514,0
DA:518,0
DA:519,0
DA:522,0
DA:525,0
DA:526,0
LF:189
LH:30
end_of_record
TN:
SF:lib/src/sources/realtime_source.dart
FNF:0
FNH:0
DA:22,1
DA:33,2
DA:34,1
DA:35,1
DA:36,1
DA:37,2
DA:38,2
DA:39,1
DA:40,1
DA:41,2
DA:54,1
DA:63,2
DA:64,1
DA:65,1
DA:66,1
DA:67,2
DA:68,1
DA:69,1
DA:72,1
DA:73,1
DA:74,1
DA:75,1
DA:76,2
DA:77,2
DA:78,2
DA:79,1
DA:94,1
DA:96,2
DA:97,0
DA:98,2
DA:99,2
DA:100,2
DA:101,2
DA:110,1
DA:111,1
DA:113,0
DA:117,0
DA:118,0
DA:119,0
DA:122,0
DA:123,0
DA:135,1
DA:137,0
DA:139,0
DA:142,0
DA:143,0
DA:146,0
DA:147,0
DA:149,0
DA:150,0
DA:151,0
DA:153,0
DA:154,0
DA:157,0
DA:158,0
DA:159,0
DA:160,0
DA:162,0
DA:163,0
DA:164,0
DA:165,0
DA:166,0
DA:171,0
DA:172,0
DA:173,0
DA:175,0
DA:176,0
DA:177,0
DA:181,1
DA:183,1
DA:184,1
DA:185,1
DA:187,1
DA:188,0
DA:189,0
DA:192,1
DA:193,0
DA:194,0
DA:197,1
DA:198,2
DA:201,0
DA:205,0
DA:208,0
DA:210,0
DA:213,0
DA:215,0
DA:216,0
DA:219,0
DA:222,0
DA:225,0
DA:228,0
DA:230,0
DA:233,0
DA:234,0
DA:235,0
DA:236,0
DA:237,0
DA:238,0
DA:240,0
DA:244,0
DA:245,0
DA:247,0
DA:248,0
DA:249,0
DA:250,0
DA:252,0
DA:259,1
DA:260,1
DA:261,1
DA:264,0
DA:265,0
DA:267,0
DA:268,0
DA:269,0
DA:270,0
DA:272,0
DA:276,1
DA:277,1
DA:278,1
DA:290,0
DA:292,0
DA:294,0
DA:298,0
DA:302,0
DA:303,0
DA:304,0
DA:305,0
DA:307,0
DA:308,0
DA:309,0
DA:313,0
DA:315,0
DA:316,0
DA:317,0
DA:319,0
DA:320,0
DA:321,0
DA:324,0
DA:325,0
DA:328,0
DA:330,0
DA:331,0
DA:334,0
DA:335,0
DA:338,0
DA:340,0
DA:341,0
DA:344,0
DA:345,0
DA:346,0
DA:350,0
DA:352,0
DA:353,0
DA:356,0
DA:359,0
DA:361,0
DA:364,0
DA:365,0
DA:367,0
DA:368,0
DA:369,0
DA:374,0
DA:375,0
DA:376,0
DA:379,0
DA:380,0
DA:382,0
DA:383,0
DA:384,0
DA:385,0
DA:387,0
DA:391,0
DA:392,0
DA:393,0
DA:405,0
DA:407,0
DA:409,0
DA:413,0
DA:417,0
DA:418,0
DA:419,0
DA:420,0
DA:422,0
DA:423,0
DA:424,0
DA:428,0
DA:430,0
DA:431,0
DA:432,0
DA:434,0
DA:435,0
DA:436,0
DA:439,0
DA:440,0
DA:443,0
DA:445,0
DA:446,0
DA:449,0
DA:450,0
DA:451,0
DA:455,0
DA:457,0
DA:458,0
DA:461,0
DA:462,0
DA:463,0
DA:467,0
DA:469,0
DA:470,0
DA:473,0
DA:474,0
DA:478,0
DA:480,0
DA:483,0
DA:484,0
DA:486,0
DA:487,0
DA:488,0
DA:493,0
DA:494,0
DA:495,0
DA:498,0
DA:499,0
DA:501,0
DA:502,0
DA:503,0
DA:504,0
DA:506,0
DA:510,0
DA:511,0
DA:512,0
DA:540,1
DA:550,1
DA:551,2
DA:555,1
DA:556,3
DA:557,1
DA:558,2
DA:559,0
DA:560,0
DA:561,0
DA:562,0
DA:564,0
DA:565,0
DA:570,1
DA:571,1
DA:572,2
DA:573,2
DA:574,2
DA:575,3
DA:576,3
DA:577,2
DA:578,2
DA:579,3
DA:582,1
DA:583,1
DA:585,1
DA:586,1
DA:588,1
DA:589,1
DA:590,4
DA:591,1
DA:592,1
DA:593,1
DA:594,1
DA:595,1
DA:596,1
DA:597,1
DA:602,0
DA:603,0
DA:606,0
DA:607,0
DA:608,0
DA:610,0
DA:615,1
DA:623,1
DA:624,1
DA:628,0
DA:629,0
DA:630,0
DA:631,0
DA:633,0
DA:636,0
DA:638,0
DA:641,0
DA:642,0
DA:645,0
DA:646,0
DA:650,1
DA:652,1
DA:653,2
DA:654,2
DA:655,1
DA:656,2
DA:657,1
DA:658,2
DA:659,2
DA:660,1
DA:661,2
DA:662,2
DA:663,2
DA:664,2
DA:665,1
DA:666,2
DA:667,0
DA:672,0
DA:674,0
DA:675,0
DA:678,0
DA:680,0
DA:682,0
DA:690,0
DA:693,0
DA:696,1
DA:698,1
DA:701,1
DA:705,2
DA:709,0
DA:710,0
DA:711,0
DA:714,0
DA:715,0
DA:716,0
DA:719,0
DA:720,0
DA:723,0
DA:727,0
DA:728,0
DA:729,0
DA:732,0
DA:733,0
DA:734,0
DA:736,0
DA:740,0
DA:741,0
DA:742,0
DA:745,0
DA:746,0
DA:750,0
DA:753,0
DA:755,0
DA:756,0
DA:759,0
DA:762,0
DA:763,0
DA:767,0
DA:768,0
DA:770,0
DA:774,0
DA:775,0
DA:776,0
DA:777,0
DA:778,0
DA:779,0
DA:780,0
DA:781,0
DA:782,0
DA:783,0
DA:785,0
DA:786,0
DA:787,0
DA:790,0
DA:795,0
DA:796,0
DA:798,0
DA:799,0
DA:800,0
DA:802,0
DA:806,0
DA:807,0
DA:808,0
DA:809,0
DA:810,0
DA:811,0
DA:812,0
DA:813,0
DA:814,0
DA:819,0
DA:820,0
DA:821,0
DA:824,0
DA:825,0
DA:830,0
DA:831,0
DA:832,0
DA:833,0
DA:836,1
DA:838,1
DA:839,1
DA:841,2
DA:842,2
DA:844,2
LF:392
LH:109
end_of_record
